Log file open, 03/21/20 22:57:04
LogWindows: Failed to load 'aqProf.dll' (GetLastError=126)
LogWindows: File 'aqProf.dll' does not exist
LogWindows: Failed to load 'VtuneApi.dll' (GetLastError=126)
LogWindows: File 'VtuneApi.dll' does not exist
LogWindows: Failed to load 'VtuneApi32e.dll' (GetLastError=126)
LogWindows: File 'VtuneApi32e.dll' does not exist
LogInit: Display: Running engine for game: CPPtut
LogPlatformFile: Not using cached read wrapper
LogInit: Display: RandInit(377954603) SRandInit(377954603).
LogTaskGraph: Started task graph with 5 named threads and 14 total threads with 3 sets of task threads.
LogStats: Stats thread started at 0.181303
LogD3D11RHI: Aftermath initialized
LogPluginManager: Mounting plugin Paper2D
LogPluginManager: Mounting plugin LightPropagationVolume
LogPluginManager: Mounting plugin CodeLiteSourceCodeAccess
LogPluginManager: Mounting plugin GitSourceControl
LogPluginManager: Mounting plugin KDevelopSourceCodeAccess
LogPluginManager: Mounting plugin NullSourceCodeAccess
LogPluginManager: Mounting plugin PerforceSourceControl
LogPluginManager: Mounting plugin SubversionSourceControl
LogPluginManager: Mounting plugin UObjectPlugin
LogPluginManager: Mounting plugin VisualStudioSourceCodeAccess
LogPluginManager: Mounting plugin XCodeSourceCodeAccess
LogPluginManager: Mounting plugin AssetManagerEditor
LogPluginManager: Mounting plugin AudioCapture
LogPluginManager: Mounting plugin FacialAnimation
LogPluginManager: Mounting plugin GameplayTagsEditor
LogPluginManager: Mounting plugin MobileLauncherProfileWizard
LogPluginManager: Mounting plugin PluginBrowser
LogPluginManager: Mounting plugin SpeedTreeImporter
LogPluginManager: Mounting plugin AlembicImporter
LogPluginManager: Mounting plugin CharacterAI
LogPluginManager: Mounting plugin HTML5Networking
LogPluginManager: Mounting plugin AndroidMedia
LogPluginManager: Mounting plugin AvfMedia
LogPluginManager: Mounting plugin MediaPlayerEditor
LogPluginManager: Mounting plugin WmfMedia
LogPluginManager: Mounting plugin TcpMessaging
LogPluginManager: Mounting plugin UdpMessaging
LogPluginManager: Mounting plugin LevelSequenceEditor
LogPluginManager: Mounting plugin MatineeToLevelSequence
LogPluginManager: Mounting plugin OnlineSubsystemGooglePlay
LogPluginManager: Mounting plugin OnlineSubsystemIOS
LogPluginManager: Mounting plugin OnlineSubsystem
LogPluginManager: Mounting plugin OnlineSubsystemNull
LogPluginManager: Mounting plugin OnlineSubsystemUtils
LogPluginManager: Mounting plugin AndroidDeviceProfileSelector
LogPluginManager: Mounting plugin AndroidMoviePlayer
LogPluginManager: Mounting plugin AndroidPermission
LogPluginManager: Mounting plugin AppleMoviePlayer
LogPluginManager: Mounting plugin ArchVisCharacter
LogPluginManager: Mounting plugin CableComponent
LogPluginManager: Mounting plugin CustomMeshComponent
LogPluginManager: Mounting plugin ExampleDeviceProfileSelector
LogPluginManager: Mounting plugin GoogleCloudMessaging
LogPluginManager: Mounting plugin ImmediatePhysics
LogPluginManager: Mounting plugin IOSDeviceProfileSelector
LogPluginManager: Mounting plugin LinuxDeviceProfileSelector
LogPluginManager: Mounting plugin LocationServicesBPLibrary
LogPluginManager: Mounting plugin MobilePatchingUtils
LogPluginManager: Mounting plugin OculusVR
LogPluginManager: Mounting plugin PhysXVehicles
LogPluginManager: Mounting plugin ProceduralMeshComponent
LogPluginManager: Mounting plugin RuntimePhysXCooking
LogPluginManager: Mounting plugin SteamVR
LogPluginManager: Mounting plugin WindowsMoviePlayer
LogInit: Using libcurl 7.47.1
LogInit:  - built for x86_64-pc-win32
LogInit:  - supports SSL with OpenSSL/1.0.2g
LogInit:  - supports HTTP deflate (compression) using libz 1.2.8
LogInit:  - other features:
LogInit:      CURL_VERSION_SSL
LogInit:      CURL_VERSION_LIBZ
LogInit:      CURL_VERSION_IPV6
LogInit:      CURL_VERSION_ASYNCHDNS
LogInit:      CURL_VERSION_LARGEFILE
LogInit:      CURL_VERSION_IDN
LogInit:  CurlRequestOptions (configurable via config and command line):
LogInit:  - bVerifyPeer = false  - Libcurl will NOT verify peer certificate
LogInit:  - bUseHttpProxy = false  - Libcurl will NOT use HTTP proxy
LogInit:  - bDontReuseConnections = false  - Libcurl will reuse connections
LogInit:  - CertBundlePath = nullptr  - Libcurl will use whatever was configured at build time.
LogInit: Build: ++UE4+Release-4.17-CL-3658906
LogInit: Engine Version: 4.17.2-3658906+++UE4+Release-4.17
LogInit: Compatible Engine Version: 4.17.0-3573198+++UE4+Release-4.17
LogInit: Net CL: 3573198
LogDevObjectVersion: Number of dev versions registered: 16
LogDevObjectVersion:   Dev-Blueprints (B0D832E4-1F89-4F0D-ACCF-7EB736FD4AA2): 10
LogDevObjectVersion:   Dev-Build (E1C64328-A22C-4D53-A36C-8E866417BD8C): 0
LogDevObjectVersion:   Dev-Core (375EC13C-06E4-48FB-B500-84F0262A717E): 2
LogDevObjectVersion:   Dev-Editor (E4B068ED-F494-42E9-A231-DA0B2E46BB41): 20
LogDevObjectVersion:   Dev-Framework (CFFC743F-43B0-4480-9391-14DF171D2073): 28
LogDevObjectVersion:   Dev-Mobile (B02B49B5-BB20-44E9-A304-32B752E40360): 0
LogDevObjectVersion:   Dev-Networking (A4E4105C-59A1-49B5-A7C5-40C4547EDFEE): 0
LogDevObjectVersion:   Dev-Online (39C831C9-5AE6-47DC-9A44-9C173E1C8E7C): 0
LogDevObjectVersion:   Dev-Physics (78F01B33-EBEA-4F98-B9B4-84EACCB95AA2): 0
LogDevObjectVersion:   Dev-Platform (6631380F-2D4D-43E0-8009-CF276956A95A): 0
LogDevObjectVersion:   Dev-Rendering (12F88B9F-8875-4AFC-A67C-D90C383ABD29): 19
LogDevObjectVersion:   Dev-Sequencer (7B5AE74C-D270-4C10-A958-57980B212A5A): 4
LogDevObjectVersion:   Dev-VR (D7296918-1DD6-4BDD-9DE2-64A83CC13884): 0
LogDevObjectVersion:   Dev-LoadTimes (C2A15278-BFE7-4AFE-6C17-90FF531DF755): 1
LogDevObjectVersion:   Private-Geometry (6EACA3D4-40EC-4CC1-B786-8BED09428FC5): 1
LogDevObjectVersion:   Dev-AnimPhys (29E575DD-E0A3-4627-9D10-D276232CDCEA): 7
LogInit: Compiled (64-bit): Sep 22 2017 13:47:16
LogInit: Compiled with Visual C++: 19.00.24215.01
LogInit: Build Configuration: Development
LogInit: Branch Name: ++UE4+Release-4.17
LogInit: Command line:  -skipcompile
LogInit: Base directory: G:/GameDev/UE_4.17/Engine/Binaries/Win64/
LogInit: Installed Engine Build: 1
LogInit: Presizing for max 8388607 objects, including 0 objects not considered by GC, pre-allocating 0 bytes for permanent pool.
LogInit: Object subsystem initialized
[2020.03.21-14.57.05:893][  0]LogInit: Selected Device Profile: [Windows]
[2020.03.21-14.57.05:893][  0]LogInit: Applying CVar settings loaded from the selected device profile: [Windows]
[2020.03.21-14.57.05:900][  0]LogInit: Computer: tzwang-PC0
[2020.03.21-14.57.05:900][  0]LogInit: User: tzwang
[2020.03.21-14.57.05:900][  0]LogInit: CPU Page size=4096, Cores=4
[2020.03.21-14.57.05:900][  0]LogInit: High frequency timer resolution =3.515624 MHz
[2020.03.21-14.57.05:901][  0]LogMemory: Memory total: Physical=47.9GB (48GB approx)
[2020.03.21-14.57.05:901][  0]LogMemory: Platform Memory Stats for Windows
[2020.03.21-14.57.05:901][  0]LogMemory: Process Physical Memory: 279.11 MB used, 279.11 MB peak
[2020.03.21-14.57.05:901][  0]LogMemory: Process Virtual Memory: 282.43 MB used, 282.43 MB peak
[2020.03.21-14.57.05:901][  0]LogMemory: Physical Memory: 32669.82 MB used,  16410.06 MB free, 49079.88 MB total
[2020.03.21-14.57.05:901][  0]LogMemory: Virtual Memory: 4807.81 MB used,  16410.06 MB free, 134217728.00 MB total
[2020.03.21-14.57.06:224][  0]LogInit: Overriding language with editor language configuration option (en).
[2020.03.21-14.57.06:224][  0]LogInit: Overriding locale with editor locale configuration option (en).
[2020.03.21-14.57.06:938][  0]LogD3D11RHI: D3D11 adapters:
[2020.03.21-14.57.07:270][  0]LogD3D11RHI:    0. 'NVIDIA GeForce GTX 1050 Ti' (Feature Level 11_0)
[2020.03.21-14.57.07:270][  0]LogD3D11RHI:       4018/0/24539 MB DedicatedVideo/DedicatedSystem/SharedSystem, Outputs:2, VendorId:0x10de
[2020.03.21-14.57.07:327][  0]LogD3D11RHI:    1. 'Microsoft Basic Render Driver' (Feature Level 11_0)
[2020.03.21-14.57.07:327][  0]LogD3D11RHI:       0/0/24539 MB DedicatedVideo/DedicatedSystem/SharedSystem, Outputs:0, VendorId:0x1414
[2020.03.21-14.57.07:328][  0]LogD3D11RHI:    2. 'Microsoft Basic Render Driver' (Feature Level 11_0)
[2020.03.21-14.57.07:328][  0]LogD3D11RHI:       0/0/24539 MB DedicatedVideo/DedicatedSystem/SharedSystem, Outputs:0, VendorId:0x1414
[2020.03.21-14.57.07:328][  0]LogD3D11RHI: Chosen D3D11 Adapter: 0
[2020.03.21-14.57.07:337][  0]LogD3D11RHI: Creating new Direct3DDevice
[2020.03.21-14.57.07:337][  0]LogD3D11RHI:     GPU DeviceId: 0x1c82 (for the marketing name, search the web for "GPU Device Id")
[2020.03.21-14.57.07:337][  0]LogWindows: EnumDisplayDevices:
[2020.03.21-14.57.07:337][  0]LogWindows:    0. 'NVIDIA GeForce GTX 1050 Ti' (P:1 D:1)
[2020.03.21-14.57.07:338][  0]LogWindows:    1. 'NVIDIA GeForce GTX 1050 Ti' (P:0 D:1)
[2020.03.21-14.57.07:338][  0]LogWindows:    2. 'NVIDIA GeForce GTX 1050 Ti' (P:0 D:0)
[2020.03.21-14.57.07:338][  0]LogWindows:    3. 'NVIDIA GeForce GTX 1050 Ti' (P:0 D:0)
[2020.03.21-14.57.07:338][  0]LogWindows:    4. 'Citrix Indirect Display Adapter' (P:0 D:0)
[2020.03.21-14.57.07:339][  0]LogWindows:    5. 'Citrix Indirect Display Adapter' (P:0 D:0)
[2020.03.21-14.57.07:339][  0]LogWindows:    6. 'Citrix Indirect Display Adapter' (P:0 D:0)
[2020.03.21-14.57.07:340][  0]LogWindows:    7. 'Citrix Indirect Display Adapter' (P:0 D:0)
[2020.03.21-14.57.07:340][  0]LogWindows:    8. 'Citrix Indirect Display Adapter' (P:0 D:0)
[2020.03.21-14.57.07:340][  0]LogWindows:    9. 'Citrix Indirect Display Adapter' (P:0 D:0)
[2020.03.21-14.57.07:340][  0]LogWindows:    10. 'Citrix Indirect Display Adapter' (P:0 D:0)
[2020.03.21-14.57.07:340][  0]LogWindows:    11. 'Citrix Indirect Display Adapter' (P:0 D:0)
[2020.03.21-14.57.07:341][  0]LogWindows: DebugString: GetVideoDriverDetailsInvalid PrimaryIsNotTheChoosenAdapter GetVideoDriverDetailsInvalid PrimaryIsNotTheChoosenAdapter GetVideoDriverDetailsInvalid PrimaryIsNotTheChoosenAdapter GetVideoDriverDetailsInvalid PrimaryIsNotTheChoosenAdapter GetVideoDriverDetailsInvalid PrimaryIsNotTheChoosenAdapter GetVideoDriverDetailsInvalid PrimaryIsNotTheChoosenAdapter GetVideoDriverDetailsInvalid PrimaryIsNotTheChoosenAdapter GetVideoDriverDetailsInvalid PrimaryIsNotTheChoosenAdapter GetVideoDriverDetailsInvalid PrimaryIsNotTheChoosenAdapter GetVideoDriverDetailsInvalid PrimaryIsNotTheChoosenAdapter GetVideoDriverDetailsInvalid PrimaryIsNotTheChoosenAdapter GetVideoDriverDetailsInvalid PrimaryIsNotTheChoosenAdapter FoundDriverCount:0 
[2020.03.21-14.57.07:341][  0]LogD3D11RHI:     Adapter Name: NVIDIA GeForce GTX 1050 Ti
[2020.03.21-14.57.07:341][  0]LogD3D11RHI:   Driver Version: Unknown (internal:Unknown, unified:Unknown)
[2020.03.21-14.57.07:341][  0]LogD3D11RHI:      Driver Date: Unknown
[2020.03.21-14.57.07:341][  0]LogRHI: Texture pool is 1361 MB (70% of 1945 MB)
[2020.03.21-14.57.07:372][  0]LogD3D11RHI: Async texture creation enabled
[2020.03.21-14.57.07:391][  0]LogD3D11RHI: GPU Timing Frequency: 1000.000000 (Debug: 2 2)
[2020.03.21-14.57.07:493][  0]LogShaderCompilers: Guid format shader working directory is 24 characters bigger than the processId version (A:/UE417Project/CPPtut/Intermediate/Shaders/WorkingDirectory/22512/).
[2020.03.21-14.57.07:493][  0]LogShaderCompilers: Cleaned the shader compiler working directory 'C:/Users/tzwang/AppData/Local/Temp/UnrealShaderWorkingDir/15AC52E04578F527E5D8508FE065ECA3/'.
[2020.03.21-14.57.07:493][  0]LogShaderCompilers: Display: Using Local Shader Compiler.
[2020.03.21-14.57.08:480][  0]LogTemp: Display: Loaded TP AllDesktopTargetPlatform
[2020.03.21-14.57.08:525][  0]LogTemp: Display: Loaded TP MacClientTargetPlatform
[2020.03.21-14.57.08:568][  0]LogTemp: Display: Loaded TP MacNoEditorTargetPlatform
[2020.03.21-14.57.08:613][  0]LogTemp: Display: Loaded TP MacServerTargetPlatform
[2020.03.21-14.57.08:657][  0]LogTemp: Display: Loaded TP MacTargetPlatform
[2020.03.21-14.57.08:712][  0]LogTemp: Display: Loaded TP WindowsClientTargetPlatform
[2020.03.21-14.57.08:760][  0]LogTemp: Display: Loaded TP WindowsNoEditorTargetPlatform
[2020.03.21-14.57.08:828][  0]LogTemp: Display: Loaded TP WindowsServerTargetPlatform
[2020.03.21-14.57.08:876][  0]LogTemp: Display: Loaded TP WindowsTargetPlatform
[2020.03.21-14.57.08:930][  0]LogTemp: Display: Loaded TP AndroidTargetPlatform
[2020.03.21-14.57.08:977][  0]LogTemp: Display: Loaded TP Android_ASTCTargetPlatform
[2020.03.21-14.57.09:024][  0]LogTemp: Display: Loaded TP Android_ATCTargetPlatform
[2020.03.21-14.57.09:075][  0]LogTemp: Display: Loaded TP Android_DXTTargetPlatform
[2020.03.21-14.57.09:118][  0]LogTemp: Display: Loaded TP Android_ETC1TargetPlatform
[2020.03.21-14.57.09:162][  0]LogTemp: Display: Loaded TP Android_ETC2TargetPlatform
[2020.03.21-14.57.09:258][  0]LogTemp: Display: Loaded TP Android_MultiTargetPlatform
[2020.03.21-14.57.09:258][  0]LogTemp: Display: Loaded TP Android_PVRTCTargetPlatform
[2020.03.21-14.57.09:299][  0]LogTemp: Display: Loaded TP HTML5TargetPlatform
[2020.03.21-14.57.09:395][  0]LogTemp: Display: Loaded TP IOSTargetPlatform
[2020.03.21-14.57.09:428][  0]LogTemp: Display: Loaded TP TVOSTargetPlatform
[2020.03.21-14.57.09:474][  0]LogTemp: Display: Loaded TP LinuxClientTargetPlatform
[2020.03.21-14.57.09:522][  0]LogTemp: Display: Loaded TP LinuxNoEditorTargetPlatform
[2020.03.21-14.57.09:570][  0]LogTemp: Display: Loaded TP LinuxServerTargetPlatform
[2020.03.21-14.57.09:620][  0]LogTemp: Display: Loaded TP LinuxTargetPlatform
[2020.03.21-14.57.09:620][  0]LogTargetPlatformManager: Display: Building Assets For Windows
[2020.03.21-14.57.10:223][  0]LogDerivedDataCache: Display: Max Cache Size: 512 MB
[2020.03.21-14.57.10:295][  0]LogDerivedDataCache: Loaded boot cache 0.07s 93MB C:/Users/tzwang/AppData/Local/UnrealEngine/4.17/DerivedDataCache/Boot.ddc.
[2020.03.21-14.57.10:296][  0]LogDerivedDataCache: Display: Loaded Boot cache: C:/Users/tzwang/AppData/Local/UnrealEngine/4.17/DerivedDataCache/Boot.ddc
[2020.03.21-14.57.10:296][  0]LogDerivedDataCache: FDerivedDataBackendGraph:  Pak pak cache file A:/UE417Project/CPPtut/DerivedDataCache/DDC.ddp not found, will not use a pak cache.
[2020.03.21-14.57.10:296][  0]LogDerivedDataCache: Unable to find inner node Pak for hierarchical cache Hierarchy.
[2020.03.21-14.57.10:296][  0]LogDerivedDataCache: FDerivedDataBackendGraph:  CompressedPak pak cache file A:/UE417Project/CPPtut/DerivedDataCache/Compressed.ddp not found, will not use a pak cache.
[2020.03.21-14.57.10:296][  0]LogDerivedDataCache: Unable to find inner node CompressedPak for hierarchical cache Hierarchy.
[2020.03.21-14.57.10:309][  0]LogDerivedDataCache: Display: Pak cache opened for reading ../../../Engine/DerivedDataCache/Compressed.ddp.
[2020.03.21-14.57.10:322][  0]LogDerivedDataCache: Using Local data cache path C:/Users/tzwang/AppData/Local/UnrealEngine/Common/DerivedDataCache: Writable
[2020.03.21-14.57.10:330][  0]LogMaterial: Verifying Global Shaders for PCD3D_SM5
[2020.03.21-14.57.10:330][  0]LogSlate: Using Freetype 2.6.0
[2020.03.21-14.57.10:331][  0]LogSlate: SlateFontCache - WITH_FREETYPE: 1, WITH_HARFBUZZ: 1
[2020.03.21-14.57.10:331][  0]LogSlate: SlateFontCache - WITH_FREETYPE: 1, WITH_HARFBUZZ: 1
[2020.03.21-14.57.10:562][  0]LogAssetRegistry: FAssetRegistry took 0.0255 seconds to start up
[2020.03.21-14.57.10:652][  0]LogInit: Selected Device Profile: [Windows]
[2020.03.21-14.57.10:793][  0]LogContentStreaming: Texture pool size is 0.00 MB
[2020.03.21-14.57.11:240][  0]LogSimplygon: Simplygon DLL not present - disabling.
[2020.03.21-14.57.11:288][  0]LogMeshReduction: Using SimplygonSwarm for distributed automatic mesh merging
[2020.03.21-14.57.11:288][  0]LogMeshReduction: Using QuadricMeshReduction for automatic static mesh reduction
[2020.03.21-14.57.11:288][  0]LogMeshReduction: No automatic skeletal mesh reduction module available
[2020.03.21-14.57.11:288][  0]LogMeshReduction: No automatic mesh merging module available
[2020.03.21-14.57.11:288][  0]LogMeshMerging: No automatic mesh merging module available
[2020.03.21-14.57.11:654][  0]LogNetVersion: CPPtut , NetCL: 3573198, EngineNetVer: 2, GameNetVer: 0 (Checksum: 254341351)
[2020.03.21-14.57.11:833][  0]LogPackageLocalizationCache: Processed 5 localized package path(s) for 1 prioritized culture(s) in 0.019645 seconds
[2020.03.21-14.57.11:838][  0]LogUObjectArray: 35825 objects as part of root set at end of initial load.
[2020.03.21-14.57.11:838][  0]LogUObjectAllocator: 7529104 out of 0 bytes used by permanent object pool.
[2020.03.21-14.57.11:838][  0]LogUObjectArray: CloseDisregardForGC: 0/0 objects in disregard for GC pool
[2020.03.21-14.57.11:891][  0]LogInit: WinSock: version 1.1 (2.2), MaxSocks=32767, MaxUdp=65467
[2020.03.21-14.57.14:426][  0]LogTcpMessaging: Initializing TcpMessaging bridge
[2020.03.21-14.57.14:464][  0]LogUdpMessaging: Initializing bridge on interface 0.0.0.0:0 to multicast group 230.0.0.1:6666.
[2020.03.21-14.57.15:130][  0]LogMaterial: Uniform references updated for custom material expression Custom.
[2020.03.21-14.57.15:514][  0]SourceControl: Source control is disabled
[2020.03.21-14.57.15:514][  0]SourceControl: Source control is disabled
[2020.03.21-14.57.15:587][  0]SourceControl: Source control is disabled
[2020.03.21-14.57.15:633][  0]SourceControl: Source control is disabled
[2020.03.21-14.57.16:242][  0]LogAndroidPermission: UAndroidPermissionCallbackProxy::GetInstance
[2020.03.21-14.57.16:475][  0]LogOcInput: OculusInput pre-init called
[2020.03.21-14.57.16:713][  0]LogEngine: Initializing Engine...
[2020.03.21-14.57.16:715][  0]LogHMD: Failed to initialize OpenVR with code 110
[2020.03.21-14.57.16:894][  0]LogStats: UGameplayTagsManager::ConstructGameplayTagTree: Construct from data asset -  0.000 s
[2020.03.21-14.57.16:894][  0]LogStats: UGameplayTagsManager::ConstructGameplayTagTree: GameplayTagTreeChangedEvent.Broadcast -  0.000 s
[2020.03.21-14.57.17:014][  0]LogAIModule: Creating AISystem for world Untitled
[2020.03.21-14.57.17:075][  0]LogInit: XAudio2 using '耳机 (AMOI F9 V5.0   Stereo)' : 2 channels at 44.1 kHz using 16 bits per sample (channel mask 0x3)
[2020.03.21-14.57.17:121][  0]LogInit: FAudioDevice initialized.
[2020.03.21-14.57.17:183][  0]LogDerivedDataCache: Saved boot cache 0.06s 93MB C:/Users/tzwang/AppData/Local/UnrealEngine/4.17/DerivedDataCache/Boot.ddc.
[2020.03.21-14.57.17:186][  0]LogInit: Texture streaming: Enabled
[2020.03.21-14.57.17:311][  0]LogEngineSessionManager: EngineSessionManager initialized
[2020.03.21-14.57.17:536][  0]LogInit: Transaction tracking system initialized
[2020.03.21-14.57.17:830][  0]BlueprintLog: New page: Editor Load
[2020.03.21-14.57.18:774][  0]LocalizationService: Localization service is disabled
[2020.03.21-14.57.19:439][  0]LogConsoleResponse: Display: 
[2020.03.21-14.57.19:592][  0]LogCook: Display: Max memory allowance for cook 16384mb min free memory 0mb
[2020.03.21-14.57.19:592][  0]LogCook: Display: Mobile HDR setting 1
[2020.03.21-14.57.19:592][  0]LogGameplayTags: Display: UGameplayTagsManager::DoneAddingNativeTags. DelegateIsBound: 0
[2020.03.21-14.57.19:735][  0]LogFileCache: Scanning file cache for directory 'A:/UE417Project/CPPtut/Content/' took 0.01s
[2020.03.21-14.57.20:611][  0]SourceControl: Source control is disabled
[2020.03.21-14.57.20:611][  0]Cmd: MAP LOAD FILE="A:/UE417Project/CPPtut/Content/Map_GameKP.umap" TEMPLATE=0 SHOWPROGRESS=1 FEATURELEVEL=3
[2020.03.21-14.57.20:612][  0]LightingResults: New page: Lighting Build
[2020.03.21-14.57.20:648][  0]MapCheck: New page: Map Check
[2020.03.21-14.57.20:648][  0]LightingResults: New page: Lighting Build
[2020.03.21-14.57.20:947][  0]LogAIModule: Creating AISystem for world Map_GameKP
[2020.03.21-14.57.20:952][  0]LogEditorServer: Finished looking for orphan Actors (0.000 secs)
[2020.03.21-14.57.20:961][  0]Cmd: MAP CHECKDEP NOCLEARLOG
[2020.03.21-14.57.21:000][  0]MapCheck: Map check complete: 0 Error(s), 0 Warning(s), took 38.047ms to complete.
[2020.03.21-14.57.21:000][  0]LogFileHelpers: Loading map 'Map_GameKP' took 0.388
[2020.03.21-14.57.21:205][  0]LogCollectionManager: Loaded 0 collections in 0.001165 seconds
[2020.03.21-14.57.21:283][  0]LogFileCache: Scanning file cache for directory 'A:/UE417Project/CPPtut/Saved/Collections/' took 0.01s
[2020.03.21-14.57.21:283][  0]LogFileCache: Scanning file cache for directory 'A:/UE417Project/CPPtut/Content/Developers/tzwang/Collections/' took 0.01s
[2020.03.21-14.57.21:283][  0]LogFileCache: Scanning file cache for directory 'A:/UE417Project/CPPtut/Content/Collections/' took 0.01s
[2020.03.21-14.57.21:283][  0]LogCollectionManager: Rebuilt the GUID cache for 0 collections in 0.000000 seconds
[2020.03.21-14.57.21:292][  0]LogContentBrowser: Native class hierarchy populated in 0.0092 seconds. Added 2387 classes and 504 folders.
[2020.03.21-14.57.21:348][  0]LogContentBrowser: Native class hierarchy updated for 'WidgetCarousel' in 0.0029 seconds. Added 0 classes and 0 folders.
[2020.03.21-14.57.21:387][  0]LogContentBrowser: Native class hierarchy updated for 'AddContentDialog' in 0.0032 seconds. Added 0 classes and 0 folders.
[2020.03.21-14.57.21:448][  0]LogContentBrowser: Native class hierarchy updated for 'SceneOutliner' in 0.0031 seconds. Added 1 classes and 2 folders.
[2020.03.21-14.57.21:477][  0]LogSlate: Took 0.000382 seconds to synchronously load lazily loaded font '../../../Engine/Content/Slate/Fonts/Roboto-Regular.ttf' (155K)
[2020.03.21-14.57.21:481][  0]LogSlate: Took 0.000202 seconds to synchronously load lazily loaded font '../../../Engine/Content/Slate/Fonts/Roboto-Bold.ttf' (160K)
[2020.03.21-14.57.21:484][  0]LogSlate: Took 0.000182 seconds to synchronously load lazily loaded font '../../../Engine/Content/Editor/Slate/Fonts/FontAwesome.ttf' (139K)
[2020.03.21-14.57.21:572][  0]LogRenderer: Reallocating scene render targets to support 1528x616 Format 10 NumSamples 1 (Frame:1).
[2020.03.21-14.57.21:623][  0]LogSlate: Took 0.000153 seconds to synchronously load lazily loaded font '../../../Engine/Content/Slate/Fonts/Roboto-Light.ttf' (159K)
[2020.03.21-14.57.21:772][  0]LogContentBrowser: Native class hierarchy updated for 'HierarchicalLODOutliner' in 0.0030 seconds. Added 1 classes and 2 folders.
[2020.03.21-14.57.21:772][  0]LogLoad: (Engine Initialization) Total time: 17.90 seconds
[2020.03.21-14.57.21:772][  0]LogLoad: (Engine Initialization) Total Blueprint compile time: 0.00 seconds
[2020.03.21-14.57.21:772][  0]LogExternalProfiler: Found external profiler: VSPerf
[2020.03.21-14.57.21:772][  0]LogExternalProfiler: Using external profiler: VSPerf
[2020.03.21-14.57.21:800][  0]LogContentStreaming: Texture pool size now 1000 MB
[2020.03.21-14.57.21:837][  1]LogAssetRegistry: Asset discovery search completed in 11.2982 seconds
[2020.03.21-14.57.21:839][  1]LogCollectionManager: Rebuilt the object cache for 0 collections in 0.000000 seconds (found 0 objects)
[2020.03.21-14.57.21:839][  1]LogCollectionManager: Fixed up redirectors for 0 collections in 0.000064 seconds (updated 0 objects)
[2020.03.21-14.57.26:395][520]LogSlate: Took 0.000149 seconds to synchronously load lazily loaded font '../../../Engine/Content/Slate/Fonts/Roboto-Light.ttf' (159K)
[2020.03.21-14.57.26:450][520]LogSlate: Took 0.000157 seconds to synchronously load lazily loaded font '../../../Engine/Content/Editor/Slate/Fonts/Roboto-BoldCondensed.ttf' (158K)
[2020.03.21-14.57.49:002][747]Running G:/GameDev/UE_4.17/Engine/Binaries/DotNET/UnrealBuildTool.exe CPPtut Win64 Development -editorrecompile "A:/UE417Project/CPPtut/CPPtut.uproject" -invalidatemakefilesonly
[2020.03.21-14.57.50:026][747]Invalidating makefiles only in this run.
[2020.03.21-14.57.50:136][747]LogSlate: Took 0.000213 seconds to synchronously load lazily loaded font '../../../Engine/Content/Slate/Fonts/Roboto-Regular.ttf' (155K)
[2020.03.21-14.57.50:340][747]Candidate modules for hot reload:
[2020.03.21-14.57.50:340][747]  CPPtut
[2020.03.21-14.57.50:341][747]Launching UnrealBuildTool... [G:/GameDev/UE_4.17/Engine/Binaries/DotNET/UnrealBuildTool.exe CPPtut -ModuleWithSuffix CPPtut 1712 Win64 Development -editorrecompile -canskiplink "A:/UE417Project/CPPtut/CPPtut.uproject" ]
[2020.03.21-14.58.06:278][747]CompilerResultsLog: New page: Compilation - Mar 22, 2020, 6:58:06 AM
[2020.03.21-14.58.06:278][747]CompilerResultsLog: Compiling game modules for hot reload
[2020.03.21-14.58.06:278][747]CompilerResultsLog: Parsing headers for CPPtutEditor
[2020.03.21-14.58.06:278][747]CompilerResultsLog:   Running UnrealHeaderTool "A:\UE417Project\CPPtut\CPPtut.uproject" "A:\UE417Project\CPPtut\Intermediate\Build\Win64\CPPtutEditor\Development\CPPtutEditor.uhtmanifest" -LogCmds="loginit warning, logexit warning, logdatabase error" -Unattended -WarningsAsErrors -installed
[2020.03.21-14.58.06:278][747]CompilerResultsLog: Reflection code generated for CPPtutEditor in 7.9503866 seconds
[2020.03.21-14.58.06:278][747]CompilerResultsLog: Performing 5 actions (4 in parallel)
[2020.03.21-14.58.06:278][747]CompilerResultsLog: Player_Character.cpp
[2020.03.21-14.58.06:278][747]CompilerResultsLog: CPPtut.init.gen.cpp
[2020.03.21-14.58.06:278][747]CompilerResultsLog: Player_Character.gen.cpp
[2020.03.21-14.58.06:278][747]CompilerResultsLog: [4/5] Link UE4Editor-CPPtut-1712.dll
[2020.03.21-14.58.06:278][747]CompilerResultsLog: [5/5] Link UE4Editor-CPPtut-1712.lib
[2020.03.21-14.58.06:278][747]CompilerResultsLog:   ???ڴ????? A:\UE417Project\CPPtut\Intermediate\Build\Win64\UE4Editor\Development\UE4Editor-CPPtut-1712.suppressed.lib ?Ͷ??? A:\UE417Project\CPPtut\Intermediate\Build\Win64\UE4Editor\Development\UE4Editor-CPPtut-1712.suppressed.exp
[2020.03.21-14.58.06:279][747]CompilerResultsLog:   ???ڴ????? A:\UE417Project\CPPtut\Intermediate\Build\Win64\UE4Editor\Development\UE4Editor-CPPtut-1712.lib ?Ͷ??? A:\UE417Project\CPPtut\Intermediate\Build\Win64\UE4Editor\Development\UE4Editor-CPPtut-1712.exp
[2020.03.21-14.58.06:279][747]CompilerResultsLog: Total build time: 15.64 seconds (Local executor: 3.23 seconds)
[2020.03.21-14.58.06:279][747]LogMainFrame: MainFrame: Module compiling took 15.951 seconds
[2020.03.21-14.58.06:337][747]LogClass: Could not find existing class Player_Character in package /Script/CPPtut for HotReload, assuming new class
[2020.03.21-14.58.06:343][747]LogContentBrowser: Native class hierarchy updated for 'CPPtut' in 0.0047 seconds. Added 2 classes and 4 folders.
[2020.03.21-14.58.06:345][747]Display: HotReload successful (4 functions remapped  0 scriptstructs remapped)
[2020.03.21-14.58.06:408][747]LogContentBrowser: Native class hierarchy populated in 0.0108 seconds. Added 2390 classes and 508 folders.
[2020.03.21-14.58.06:408][747]Display: HotReload took 16.3s.
[2020.03.21-14.58.06:411][747]Warning: HotReload operation took 16.3s.
[2020.03.21-14.58.06:582][747]LogVSAccessor: Warning: Couldn't goto line number '0' in 'A:/UE417Project/CPPtut/Source/CPPtut/Public/Characters/Player_Character.h'
[2020.03.21-14.58.06:665][747]LogVSAccessor: Warning: Couldn't goto line number '0' in 'A:/UE417Project/CPPtut/Source/CPPtut/Private/Characters/Player_Character.cpp'
[2020.03.21-14.58.06:731][748]LogHotReload: New module detected: UE4Editor-CPPtut-1712.dll
[2020.03.21-14.58.06:761][749]LogHotReload: Starting Hot-Reload from IDE
[2020.03.21-14.58.06:855][749]LogContentBrowser: Native class hierarchy updated for 'CPPtut' in 0.0030 seconds. Added 2 classes and 4 folders.
[2020.03.21-14.58.06:856][749]Display: HotReload successful (0 functions remapped  0 scriptstructs remapped)
[2020.03.21-14.58.06:868][749]LogContentBrowser: Native class hierarchy populated in 0.0098 seconds. Added 2390 classes and 508 folders.
[2020.03.21-14.58.06:880][749]Display: HotReload took  0.1s.
[2020.03.21-15.04.46:758][949]LogAudio: Warning: Current Audio Device with ID {0.0.0.00000000}.{c8eb188d-1263-45d2-924e-1bddd93449f6} was removed. Shutting down audio device.
[2020.03.22-04.29.44:784][144]LogHttp: Warning: 000001CE448F2200: request failed, libcurl error: 6 (Couldn't resolve host name)
[2020.03.22-04.29.44:784][144]LogHttp: Warning: 000001CE448F2200: libcurl info message cache 0 (Connection 2 seems to be dead!)
[2020.03.22-04.29.44:784][144]LogHttp: Warning: 000001CE448F2200: libcurl info message cache 1 (Closing connection 2)
[2020.03.22-04.29.44:784][144]LogHttp: Warning: 000001CE448F2200: libcurl info message cache 2 (Could not resolve host: datarouter.ol.epicgames.com)
[2020.03.22-04.29.44:784][144]LogHttp: Warning: 000001CE448F2200: libcurl info message cache 3 (Closing connection 3)
[2020.03.22-09.05.59:958][869]LogD3D11RHI: Timed out while waiting for GPU to catch up. (0.5 s)
[2020.03.22-09.12.47:728][ 92]LogD3D11RHI: Timed out while waiting for GPU to catch up. (0.5 s)
[2020.03.22-09.15.46:902][630]LogAudio: Warning: Current Audio Device with ID {0.0.0.00000000}.{c8eb188d-1263-45d2-924e-1bddd93449f6} was removed. Shutting down audio device.
[2020.03.22-09.54.04:044][521]LogAudio: Warning: Current Audio Device with ID {0.0.0.00000000}.{c8eb188d-1263-45d2-924e-1bddd93449f6} was removed. Shutting down audio device.
[2020.03.22-12.39.28:697][527]LogHotReload: New module detected: UE4Editor-CPPtut-4403.dll
[2020.03.22-12.39.29:372][530]LogHotReload: Starting Hot-Reload from IDE
[2020.03.22-12.39.29:481][530]LogClass: Could not find existing class Player_Character in package /Script/CPPtut for HotReload, assuming new class
[2020.03.22-12.39.29:486][530]LogHotReload: Re-instancing Player_Character after hot-reload.
[2020.03.22-12.39.29:537][530]LogContentBrowser: Native class hierarchy updated for 'CPPtut' in 0.0038 seconds. Added 2 classes and 4 folders.
[2020.03.22-12.39.29:539][530]Display: HotReload successful (4 functions remapped  0 scriptstructs remapped)
[2020.03.22-12.39.29:579][530]LogContentBrowser: Native class hierarchy populated in 0.0131 seconds. Added 2390 classes and 508 folders.
[2020.03.22-12.39.29:591][530]Display: HotReload took  0.2s.
[2020.03.22-12.43.32:697][260]LogAudio: Warning: Current Audio Device with ID {0.0.0.00000000}.{c8eb188d-1263-45d2-924e-1bddd93449f6} was removed. Shutting down audio device.
[2020.03.22-13.37.37:061][150]LogHotReload: New module detected: UE4Editor-CPPtut-190.dll
[2020.03.22-13.37.37:744][153]LogHotReload: Starting Hot-Reload from IDE
[2020.03.22-13.37.37:820][153]LogHotReload: Re-instancing Player_Character after hot-reload.
[2020.03.22-13.37.37:865][153]LogContentBrowser: Native class hierarchy updated for 'CPPtut' in 0.0032 seconds. Added 2 classes and 4 folders.
[2020.03.22-13.37.37:866][153]Display: HotReload successful (4 functions remapped  0 scriptstructs remapped)
[2020.03.22-13.37.37:896][153]LogContentBrowser: Native class hierarchy populated in 0.0104 seconds. Added 2390 classes and 508 folders.
[2020.03.22-13.37.37:908][153]Display: HotReload took  0.2s.
[2020.03.22-13.40.13:728][620]LogHotReload: New module detected: UE4Editor-CPPtut-234.dll
[2020.03.22-13.40.14:084][622]LogHotReload: Starting Hot-Reload from IDE
[2020.03.22-13.40.14:177][622]LogHotReload: Re-instancing Player_Character after hot-reload.
[2020.03.22-13.40.14:215][622]LogContentBrowser: Native class hierarchy updated for 'CPPtut' in 0.0037 seconds. Added 2 classes and 4 folders.
[2020.03.22-13.40.14:216][622]Display: HotReload successful (4 functions remapped  0 scriptstructs remapped)
[2020.03.22-13.40.14:249][622]LogContentBrowser: Native class hierarchy populated in 0.0115 seconds. Added 2390 classes and 508 folders.
[2020.03.22-13.40.14:261][622]Display: HotReload took  0.2s.
[2020.03.22-13.44.53:062][458]LogHotReload: New module detected: UE4Editor-CPPtut-2365.dll
[2020.03.22-13.44.53:748][461]LogHotReload: Starting Hot-Reload from IDE
[2020.03.22-13.44.53:832][461]LogClass: Could not find existing class Player_Character in package /Script/CPPtut for HotReload, assuming new class
[2020.03.22-13.44.53:836][461]LogHotReload: Re-instancing Player_Character after hot-reload.
[2020.03.22-13.44.53:869][461]LogContentBrowser: Native class hierarchy updated for 'CPPtut' in 0.0029 seconds. Added 2 classes and 4 folders.
[2020.03.22-13.44.53:871][461]Display: HotReload successful (4 functions remapped  0 scriptstructs remapped)
[2020.03.22-13.44.53:895][461]LogContentBrowser: Native class hierarchy populated in 0.0095 seconds. Added 2390 classes and 508 folders.
[2020.03.22-13.44.53:909][461]Display: HotReload took  0.2s.
[2020.03.22-13.55.49:065][426]LogHotReload: New module detected: UE4Editor-CPPtut-5374.dll
[2020.03.22-13.55.49:749][429]LogHotReload: Starting Hot-Reload from IDE
[2020.03.22-13.55.49:828][429]LogContentBrowser: Native class hierarchy updated for 'CPPtut' in 0.0041 seconds. Added 2 classes and 4 folders.
[2020.03.22-13.55.49:829][429]Display: HotReload successful (4 functions remapped  0 scriptstructs remapped)
[2020.03.22-13.55.49:856][429]LogContentBrowser: Native class hierarchy populated in 0.0092 seconds. Added 2390 classes and 508 folders.
[2020.03.22-13.55.49:868][429]Display: HotReload took  0.1s.
[2020.03.22-14.25.48:183][823]LogHotReload: New module detected: UE4Editor-CPPtut-9781.dll
[2020.03.22-14.25.49:237][827]LogHotReload: Starting Hot-Reload from IDE
[2020.03.22-14.25.49:327][827]LogContentBrowser: Native class hierarchy updated for 'CPPtut' in 0.0044 seconds. Added 2 classes and 4 folders.
[2020.03.22-14.25.49:328][827]Display: HotReload successful (4 functions remapped  0 scriptstructs remapped)
[2020.03.22-14.25.49:359][827]LogContentBrowser: Native class hierarchy populated in 0.0125 seconds. Added 2390 classes and 508 folders.
[2020.03.22-14.25.49:373][827]Display: HotReload took  0.1s.
[2020.03.22-14.52.33:819][848]LogWindowsTextInputMethodSystem: Display: IME system now activated using TSF (微软拼音).
[2020.03.22-14.52.34:037][849]Cmd: QUIT_EDITOR
[2020.03.22-14.52.34:065][849]LogExit: Preparing to exit.
[2020.03.22-14.52.35:484][849]LogExit: Editor shut down
[2020.03.22-14.52.35:512][849]LogExit: Transaction tracking system shut down
[2020.03.22-14.52.35:694][849]LogDirectoryWatcher: A directory notification for '../../../Engine/Content/' was aborted.
[2020.03.22-14.52.35:694][849]LogDirectoryWatcher: A directory notification for 'A:/UE417Project/CPPtut/Content/' was aborted.
[2020.03.22-14.52.35:694][849]LogDirectoryWatcher: A directory notification for '../../../Engine/Plugins/2D/Paper2D/Content/' was aborted.
[2020.03.22-14.52.35:694][849]LogDirectoryWatcher: A directory notification for '../../../Engine/Plugins/Runtime/Oculus/OculusVR/Content/' was aborted.
[2020.03.22-14.52.35:694][849]LogDirectoryWatcher: A directory notification for '../../../Engine/Plugins/Runtime/Steam/SteamVR/Content/' was aborted.
[2020.03.22-14.52.35:779][849]LogExit: Object subsystem successfully closed.
[2020.03.22-14.52.35:821][849]LogD3D11RHI: Shutdown
[2020.03.22-14.52.35:821][849]LogD3D11RHI: CleanupD3DDevice
[2020.03.22-14.52.35:893][849]LogD3D11RHI: ~FD3D11DynamicRHI
[2020.03.22-14.52.35:907][849]LogModuleManager: Shutting down and abandoning module CPPtut (540)
[2020.03.22-14.52.35:907][849]LogModuleManager: Shutting down and abandoning module HierarchicalLODOutliner (532)
[2020.03.22-14.52.35:907][849]LogModuleManager: Shutting down and abandoning module SceneOutliner (530)
[2020.03.22-14.52.35:907][849]LogModuleManager: Shutting down and abandoning module AddContentDialog (528)
[2020.03.22-14.52.35:907][849]LogDirectoryWatcher: A directory notification for 'G:/GameDev/UE_4.17/FeaturePacks/' was aborted.
[2020.03.22-14.52.35:912][849]LogModuleManager: Shutting down and abandoning module WidgetCarousel (527)
[2020.03.22-14.52.35:913][849]LogModuleManager: Shutting down and abandoning module EditorWidgets (524)
[2020.03.22-14.52.35:913][849]LogModuleManager: Shutting down and abandoning module CollectionManager (522)
[2020.03.22-14.52.35:913][849]LogDirectoryWatcher: A directory notification for 'A:/UE417Project/CPPtut/Content/Collections/' was aborted.
[2020.03.22-14.52.35:913][849]LogDirectoryWatcher: A directory notification for 'A:/UE417Project/CPPtut/Content/Developers/tzwang/Collections/' was aborted.
[2020.03.22-14.52.35:913][849]LogDirectoryWatcher: A directory notification for 'A:/UE417Project/CPPtut/Saved/Collections/' was aborted.
[2020.03.22-14.52.35:913][849]LogModuleManager: Shutting down and abandoning module StatsViewer (520)
[2020.03.22-14.52.35:913][849]LogModuleManager: Shutting down and abandoning module FoliageEdit (518)
[2020.03.22-14.52.35:913][849]LogModuleManager: Shutting down and abandoning module LandscapeEditor (516)
[2020.03.22-14.52.35:913][849]LogModuleManager: Shutting down and abandoning module MeshPaintMode (514)
[2020.03.22-14.52.35:913][849]LogModuleManager: Shutting down and abandoning module SceneDepthPickerMode (512)
[2020.03.22-14.52.35:913][849]LogModuleManager: Shutting down and abandoning module ActorPickerMode (510)
[2020.03.22-14.52.35:913][849]LogModuleManager: Shutting down and abandoning module GeometryMode (508)
[2020.03.22-14.52.35:913][849]LogModuleManager: Shutting down and abandoning module TextureAlignMode (506)
[2020.03.22-14.52.35:913][849]LogModuleManager: Shutting down and abandoning module BspMode (504)
[2020.03.22-14.52.35:913][849]LogModuleManager: Shutting down and abandoning module PIEPreviewDeviceProfileSelector (502)
[2020.03.22-14.52.35:913][849]LogModuleManager: Shutting down and abandoning module HardwareSurvey (500)
[2020.03.22-14.52.35:913][849]LogModuleManager: Shutting down and abandoning module SequenceRecorderSections (498)
[2020.03.22-14.52.35:913][849]LogModuleManager: Shutting down and abandoning module AutomationWorker (496)
[2020.03.22-14.52.35:914][849]LogModuleManager: Shutting down and abandoning module MatineeToLevelSequence (494)
[2020.03.22-14.52.35:914][849]LogModuleManager: Shutting down and abandoning module LevelSequenceEditor (492)
[2020.03.22-14.52.35:914][849]LogModuleManager: Shutting down and abandoning module PlacementMode (491)
[2020.03.22-14.52.35:914][849]LogModuleManager: Shutting down and abandoning module WmfMediaFactory (488)
[2020.03.22-14.52.35:914][849]LogModuleManager: Shutting down and abandoning module WmfMediaEditor (486)
[2020.03.22-14.52.35:914][849]LogModuleManager: Shutting down and abandoning module AvfMediaFactory (484)
[2020.03.22-14.52.35:914][849]LogModuleManager: Shutting down and abandoning module AvfMediaEditor (482)
[2020.03.22-14.52.35:914][849]LogModuleManager: Shutting down and abandoning module AndroidMediaFactory (480)
[2020.03.22-14.52.35:914][849]LogModuleManager: Shutting down and abandoning module Media (479)
[2020.03.22-14.52.35:914][849]LogModuleManager: Shutting down and abandoning module AndroidMediaEditor (476)
[2020.03.22-14.52.35:914][849]LogModuleManager: Shutting down and abandoning module CharacterAI (474)
[2020.03.22-14.52.35:914][849]LogModuleManager: Shutting down and abandoning module AudioCapture (472)
[2020.03.22-14.52.35:914][849]LogModuleManager: Shutting down and abandoning module SequenceRecorder (471)
[2020.03.22-14.52.35:914][849]LogModuleManager: Shutting down and abandoning module SmartSnapping (468)
[2020.03.22-14.52.35:914][849]LogModuleManager: Shutting down and abandoning module SessionServices (466)
[2020.03.22-14.52.35:914][849]LogModuleManager: Shutting down and abandoning module ViewportSnapping (464)
[2020.03.22-14.52.35:914][849]LogModuleManager: Shutting down and abandoning module ViewportInteraction (462)
[2020.03.22-14.52.35:914][849]LogModuleManager: Shutting down and abandoning module ClothPainter (460)
[2020.03.22-14.52.35:914][849]LogModuleManager: Shutting down and abandoning module LogVisualizer (458)
[2020.03.22-14.52.35:914][849]LogModuleManager: Shutting down and abandoning module IntroTutorials (456)
[2020.03.22-14.52.35:914][849]LogModuleManager: Shutting down and abandoning module GameProjectGeneration (455)
[2020.03.22-14.52.35:914][849]LogModuleManager: Shutting down and abandoning module IOSPlatformEditor (452)
[2020.03.22-14.52.35:914][849]LogModuleManager: Shutting down and abandoning module HTML5PlatformEditor (450)
[2020.03.22-14.52.35:914][849]LogModuleManager: Shutting down and abandoning module AndroidPlatformEditor (448)
[2020.03.22-14.52.35:914][849]LogModuleManager: Shutting down and abandoning module AndroidDeviceDetection (447)
[2020.03.22-14.52.36:150][849]LogModuleManager: Shutting down and abandoning module WindowsPlatformEditor (444)
[2020.03.22-14.52.36:150][849]LogModuleManager: Shutting down and abandoning module IOSRuntimeSettings (442)
[2020.03.22-14.52.36:150][849]LogModuleManager: Shutting down and abandoning module AndroidRuntimeSettings (440)
[2020.03.22-14.52.36:150][849]LogModuleManager: Shutting down and abandoning module InputBindingEditor (438)
[2020.03.22-14.52.36:151][849]LogModuleManager: Shutting down and abandoning module MergeActors (436)
[2020.03.22-14.52.36:151][849]LogModuleManager: Shutting down and abandoning module SizeMap (434)
[2020.03.22-14.52.36:151][849]LogModuleManager: Shutting down and abandoning module TreeMap (432)
[2020.03.22-14.52.36:151][849]LogModuleManager: Shutting down and abandoning module ReferenceViewer (430)
[2020.03.22-14.52.36:151][849]LogModuleManager: Shutting down and abandoning module LocalizationDashboard (428)
[2020.03.22-14.52.36:151][849]LogModuleManager: Shutting down and abandoning module LocalizationService (427)
[2020.03.22-14.52.36:151][849]LogModuleManager: Shutting down and abandoning module HardwareTargeting (424)
[2020.03.22-14.52.36:151][849]LogModuleManager: Shutting down and abandoning module DeviceProfileEditor (422)
[2020.03.22-14.52.36:151][849]LogModuleManager: Shutting down and abandoning module UndoHistory (420)
[2020.03.22-14.52.36:151][849]LogModuleManager: Shutting down and abandoning module XmlParser (418)
[2020.03.22-14.52.36:151][849]LogModuleManager: Shutting down and abandoning module Blutility (416)
[2020.03.22-14.52.36:151][849]LogModuleManager: Shutting down and abandoning module ProjectSettingsViewer (414)
[2020.03.22-14.52.36:151][849]LogModuleManager: Shutting down and abandoning module ProjectTargetPlatformEditor (413)
[2020.03.22-14.52.36:152][849]LogModuleManager: Shutting down and abandoning module EditorSettingsViewer (410)
[2020.03.22-14.52.36:152][849]LogModuleManager: Shutting down and abandoning module SettingsEditor (408)
[2020.03.22-14.52.36:152][849]LogModuleManager: Shutting down and abandoning module ProjectLauncher (406)
[2020.03.22-14.52.36:152][849]LogModuleManager: Shutting down and abandoning module SessionFrontend (404)
[2020.03.22-14.52.36:152][849]LogModuleManager: Shutting down and abandoning module ProfilerClient (402)
[2020.03.22-14.52.36:152][849]LogModuleManager: Shutting down and abandoning module DeviceManager (400)
[2020.03.22-14.52.36:152][849]LogModuleManager: Shutting down and abandoning module TargetDeviceServices (399)
[2020.03.22-14.52.36:207][849]LogModuleManager: Shutting down and abandoning module AutomationController (396)
[2020.03.22-14.52.36:207][849]LogModuleManager: Shutting down and abandoning module AutomationWindow (394)
[2020.03.22-14.52.36:207][849]LogModuleManager: Shutting down and abandoning module Layers (392)
[2020.03.22-14.52.36:207][849]LogModuleManager: Shutting down and abandoning module ComponentVisualizers (390)
[2020.03.22-14.52.36:207][849]LogModuleManager: Shutting down and abandoning module DetailCustomizations (388)
[2020.03.22-14.52.36:207][849]LogModuleManager: Shutting down and abandoning module PackagesDialog (386)
[2020.03.22-14.52.36:207][849]LogModuleManager: Shutting down and abandoning module Persona (384)
[2020.03.22-14.52.36:207][849]LogModuleManager: Shutting down and abandoning module AdvancedPreviewScene (383)
[2020.03.22-14.52.36:207][849]LogModuleManager: Shutting down and abandoning module AnimGraph (381)
[2020.03.22-14.52.36:207][849]LogModuleManager: Shutting down and abandoning module Kismet (378)
[2020.03.22-14.52.36:207][849]LogModuleManager: Shutting down and abandoning module ClassViewer (376)
[2020.03.22-14.52.36:210][849]LogModuleManager: Shutting down and abandoning module Toolbox (374)
[2020.03.22-14.52.36:210][849]LogModuleManager: Shutting down and abandoning module ModuleUI (372)
[2020.03.22-14.52.36:210][849]LogModuleManager: Shutting down and abandoning module MovieSceneTools (370)
[2020.03.22-14.52.36:210][849]LogModuleManager: Shutting down and abandoning module OutputLog (368)
[2020.03.22-14.52.36:210][849]LogModuleManager: Shutting down and abandoning module GammaUI (366)
[2020.03.22-14.52.36:210][849]LogModuleManager: Shutting down and abandoning module Documentation (364)
[2020.03.22-14.52.36:210][849]LogModuleManager: Shutting down and abandoning module MovieSceneTracks (362)
[2020.03.22-14.52.36:210][849]LogModuleManager: Shutting down and abandoning module MovieScene (360)
[2020.03.22-14.52.36:210][849]LogModuleManager: Shutting down and abandoning module Niagara (358)
[2020.03.22-14.52.36:210][849]LogModuleManager: Shutting down and abandoning module NiagaraEditor (357)
[2020.03.22-14.52.36:210][849]LogModuleManager: Shutting down and abandoning module StreamingPauseRendering (354)
[2020.03.22-14.52.36:210][849]LogModuleManager: Shutting down and abandoning module LauncherPlatform (352)
[2020.03.22-14.52.36:210][849]LogModuleManager: Shutting down and abandoning module AnalyticsET (350)
[2020.03.22-14.52.36:210][849]LogModuleManager: Shutting down and abandoning module PortalServices (348)
[2020.03.22-14.52.36:210][849]LogModuleManager: Shutting down and abandoning module PortalRpc (346)
[2020.03.22-14.52.36:210][849]LogModuleManager: Shutting down and abandoning module MessagingRpc (344)
[2020.03.22-14.52.36:210][849]LogModuleManager: Shutting down and abandoning module AIModule (342)
[2020.03.22-14.52.36:210][849]LogModuleManager: Shutting down and abandoning module GameplayDebugger (341)
[2020.03.22-14.52.36:210][849]LogModuleManager: Shutting down and abandoning module AITestSuite (339)
[2020.03.22-14.52.36:210][849]LogModuleManager: Shutting down and abandoning module ProfilerService (336)
[2020.03.22-14.52.36:302][849]LogModuleManager: Shutting down and abandoning module TaskGraph (334)
[2020.03.22-14.52.36:302][849]LogModuleManager: Shutting down and abandoning module SteamVRController (332)
[2020.03.22-14.52.36:302][849]LogModuleManager: Shutting down and abandoning module ProceduralMeshComponentEditor (330)
[2020.03.22-14.52.36:302][849]LogModuleManager: Shutting down and abandoning module ProceduralMeshComponent (328)
[2020.03.22-14.52.36:302][849]LogModuleManager: Shutting down and abandoning module OculusInput (326)
[2020.03.22-14.52.36:302][849]LogModuleManager: Shutting down and abandoning module MobilePatchingUtils (324)
[2020.03.22-14.52.36:302][849]LogModuleManager: Shutting down and abandoning module CustomMeshComponent (322)
[2020.03.22-14.52.36:302][849]LogModuleManager: Shutting down and abandoning module CableComponent (320)
[2020.03.22-14.52.36:302][849]LogModuleManager: Shutting down and abandoning module ArchVisCharacter (318)
[2020.03.22-14.52.36:302][849]LogModuleManager: Shutting down and abandoning module AndroidPermission (316)
[2020.03.22-14.52.36:302][849]LogModuleManager: Shutting down and abandoning module MediaPlayerEditor (312)
[2020.03.22-14.52.36:303][849]LogModuleManager: Shutting down and abandoning module HTML5Networking (310)
[2020.03.22-14.52.36:303][849]LogModuleManager: Shutting down and abandoning module AlembicImporter (308)
[2020.03.22-14.52.36:303][849]LogModuleManager: Shutting down and abandoning module AlembicLibrary (307)
[2020.03.22-14.52.36:303][849]LogModuleManager: Shutting down and abandoning module GeometryCache (306)
[2020.03.22-14.52.36:303][849]LogModuleManager: Shutting down and abandoning module GeometryCacheEd (305)
[2020.03.22-14.52.36:303][849]LogModuleManager: Shutting down and abandoning module SpeedTreeImporter (300)
[2020.03.22-14.52.36:303][849]LogModuleManager: Shutting down and abandoning module PluginBrowser (298)
[2020.03.22-14.52.36:303][849]LogModuleManager: Shutting down and abandoning module MobileLauncherProfileWizard (296)
[2020.03.22-14.52.36:303][849]LogModuleManager: Shutting down and abandoning module VisualStudioSourceCodeAccess (294)
[2020.03.22-14.52.36:303][849]LogModuleManager: Shutting down and abandoning module DesktopPlatform (293)
[2020.03.22-14.52.36:303][849]LogModuleManager: Shutting down and abandoning module UObjectPlugin (290)
[2020.03.22-14.52.36:303][849]LogModuleManager: Shutting down and abandoning module SubversionSourceControl (288)
[2020.03.22-14.52.36:303][849]LogModuleManager: Shutting down and abandoning module PerforceSourceControl (286)
[2020.03.22-14.52.36:303][849]LogModuleManager: Shutting down and abandoning module GitSourceControl (284)
[2020.03.22-14.52.36:303][849]LogModuleManager: Shutting down and abandoning module SourceControl (283)
[2020.03.22-14.52.36:303][849]LogModuleManager: Shutting down and abandoning module LightPropagationVolumeEditor (280)
[2020.03.22-14.52.36:303][849]LogModuleManager: Shutting down and abandoning module PaperTiledImporter (278)
[2020.03.22-14.52.36:303][849]LogModuleManager: Shutting down and abandoning module PaperSpriteSheetImporter (276)
[2020.03.22-14.52.36:303][849]LogModuleManager: Shutting down and abandoning module Paper2DEditor (274)
[2020.03.22-14.52.36:303][849]LogModuleManager: Shutting down and abandoning module MeshPaint (273)
[2020.03.22-14.52.36:303][849]LogModuleManager: Shutting down and abandoning module LevelEditor (271)
[2020.03.22-14.52.36:305][849]LogModuleManager: Shutting down and abandoning module PixelInspectorModule (270)
[2020.03.22-14.52.36:305][849]LogModuleManager: Shutting down and abandoning module MainFrame (268)
[2020.03.22-14.52.36:306][849]LogModuleManager: Shutting down and abandoning module HotReload (267)
[2020.03.22-14.52.36:306][849]LogDirectoryWatcher: A directory notification for 'A:/UE417Project/CPPtut/Binaries/Win64' was aborted.
[2020.03.22-14.52.36:306][849]LogModuleManager: Shutting down and abandoning module RuntimePhysXCooking (260)
[2020.03.22-14.52.36:306][849]LogModuleManager: Shutting down and abandoning module PhysXVehiclesEditor (258)
[2020.03.22-14.52.36:306][849]LogModuleManager: Shutting down and abandoning module PhysXVehicles (256)
[2020.03.22-14.52.36:306][849]LogModuleManager: Shutting down and abandoning module OculusEditor (254)
[2020.03.22-14.52.36:306][849]LogModuleManager: Shutting down and abandoning module LocationServicesBPLibrary (252)
[2020.03.22-14.52.36:306][849]LogModuleManager: Shutting down and abandoning module ImmediatePhysicsEditor (250)
[2020.03.22-14.52.36:306][849]LogModuleManager: Shutting down and abandoning module ImmediatePhysics (248)
[2020.03.22-14.52.36:306][849]LogModuleManager: Shutting down and abandoning module UdpMessaging (246)
[2020.03.22-14.52.36:407][849]LogModuleManager: Shutting down and abandoning module TcpMessaging (244)
[2020.03.22-14.52.36:508][849]LogModuleManager: Shutting down and abandoning module GameplayTagsEditor (242)
[2020.03.22-14.52.36:508][849]LogModuleManager: Shutting down and abandoning module FacialAnimationEditor (240)
[2020.03.22-14.52.36:508][849]LogModuleManager: Shutting down and abandoning module FacialAnimation (238)
[2020.03.22-14.52.36:508][849]LogModuleManager: Shutting down and abandoning module AssetManagerEditor (236)
[2020.03.22-14.52.36:508][849]LogModuleManager: Shutting down and abandoning module GraphEditor (235)
[2020.03.22-14.52.36:508][849]LogModuleManager: Shutting down and abandoning module ContentBrowser (233)
[2020.03.22-14.52.36:509][849]LogModuleManager: Shutting down and abandoning module LightPropagationVolumeRuntime (230)
[2020.03.22-14.52.36:509][849]LogModuleManager: Shutting down and abandoning module Paper2D (228)
[2020.03.22-14.52.36:509][849]LogModuleManager: Shutting down and abandoning module WindowsMoviePlayer (226)
[2020.03.22-14.52.36:509][849]LogModuleManager: Shutting down and abandoning module WmfMedia (224)
[2020.03.22-14.52.36:511][849]LogModuleManager: Shutting down and abandoning module PacketHandler (222)
[2020.03.22-14.52.36:511][849]LogModuleManager: Shutting down and abandoning module ClothingSystemEditor (220)
[2020.03.22-14.52.36:511][849]LogModuleManager: Shutting down and abandoning module ClothingSystemRuntime (218)
[2020.03.22-14.52.36:511][849]LogModuleManager: Shutting down and abandoning module Overlay (216)
[2020.03.22-14.52.36:511][849]LogModuleManager: Shutting down and abandoning module OverlayEditor (215)
[2020.03.22-14.52.36:511][849]LogModuleManager: Shutting down and abandoning module MediaAssets (212)
[2020.03.22-14.52.36:511][849]LogModuleManager: Shutting down and abandoning module VREditor (210)
[2020.03.22-14.52.36:511][849]LogModuleManager: Shutting down and abandoning module StringTableEditor (208)
[2020.03.22-14.52.36:511][849]LogModuleManager: Shutting down and abandoning module GameplayTasksEditor (206)
[2020.03.22-14.52.36:511][849]LogModuleManager: Shutting down and abandoning module BehaviorTreeEditor (204)
[2020.03.22-14.52.36:511][849]LogModuleManager: Shutting down and abandoning module FunctionalTesting (202)
[2020.03.22-14.52.36:511][849]LogModuleManager: Shutting down and abandoning module CollisionAnalyzer (200)
[2020.03.22-14.52.36:511][849]LogModuleManager: Shutting down and abandoning module WorkspaceMenuStructure (199)
[2020.03.22-14.52.36:511][849]LogModuleManager: Shutting down and abandoning module UMG (196)
[2020.03.22-14.52.36:511][849]LogModuleManager: Shutting down and abandoning module UMGEditor (195)
[2020.03.22-14.52.36:511][849]LogModuleManager: Shutting down and abandoning module Sequencer (194)
[2020.03.22-14.52.36:511][849]LogModuleManager: Shutting down and abandoning module MessageLog (191)
[2020.03.22-14.52.36:512][849]LogModuleManager: Shutting down and abandoning module SlateReflector (186)
[2020.03.22-14.52.36:512][849]LogModuleManager: Shutting down and abandoning module Slate (184)
[2020.03.22-14.52.36:512][849]LogModuleManager: Shutting down and abandoning module EditorStyle (182)
[2020.03.22-14.52.36:514][849]LogModuleManager: Shutting down and abandoning module MRMesh (180)
[2020.03.22-14.52.36:514][849]LogModuleManager: Shutting down and abandoning module SourceCodeAccess (178)
[2020.03.22-14.52.36:514][849]LogModuleManager: Shutting down and abandoning module HeadMountedDisplay (176)
[2020.03.22-14.52.36:514][849]LogModuleManager: Shutting down and abandoning module XAudio2 (174)
[2020.03.22-14.52.36:514][849]LogModuleManager: Shutting down and abandoning module Networking (172)
[2020.03.22-14.52.36:515][849]LogModuleManager: Shutting down and abandoning module Core (168)
[2020.03.22-14.52.36:515][849]LogModuleManager: Shutting down and abandoning module KismetCompiler (164)
[2020.03.22-14.52.36:515][849]LogModuleManager: Shutting down and abandoning module LevelSequence (162)
[2020.03.22-14.52.36:515][849]LogModuleManager: Shutting down and abandoning module MeshUtilities (160)
[2020.03.22-14.52.36:515][849]LogModuleManager: Shutting down and abandoning module MeshMergeUtilities (159)
[2020.03.22-14.52.36:515][849]LogModuleManager: Shutting down and abandoning module MeshReductionInterface (158)
[2020.03.22-14.52.36:515][849]LogModuleManager: Shutting down and abandoning module SimplygonSwarm (157)
[2020.03.22-14.52.36:515][849]LogModuleManager: Shutting down and abandoning module SimplygonMeshReduction (155)
[2020.03.22-14.52.36:515][849]LogModuleManager: Shutting down and abandoning module QuadricMeshReduction (153)
[2020.03.22-14.52.36:515][849]LogModuleManager: Shutting down and abandoning module MaterialBaking (149)
[2020.03.22-14.52.36:515][849]LogModuleManager: Shutting down and abandoning module DirectoryWatcher (146)
[2020.03.22-14.52.36:520][849]LogModuleManager: Shutting down and abandoning module DerivedDataCache (144)
[2020.03.22-14.52.36:584][849]LogDerivedDataCache: Shutdown
[2020.03.22-14.52.36:584][849]LogModuleManager: Shutting down and abandoning module TargetPlatform (142)
[2020.03.22-14.52.36:584][849]LogModuleManager: Shutting down and abandoning module VulkanShaderFormat (141)
[2020.03.22-14.52.36:584][849]LogModuleManager: Shutting down and abandoning module ShaderFormatVectorVM (139)
[2020.03.22-14.52.36:584][849]LogModuleManager: Shutting down and abandoning module ShaderFormatOpenGL (137)
[2020.03.22-14.52.36:584][849]LogModuleManager: Shutting down and abandoning module ShaderFormatD3D (135)
[2020.03.22-14.52.36:584][849]LogModuleManager: Shutting down and abandoning module MetalShaderFormat (133)
[2020.03.22-14.52.36:585][849]LogModuleManager: Shutting down and abandoning module TextureFormatUncompressed (131)
[2020.03.22-14.52.36:585][849]LogModuleManager: Shutting down and abandoning module TextureFormatPVR (129)
[2020.03.22-14.52.36:585][849]LogModuleManager: Shutting down and abandoning module TextureFormatDXT (127)
[2020.03.22-14.52.36:585][849]LogModuleManager: Shutting down and abandoning module TextureFormatIntelISPCTexComp (125)
[2020.03.22-14.52.36:585][849]LogModuleManager: Shutting down and abandoning module TextureFormatASTC (123)
[2020.03.22-14.52.36:585][849]LogModuleManager: Shutting down and abandoning module ImageWrapper (122)
[2020.03.22-14.52.36:585][849]LogModuleManager: Shutting down and abandoning module TextureFormatAndroid (119)
[2020.03.22-14.52.36:585][849]LogModuleManager: Shutting down and abandoning module AudioFormatOpus (117)
[2020.03.22-14.52.36:585][849]LogModuleManager: Shutting down and abandoning module AudioFormatOgg (115)
[2020.03.22-14.52.36:585][849]LogModuleManager: Shutting down and abandoning module AudioFormatADPCM (113)
[2020.03.22-14.52.36:585][849]LogModuleManager: Shutting down and abandoning module LinuxTargetPlatform (111)
[2020.03.22-14.52.36:585][849]LogModuleManager: Shutting down and abandoning module LinuxServerTargetPlatform (109)
[2020.03.22-14.52.36:585][849]LogModuleManager: Shutting down and abandoning module LinuxNoEditorTargetPlatform (107)
[2020.03.22-14.52.36:585][849]LogModuleManager: Shutting down and abandoning module LinuxClientTargetPlatform (105)
[2020.03.22-14.52.36:585][849]LogModuleManager: Shutting down and abandoning module TVOSTargetPlatform (103)
[2020.03.22-14.52.36:585][849]LogModuleManager: Shutting down and abandoning module Messaging (101)
[2020.03.22-14.52.36:585][849]LogModuleManager: Shutting down and abandoning module IOSTargetPlatform (99)
[2020.03.22-14.52.36:585][849]LogModuleManager: Shutting down and abandoning module HTML5TargetPlatform (97)
[2020.03.22-14.52.36:585][849]LogModuleManager: Shutting down and abandoning module Android_PVRTCTargetPlatform (95)
[2020.03.22-14.52.36:585][849]LogModuleManager: Shutting down and abandoning module Android_MultiTargetPlatform (93)
[2020.03.22-14.52.36:585][849]LogModuleManager: Shutting down and abandoning module Android_ETC2TargetPlatform (91)
[2020.03.22-14.52.36:585][849]LogModuleManager: Shutting down and abandoning module Android_ETC1TargetPlatform (89)
[2020.03.22-14.52.36:585][849]LogModuleManager: Shutting down and abandoning module Android_DXTTargetPlatform (87)
[2020.03.22-14.52.36:585][849]LogModuleManager: Shutting down and abandoning module Android_ATCTargetPlatform (85)
[2020.03.22-14.52.36:585][849]LogModuleManager: Shutting down and abandoning module Android_ASTCTargetPlatform (83)
[2020.03.22-14.52.36:585][849]LogModuleManager: Shutting down and abandoning module AndroidTargetPlatform (81)
[2020.03.22-14.52.36:585][849]LogModuleManager: Shutting down and abandoning module WindowsTargetPlatform (79)
[2020.03.22-14.52.36:585][849]LogModuleManager: Shutting down and abandoning module WindowsServerTargetPlatform (77)
[2020.03.22-14.52.36:586][849]LogModuleManager: Shutting down and abandoning module WindowsNoEditorTargetPlatform (75)
[2020.03.22-14.52.36:586][849]LogModuleManager: Shutting down and abandoning module WindowsClientTargetPlatform (73)
[2020.03.22-14.52.36:586][849]LogModuleManager: Shutting down and abandoning module MacTargetPlatform (71)
[2020.03.22-14.52.36:586][849]LogModuleManager: Shutting down and abandoning module MacServerTargetPlatform (69)
[2020.03.22-14.52.36:586][849]LogModuleManager: Shutting down and abandoning module MacNoEditorTargetPlatform (67)
[2020.03.22-14.52.36:586][849]LogModuleManager: Shutting down and abandoning module MacClientTargetPlatform (65)
[2020.03.22-14.52.36:586][849]LogModuleManager: Shutting down and abandoning module AllDesktopTargetPlatform (63)
[2020.03.22-14.52.36:586][849]LogModuleManager: Shutting down and abandoning module InputCore (60)
[2020.03.22-14.52.36:586][849]LogModuleManager: Shutting down and abandoning module Settings (58)
[2020.03.22-14.52.36:586][849]LogModuleManager: Shutting down and abandoning module PhysXCooking (56)
[2020.03.22-14.52.36:586][849]LogModuleManager: Shutting down and abandoning module SteamVR (54)
[2020.03.22-14.52.36:586][849]LogModuleManager: Shutting down and abandoning module OculusHMD (52)
[2020.03.22-14.52.36:586][849]LogModuleManager: Shutting down and abandoning module ExampleDeviceProfileSelector (50)
[2020.03.22-14.52.36:586][849]LogModuleManager: Shutting down and abandoning module OnlineBlueprintSupport (48)
[2020.03.22-14.52.36:586][849]LogModuleManager: Shutting down and abandoning module OnlineSubsystem (44)
[2020.03.22-14.52.36:586][849]LogOnline: Display: Unloading online subsystem: NULL
[2020.03.22-14.52.36:586][849]LogModuleManager: Shutting down and abandoning module XMPP (43)
[2020.03.22-14.52.36:586][849]LogModuleManager: Shutting down and abandoning module HTTP (41)
[2020.03.22-14.52.36:586][849]LogHttp: Display: Http module shutting down, but needs to wait on 1 outstanding Http requests:
[2020.03.22-14.52.36:586][849]LogHttp: Display: 	verb=[POST] url=[https://datarouter.ol.epicgames.com/datarouter/api/v1/public/data?SessionID=%7BFE697D10-4738-302E-CC7C-679AF95D8C6B%7D&AppID=UEEditor.Rocket.Release&AppVersion=4.17.2-3658906%2B%2B%2BUE4%2BRelease-4.17&UserID=d358db32448e9a6cdf20219842276dfb%7Cf87993cff02e45dc9efc6de6ff575145%7Cb9ae6025-f920-4ef4-9b6e-76186eca5171&AppEnvironment=datacollector-binary&UploadType=eteventstream] status=Processing
[2020.03.22-14.52.36:617][849]LogModuleManager: Shutting down and abandoning module SSL (40)
[2020.03.22-14.52.36:619][849]LogModuleManager: Shutting down and abandoning module AnimationModifiers (36)
[2020.03.22-14.52.36:619][849]LogModuleManager: Shutting down and abandoning module PropertyEditor (35)
[2020.03.22-14.52.36:619][849]LogModuleManager: Shutting down and abandoning module AudioEditor (32)
[2020.03.22-14.52.36:619][849]LogModuleManager: Shutting down and abandoning module TextureCompressor (30)
[2020.03.22-14.52.36:619][849]LogModuleManager: Shutting down and abandoning module ShaderCore (28)
[2020.03.22-14.52.36:619][849]LogModuleManager: Shutting down and abandoning module Landscape (26)
[2020.03.22-14.52.36:619][849]LogModuleManager: Shutting down and abandoning module SlateRHIRenderer (24)
[2020.03.22-14.52.36:623][849]LogModuleManager: Shutting down and abandoning module OpenGLDrv (22)
[2020.03.22-14.52.36:623][849]LogModuleManager: Shutting down and abandoning module D3D11RHI (20)
[2020.03.22-14.52.36:623][849]LogModuleManager: Shutting down and abandoning module AnimGraphRuntime (18)
[2020.03.22-14.52.36:623][849]LogModuleManager: Shutting down and abandoning module Renderer (16)
[2020.03.22-14.52.36:623][849]LogModuleManager: Shutting down and abandoning module Engine (14)
[2020.03.22-14.52.36:623][849]LogModuleManager: Shutting down and abandoning module CoreUObject (12)
[2020.03.22-14.52.36:623][849]LogModuleManager: Shutting down and abandoning module NetworkFile (10)
[2020.03.22-14.52.36:623][849]LogModuleManager: Shutting down and abandoning module CookedIterativeFile (8)
[2020.03.22-14.52.36:623][849]LogModuleManager: Shutting down and abandoning module StreamingFile (6)
[2020.03.22-14.52.36:623][849]LogModuleManager: Shutting down and abandoning module SandboxFile (4)
[2020.03.22-14.52.36:623][849]LogModuleManager: Shutting down and abandoning module PakFile (2)
[2020.03.22-14.52.36:626][849]LogExit: Exiting.
[2020.03.22-14.52.36:639][849]Log file closed, 03/22/20 22:52:36
