Log file open, 03/21/20 16:35:30
LogWindows: Failed to load 'aqProf.dll' (GetLastError=126)
LogWindows: File 'aqProf.dll' does not exist
LogWindows: Failed to load 'VtuneApi.dll' (GetLastError=126)
LogWindows: File 'VtuneApi.dll' does not exist
LogWindows: Failed to load 'VtuneApi32e.dll' (GetLastError=126)
LogWindows: File 'VtuneApi32e.dll' does not exist
LogInit: Display: Running engine for game: CPPtut
LogPlatformFile: Not using cached read wrapper
LogInit: Display: RandInit(1493804343) SRandInit(1493804343).
LogTaskGraph: Started task graph with 5 named threads and 14 total threads with 3 sets of task threads.
LogStats: Stats thread started at 0.179120
LogD3D11RHI: Aftermath initialized
LogPluginManager: Mounting plugin Paper2D
LogPluginManager: Mounting plugin LightPropagationVolume
LogPluginManager: Mounting plugin CodeLiteSourceCodeAccess
LogPluginManager: Mounting plugin GitSourceControl
LogPluginManager: Mounting plugin KDevelopSourceCodeAccess
LogPluginManager: Mounting plugin NullSourceCodeAccess
LogPluginManager: Mounting plugin PerforceSourceControl
LogPluginManager: Mounting plugin SubversionSourceControl
LogPluginManager: Mounting plugin UObjectPlugin
LogPluginManager: Mounting plugin VisualStudioSourceCodeAccess
LogPluginManager: Mounting plugin XCodeSourceCodeAccess
LogPluginManager: Mounting plugin AssetManagerEditor
LogPluginManager: Mounting plugin AudioCapture
LogPluginManager: Mounting plugin FacialAnimation
LogPluginManager: Mounting plugin GameplayTagsEditor
LogPluginManager: Mounting plugin MobileLauncherProfileWizard
LogPluginManager: Mounting plugin PluginBrowser
LogPluginManager: Mounting plugin SpeedTreeImporter
LogPluginManager: Mounting plugin AlembicImporter
LogPluginManager: Mounting plugin CharacterAI
LogPluginManager: Mounting plugin HTML5Networking
LogPluginManager: Mounting plugin AndroidMedia
LogPluginManager: Mounting plugin AvfMedia
LogPluginManager: Mounting plugin MediaPlayerEditor
LogPluginManager: Mounting plugin WmfMedia
LogPluginManager: Mounting plugin TcpMessaging
LogPluginManager: Mounting plugin UdpMessaging
LogPluginManager: Mounting plugin LevelSequenceEditor
LogPluginManager: Mounting plugin MatineeToLevelSequence
LogPluginManager: Mounting plugin OnlineSubsystemGooglePlay
LogPluginManager: Mounting plugin OnlineSubsystemIOS
LogPluginManager: Mounting plugin OnlineSubsystem
LogPluginManager: Mounting plugin OnlineSubsystemNull
LogPluginManager: Mounting plugin OnlineSubsystemUtils
LogPluginManager: Mounting plugin AndroidDeviceProfileSelector
LogPluginManager: Mounting plugin AndroidMoviePlayer
LogPluginManager: Mounting plugin AndroidPermission
LogPluginManager: Mounting plugin AppleMoviePlayer
LogPluginManager: Mounting plugin ArchVisCharacter
LogPluginManager: Mounting plugin CableComponent
LogPluginManager: Mounting plugin CustomMeshComponent
LogPluginManager: Mounting plugin ExampleDeviceProfileSelector
LogPluginManager: Mounting plugin GoogleCloudMessaging
LogPluginManager: Mounting plugin ImmediatePhysics
LogPluginManager: Mounting plugin IOSDeviceProfileSelector
LogPluginManager: Mounting plugin LinuxDeviceProfileSelector
LogPluginManager: Mounting plugin LocationServicesBPLibrary
LogPluginManager: Mounting plugin MobilePatchingUtils
LogPluginManager: Mounting plugin OculusVR
LogPluginManager: Mounting plugin PhysXVehicles
LogPluginManager: Mounting plugin ProceduralMeshComponent
LogPluginManager: Mounting plugin RuntimePhysXCooking
LogPluginManager: Mounting plugin SteamVR
LogPluginManager: Mounting plugin WindowsMoviePlayer
LogInit: Using libcurl 7.47.1
LogInit:  - built for x86_64-pc-win32
LogInit:  - supports SSL with OpenSSL/1.0.2g
LogInit:  - supports HTTP deflate (compression) using libz 1.2.8
LogInit:  - other features:
LogInit:      CURL_VERSION_SSL
LogInit:      CURL_VERSION_LIBZ
LogInit:      CURL_VERSION_IPV6
LogInit:      CURL_VERSION_ASYNCHDNS
LogInit:      CURL_VERSION_LARGEFILE
LogInit:      CURL_VERSION_IDN
LogInit:  CurlRequestOptions (configurable via config and command line):
LogInit:  - bVerifyPeer = false  - Libcurl will NOT verify peer certificate
LogInit:  - bUseHttpProxy = false  - Libcurl will NOT use HTTP proxy
LogInit:  - bDontReuseConnections = false  - Libcurl will reuse connections
LogInit:  - CertBundlePath = nullptr  - Libcurl will use whatever was configured at build time.
LogInit: Build: ++UE4+Release-4.17-CL-3658906
LogInit: Engine Version: 4.17.2-3658906+++UE4+Release-4.17
LogInit: Compatible Engine Version: 4.17.0-3573198+++UE4+Release-4.17
LogInit: Net CL: 3573198
LogDevObjectVersion: Number of dev versions registered: 16
LogDevObjectVersion:   Dev-Blueprints (B0D832E4-1F89-4F0D-ACCF-7EB736FD4AA2): 10
LogDevObjectVersion:   Dev-Build (E1C64328-A22C-4D53-A36C-8E866417BD8C): 0
LogDevObjectVersion:   Dev-Core (375EC13C-06E4-48FB-B500-84F0262A717E): 2
LogDevObjectVersion:   Dev-Editor (E4B068ED-F494-42E9-A231-DA0B2E46BB41): 20
LogDevObjectVersion:   Dev-Framework (CFFC743F-43B0-4480-9391-14DF171D2073): 28
LogDevObjectVersion:   Dev-Mobile (B02B49B5-BB20-44E9-A304-32B752E40360): 0
LogDevObjectVersion:   Dev-Networking (A4E4105C-59A1-49B5-A7C5-40C4547EDFEE): 0
LogDevObjectVersion:   Dev-Online (39C831C9-5AE6-47DC-9A44-9C173E1C8E7C): 0
LogDevObjectVersion:   Dev-Physics (78F01B33-EBEA-4F98-B9B4-84EACCB95AA2): 0
LogDevObjectVersion:   Dev-Platform (6631380F-2D4D-43E0-8009-CF276956A95A): 0
LogDevObjectVersion:   Dev-Rendering (12F88B9F-8875-4AFC-A67C-D90C383ABD29): 19
LogDevObjectVersion:   Dev-Sequencer (7B5AE74C-D270-4C10-A958-57980B212A5A): 4
LogDevObjectVersion:   Dev-VR (D7296918-1DD6-4BDD-9DE2-64A83CC13884): 0
LogDevObjectVersion:   Dev-LoadTimes (C2A15278-BFE7-4AFE-6C17-90FF531DF755): 1
LogDevObjectVersion:   Private-Geometry (6EACA3D4-40EC-4CC1-B786-8BED09428FC5): 1
LogDevObjectVersion:   Dev-AnimPhys (29E575DD-E0A3-4627-9D10-D276232CDCEA): 7
LogInit: Compiled (64-bit): Sep 22 2017 13:47:16
LogInit: Compiled with Visual C++: 19.00.24215.01
LogInit: Build Configuration: Development
LogInit: Branch Name: ++UE4+Release-4.17
LogInit: Command line: -EpicPortal  -epicusername="tianzhou_wang" -epicuserid=f87993cff02e45dc9efc6de6ff575145 -epiclocale=zh-CN
LogInit: Base directory: G:/GameDev/UE_4.17/Engine/Binaries/Win64/
LogInit: Installed Engine Build: 1
LogInit: Presizing for max 8388607 objects, including 0 objects not considered by GC, pre-allocating 0 bytes for permanent pool.
LogInit: Object subsystem initialized
[2020.03.21-08.35.31:581][  0]LogInit: Selected Device Profile: [Windows]
[2020.03.21-08.35.31:581][  0]LogInit: Applying CVar settings loaded from the selected device profile: [Windows]
[2020.03.21-08.35.31:587][  0]LogInit: Computer: tzwang-PC0
[2020.03.21-08.35.31:587][  0]LogInit: User: tzwang
[2020.03.21-08.35.31:587][  0]LogInit: CPU Page size=4096, Cores=4
[2020.03.21-08.35.31:587][  0]LogInit: High frequency timer resolution =3.515624 MHz
[2020.03.21-08.35.31:588][  0]LogMemory: Memory total: Physical=47.9GB (48GB approx)
[2020.03.21-08.35.31:588][  0]LogMemory: Platform Memory Stats for Windows
[2020.03.21-08.35.31:588][  0]LogMemory: Process Physical Memory: 278.32 MB used, 278.32 MB peak
[2020.03.21-08.35.31:588][  0]LogMemory: Process Virtual Memory: 274.54 MB used, 274.54 MB peak
[2020.03.21-08.35.31:588][  0]LogMemory: Physical Memory: 31290.65 MB used,  17789.23 MB free, 49079.88 MB total
[2020.03.21-08.35.31:588][  0]LogMemory: Virtual Memory: 4799.81 MB used,  17789.23 MB free, 134217728.00 MB total
[2020.03.21-08.35.31:875][  0]LogInit: Using OS detected language (zh-CN).
[2020.03.21-08.35.31:875][  0]LogInit: Using OS detected locale (zh-CN).
[2020.03.21-08.35.32:390][  0]LogD3D11RHI: D3D11 adapters:
[2020.03.21-08.35.32:739][  0]LogD3D11RHI:    0. 'NVIDIA GeForce GTX 1050 Ti' (Feature Level 11_0)
[2020.03.21-08.35.32:739][  0]LogD3D11RHI:       4018/0/24539 MB DedicatedVideo/DedicatedSystem/SharedSystem, Outputs:2, VendorId:0x10de
[2020.03.21-08.35.32:799][  0]LogD3D11RHI:    1. 'Microsoft Basic Render Driver' (Feature Level 11_0)
[2020.03.21-08.35.32:799][  0]LogD3D11RHI:       0/0/24539 MB DedicatedVideo/DedicatedSystem/SharedSystem, Outputs:0, VendorId:0x1414
[2020.03.21-08.35.32:801][  0]LogD3D11RHI:    2. 'Microsoft Basic Render Driver' (Feature Level 11_0)
[2020.03.21-08.35.32:801][  0]LogD3D11RHI:       0/0/24539 MB DedicatedVideo/DedicatedSystem/SharedSystem, Outputs:0, VendorId:0x1414
[2020.03.21-08.35.32:801][  0]LogD3D11RHI: Chosen D3D11 Adapter: 0
[2020.03.21-08.35.32:809][  0]LogD3D11RHI: Creating new Direct3DDevice
[2020.03.21-08.35.32:809][  0]LogD3D11RHI:     GPU DeviceId: 0x1c82 (for the marketing name, search the web for "GPU Device Id")
[2020.03.21-08.35.32:809][  0]LogWindows: EnumDisplayDevices:
[2020.03.21-08.35.32:809][  0]LogWindows:    0. 'NVIDIA GeForce GTX 1050 Ti' (P:1 D:1)
[2020.03.21-08.35.32:809][  0]LogWindows:    1. 'NVIDIA GeForce GTX 1050 Ti' (P:0 D:1)
[2020.03.21-08.35.32:810][  0]LogWindows:    2. 'NVIDIA GeForce GTX 1050 Ti' (P:0 D:0)
[2020.03.21-08.35.32:810][  0]LogWindows:    3. 'NVIDIA GeForce GTX 1050 Ti' (P:0 D:0)
[2020.03.21-08.35.32:810][  0]LogWindows:    4. 'Citrix Indirect Display Adapter' (P:0 D:0)
[2020.03.21-08.35.32:811][  0]LogWindows:    5. 'Citrix Indirect Display Adapter' (P:0 D:0)
[2020.03.21-08.35.32:811][  0]LogWindows:    6. 'Citrix Indirect Display Adapter' (P:0 D:0)
[2020.03.21-08.35.32:811][  0]LogWindows:    7. 'Citrix Indirect Display Adapter' (P:0 D:0)
[2020.03.21-08.35.32:811][  0]LogWindows:    8. 'Citrix Indirect Display Adapter' (P:0 D:0)
[2020.03.21-08.35.32:812][  0]LogWindows:    9. 'Citrix Indirect Display Adapter' (P:0 D:0)
[2020.03.21-08.35.32:812][  0]LogWindows:    10. 'Citrix Indirect Display Adapter' (P:0 D:0)
[2020.03.21-08.35.32:812][  0]LogWindows:    11. 'Citrix Indirect Display Adapter' (P:0 D:0)
[2020.03.21-08.35.32:812][  0]LogWindows: DebugString: GetVideoDriverDetailsInvalid PrimaryIsNotTheChoosenAdapter GetVideoDriverDetailsInvalid PrimaryIsNotTheChoosenAdapter GetVideoDriverDetailsInvalid PrimaryIsNotTheChoosenAdapter GetVideoDriverDetailsInvalid PrimaryIsNotTheChoosenAdapter GetVideoDriverDetailsInvalid PrimaryIsNotTheChoosenAdapter GetVideoDriverDetailsInvalid PrimaryIsNotTheChoosenAdapter GetVideoDriverDetailsInvalid PrimaryIsNotTheChoosenAdapter GetVideoDriverDetailsInvalid PrimaryIsNotTheChoosenAdapter GetVideoDriverDetailsInvalid PrimaryIsNotTheChoosenAdapter GetVideoDriverDetailsInvalid PrimaryIsNotTheChoosenAdapter GetVideoDriverDetailsInvalid PrimaryIsNotTheChoosenAdapter GetVideoDriverDetailsInvalid PrimaryIsNotTheChoosenAdapter FoundDriverCount:0 
[2020.03.21-08.35.32:812][  0]LogD3D11RHI:     Adapter Name: NVIDIA GeForce GTX 1050 Ti
[2020.03.21-08.35.32:812][  0]LogD3D11RHI:   Driver Version: Unknown (internal:Unknown, unified:Unknown)
[2020.03.21-08.35.32:812][  0]LogD3D11RHI:      Driver Date: Unknown
[2020.03.21-08.35.32:812][  0]LogRHI: Texture pool is 1361 MB (70% of 1945 MB)
[2020.03.21-08.35.32:854][  0]LogD3D11RHI: Async texture creation enabled
[2020.03.21-08.35.32:872][  0]LogD3D11RHI: GPU Timing Frequency: 1000.000000 (Debug: 2 2)
[2020.03.21-08.35.32:974][  0]LogShaderCompilers: Guid format shader working directory is 24 characters bigger than the processId version (A:/UE417Project/CPPtut/Intermediate/Shaders/WorkingDirectory/19016/).
[2020.03.21-08.35.32:974][  0]LogShaderCompilers: Cleaned the shader compiler working directory 'C:/Users/tzwang/AppData/Local/Temp/UnrealShaderWorkingDir/33E3E2DA4B94D06BE332D6B1A7C6D0E1/'.
[2020.03.21-08.35.32:974][  0]LogShaderCompilers: Display: Using Local Shader Compiler.
[2020.03.21-08.35.34:496][  0]LogTemp: Display: Loaded TP AllDesktopTargetPlatform
[2020.03.21-08.35.34:546][  0]LogTemp: Display: Loaded TP MacClientTargetPlatform
[2020.03.21-08.35.34:595][  0]LogTemp: Display: Loaded TP MacNoEditorTargetPlatform
[2020.03.21-08.35.34:640][  0]LogTemp: Display: Loaded TP MacServerTargetPlatform
[2020.03.21-08.35.34:688][  0]LogTemp: Display: Loaded TP MacTargetPlatform
[2020.03.21-08.35.34:738][  0]LogTemp: Display: Loaded TP WindowsClientTargetPlatform
[2020.03.21-08.35.34:785][  0]LogTemp: Display: Loaded TP WindowsNoEditorTargetPlatform
[2020.03.21-08.35.34:833][  0]LogTemp: Display: Loaded TP WindowsServerTargetPlatform
[2020.03.21-08.35.34:878][  0]LogTemp: Display: Loaded TP WindowsTargetPlatform
[2020.03.21-08.35.34:924][  0]LogTemp: Display: Loaded TP AndroidTargetPlatform
[2020.03.21-08.35.34:975][  0]LogTemp: Display: Loaded TP Android_ASTCTargetPlatform
[2020.03.21-08.35.35:021][  0]LogTemp: Display: Loaded TP Android_ATCTargetPlatform
[2020.03.21-08.35.35:073][  0]LogTemp: Display: Loaded TP Android_DXTTargetPlatform
[2020.03.21-08.35.35:124][  0]LogTemp: Display: Loaded TP Android_ETC1TargetPlatform
[2020.03.21-08.35.35:173][  0]LogTemp: Display: Loaded TP Android_ETC2TargetPlatform
[2020.03.21-08.35.35:283][  0]LogTemp: Display: Loaded TP Android_MultiTargetPlatform
[2020.03.21-08.35.35:284][  0]LogTemp: Display: Loaded TP Android_PVRTCTargetPlatform
[2020.03.21-08.35.35:323][  0]LogTemp: Display: Loaded TP HTML5TargetPlatform
[2020.03.21-08.35.35:421][  0]LogTemp: Display: Loaded TP IOSTargetPlatform
[2020.03.21-08.35.35:453][  0]LogTemp: Display: Loaded TP TVOSTargetPlatform
[2020.03.21-08.35.35:497][  0]LogTemp: Display: Loaded TP LinuxClientTargetPlatform
[2020.03.21-08.35.35:549][  0]LogTemp: Display: Loaded TP LinuxNoEditorTargetPlatform
[2020.03.21-08.35.35:603][  0]LogTemp: Display: Loaded TP LinuxServerTargetPlatform
[2020.03.21-08.35.35:651][  0]LogTemp: Display: Loaded TP LinuxTargetPlatform
[2020.03.21-08.35.35:651][  0]LogTargetPlatformManager: Display: Building Assets For Windows
[2020.03.21-08.35.36:237][  0]LogDerivedDataCache: Display: Max Cache Size: 512 MB
[2020.03.21-08.35.36:311][  0]LogDerivedDataCache: Loaded boot cache 0.07s 93MB C:/Users/tzwang/AppData/Local/UnrealEngine/4.17/DerivedDataCache/Boot.ddc.
[2020.03.21-08.35.36:311][  0]LogDerivedDataCache: Display: Loaded Boot cache: C:/Users/tzwang/AppData/Local/UnrealEngine/4.17/DerivedDataCache/Boot.ddc
[2020.03.21-08.35.36:311][  0]LogDerivedDataCache: FDerivedDataBackendGraph:  Pak pak cache file A:/UE417Project/CPPtut/DerivedDataCache/DDC.ddp not found, will not use a pak cache.
[2020.03.21-08.35.36:311][  0]LogDerivedDataCache: Unable to find inner node Pak for hierarchical cache Hierarchy.
[2020.03.21-08.35.36:311][  0]LogDerivedDataCache: FDerivedDataBackendGraph:  CompressedPak pak cache file A:/UE417Project/CPPtut/DerivedDataCache/Compressed.ddp not found, will not use a pak cache.
[2020.03.21-08.35.36:311][  0]LogDerivedDataCache: Unable to find inner node CompressedPak for hierarchical cache Hierarchy.
[2020.03.21-08.35.36:325][  0]LogDerivedDataCache: Display: Pak cache opened for reading ../../../Engine/DerivedDataCache/Compressed.ddp.
[2020.03.21-08.35.36:338][  0]LogDerivedDataCache: Using Local data cache path C:/Users/tzwang/AppData/Local/UnrealEngine/Common/DerivedDataCache: Writable
[2020.03.21-08.35.36:348][  0]LogMaterial: Verifying Global Shaders for PCD3D_SM5
[2020.03.21-08.35.36:348][  0]LogSlate: Using Freetype 2.6.0
[2020.03.21-08.35.36:349][  0]LogSlate: SlateFontCache - WITH_FREETYPE: 1, WITH_HARFBUZZ: 1
[2020.03.21-08.35.36:349][  0]LogSlate: SlateFontCache - WITH_FREETYPE: 1, WITH_HARFBUZZ: 1
[2020.03.21-08.35.36:606][  0]LogAssetRegistry: FAssetRegistry took 0.0246 seconds to start up
[2020.03.21-08.35.36:703][  0]LogInit: Selected Device Profile: [Windows]
[2020.03.21-08.35.36:848][  0]LogContentStreaming: Texture pool size is 0.00 MB
[2020.03.21-08.35.37:321][  0]LogSimplygon: Simplygon DLL not present - disabling.
[2020.03.21-08.35.37:362][  0]LogMeshReduction: Using SimplygonSwarm for distributed automatic mesh merging
[2020.03.21-08.35.37:362][  0]LogMeshReduction: Using QuadricMeshReduction for automatic static mesh reduction
[2020.03.21-08.35.37:362][  0]LogMeshReduction: No automatic skeletal mesh reduction module available
[2020.03.21-08.35.37:362][  0]LogMeshReduction: No automatic mesh merging module available
[2020.03.21-08.35.37:362][  0]LogMeshMerging: No automatic mesh merging module available
[2020.03.21-08.35.37:712][  0]LogNetVersion: CPPtut , NetCL: 3573198, EngineNetVer: 2, GameNetVer: 0 (Checksum: 254341351)
[2020.03.21-08.35.37:929][  0]LogPackageLocalizationCache: Processed 5 localized package path(s) for 4 prioritized culture(s) in 0.064331 seconds
[2020.03.21-08.35.37:933][  0]LogUObjectArray: 35825 objects as part of root set at end of initial load.
[2020.03.21-08.35.37:933][  0]LogUObjectAllocator: 7529104 out of 0 bytes used by permanent object pool.
[2020.03.21-08.35.37:933][  0]LogUObjectArray: CloseDisregardForGC: 0/0 objects in disregard for GC pool
[2020.03.21-08.35.37:995][  0]LogInit: WinSock: version 1.1 (2.2), MaxSocks=32767, MaxUdp=65467
[2020.03.21-08.35.40:627][  0]LogTcpMessaging: Initializing TcpMessaging bridge
[2020.03.21-08.35.40:680][  0]LogUdpMessaging: Initializing bridge on interface 0.0.0.0:0 to multicast group 230.0.0.1:6666.
[2020.03.21-08.35.41:939][  0]LogMaterial: Uniform references updated for custom material expression Custom.
[2020.03.21-08.35.42:353][  0]SourceControl: 源码控制已禁用
[2020.03.21-08.35.42:353][  0]SourceControl: 源码控制已禁用
[2020.03.21-08.35.42:435][  0]SourceControl: 源码控制已禁用
[2020.03.21-08.35.42:497][  0]SourceControl: 源码控制已禁用
[2020.03.21-08.35.43:165][  0]LogAndroidPermission: UAndroidPermissionCallbackProxy::GetInstance
[2020.03.21-08.35.43:438][  0]LogOcInput: OculusInput pre-init called
[2020.03.21-08.35.43:710][  0]LogEngine: Initializing Engine...
[2020.03.21-08.35.43:712][  0]LogHMD: Failed to initialize OpenVR with code 110
[2020.03.21-08.35.43:893][  0]LogStats: UGameplayTagsManager::ConstructGameplayTagTree: Construct from data asset -  0.000 s
[2020.03.21-08.35.43:893][  0]LogStats: UGameplayTagsManager::ConstructGameplayTagTree: GameplayTagTreeChangedEvent.Broadcast -  0.000 s
[2020.03.21-08.35.44:020][  0]LogAIModule: Creating AISystem for world Untitled
[2020.03.21-08.35.44:087][  0]LogInit: XAudio2 using '耳机 (AMOI F9 V5.0   Stereo)' : 2 channels at 44.1 kHz using 16 bits per sample (channel mask 0x3)
[2020.03.21-08.35.45:043][  0]LogInit: FAudioDevice initialized.
[2020.03.21-08.35.45:104][  0]LogDerivedDataCache: Saved boot cache 0.06s 93MB C:/Users/tzwang/AppData/Local/UnrealEngine/4.17/DerivedDataCache/Boot.ddc.
[2020.03.21-08.35.45:117][  0]LogInit: Texture streaming: Enabled
[2020.03.21-08.35.45:233][  0]LogEngineSessionManager: EngineSessionManager initialized
[2020.03.21-08.35.45:479][  0]LogInit: Transaction tracking system initialized
[2020.03.21-08.35.45:805][  0]BlueprintLog: New page: 编辑器加载
[2020.03.21-08.35.46:906][  0]LocalizationService: 本地化服务已被禁用
[2020.03.21-08.35.47:824][  0]LogConsoleResponse: Display: 
[2020.03.21-08.35.48:007][  0]LogFileCache: Scanning file cache for directory 'A:/UE417Project/CPPtut/Content/' took 0.01s
[2020.03.21-08.35.48:007][  0]LogCook: Display: Max memory allowance for cook 16384mb min free memory 0mb
[2020.03.21-08.35.48:007][  0]LogCook: Display: Mobile HDR setting 1
[2020.03.21-08.35.48:007][  0]LogGameplayTags: Display: UGameplayTagsManager::DoneAddingNativeTags. DelegateIsBound: 0
[2020.03.21-08.35.49:267][  0]SourceControl: 源码控制已禁用
[2020.03.21-08.35.49:268][  0]LogFactory: FactoryCreateFile: PackFactory with PackFactory (0 0 G:/GameDev/UE_4.17/FeaturePacks/StarterContent.upack)
[2020.03.21-08.35.49:274][  0]LogPackFactory: Finished extracting 8 files (including 0 errors).
[2020.03.21-08.35.49:314][  0]LogPackFactory: Copied "../../../Samples/StarterContent/Content/StarterContent/Architecture/Floor_400x400.uasset" to "A:/UE417Project/CPPtut/Content/StarterContent/Architecture/Floor_400x400.uasset"
[2020.03.21-08.35.49:331][  0]LogPackFactory: Copied "../../../Samples/StarterContent/Content/StarterContent/Architecture/Pillar_50x500.uasset" to "A:/UE417Project/CPPtut/Content/StarterContent/Architecture/Pillar_50x500.uasset"
[2020.03.21-08.35.49:377][  0]LogPackFactory: Copied "../../../Samples/StarterContent/Content/StarterContent/Architecture/SM_AssetPlatform.uasset" to "A:/UE417Project/CPPtut/Content/StarterContent/Architecture/SM_AssetPlatform.uasset"
[2020.03.21-08.35.49:399][  0]LogPackFactory: Copied "../../../Samples/StarterContent/Content/StarterContent/Architecture/Wall_400x200.uasset" to "A:/UE417Project/CPPtut/Content/StarterContent/Architecture/Wall_400x200.uasset"
[2020.03.21-08.35.49:403][  0]LogPackFactory: Copied "../../../Samples/StarterContent/Content/StarterContent/Architecture/Wall_400x300.uasset" to "A:/UE417Project/CPPtut/Content/StarterContent/Architecture/Wall_400x300.uasset"
[2020.03.21-08.35.49:405][  0]LogPackFactory: Copied "../../../Samples/StarterContent/Content/StarterContent/Architecture/Wall_400x400.uasset" to "A:/UE417Project/CPPtut/Content/StarterContent/Architecture/Wall_400x400.uasset"
[2020.03.21-08.35.49:423][  0]LogPackFactory: Copied "../../../Samples/StarterContent/Content/StarterContent/Architecture/Wall_500x500.uasset" to "A:/UE417Project/CPPtut/Content/StarterContent/Architecture/Wall_500x500.uasset"
[2020.03.21-08.35.49:424][  0]LogPackFactory: Copied "../../../Samples/StarterContent/Content/StarterContent/Architecture/Wall_Door_400x300.uasset" to "A:/UE417Project/CPPtut/Content/StarterContent/Architecture/Wall_Door_400x300.uasset"
[2020.03.21-08.35.49:425][  0]LogPackFactory: Copied "../../../Samples/StarterContent/Content/StarterContent/Architecture/Wall_Door_400x400.uasset" to "A:/UE417Project/CPPtut/Content/StarterContent/Architecture/Wall_Door_400x400.uasset"
[2020.03.21-08.35.49:443][  0]LogPackFactory: Copied "../../../Samples/StarterContent/Content/StarterContent/Architecture/Wall_Window_400x300.uasset" to "A:/UE417Project/CPPtut/Content/StarterContent/Architecture/Wall_Window_400x300.uasset"
[2020.03.21-08.35.49:444][  0]LogPackFactory: Copied "../../../Samples/StarterContent/Content/StarterContent/Architecture/Wall_Window_400x400.uasset" to "A:/UE417Project/CPPtut/Content/StarterContent/Architecture/Wall_Window_400x400.uasset"
[2020.03.21-08.35.49:505][  0]LogPackFactory: Copied "../../../Samples/StarterContent/Content/StarterContent/Audio/Collapse01.uasset" to "A:/UE417Project/CPPtut/Content/StarterContent/Audio/Collapse01.uasset"
[2020.03.21-08.35.49:586][  0]LogPackFactory: Copied "../../../Samples/StarterContent/Content/StarterContent/Audio/Collapse02.uasset" to "A:/UE417Project/CPPtut/Content/StarterContent/Audio/Collapse02.uasset"
[2020.03.21-08.35.49:600][  0]LogPackFactory: Copied "../../../Samples/StarterContent/Content/StarterContent/Audio/Collapse_Cue.uasset" to "A:/UE417Project/CPPtut/Content/StarterContent/Audio/Collapse_Cue.uasset"
[2020.03.21-08.35.49:658][  0]LogPackFactory: Copied "../../../Samples/StarterContent/Content/StarterContent/Audio/Explosion01.uasset" to "A:/UE417Project/CPPtut/Content/StarterContent/Audio/Explosion01.uasset"
[2020.03.21-08.35.49:708][  0]LogPackFactory: Copied "../../../Samples/StarterContent/Content/StarterContent/Audio/Explosion02.uasset" to "A:/UE417Project/CPPtut/Content/StarterContent/Audio/Explosion02.uasset"
[2020.03.21-08.35.49:737][  0]LogPackFactory: Copied "../../../Samples/StarterContent/Content/StarterContent/Audio/Explosion_Cue.uasset" to "A:/UE417Project/CPPtut/Content/StarterContent/Audio/Explosion_Cue.uasset"
[2020.03.21-08.35.49:805][  0]LogPackFactory: Copied "../../../Samples/StarterContent/Content/StarterContent/Audio/Fire01.uasset" to "A:/UE417Project/CPPtut/Content/StarterContent/Audio/Fire01.uasset"
[2020.03.21-08.35.49:836][  0]LogPackFactory: Copied "../../../Samples/StarterContent/Content/StarterContent/Audio/Fire01_Cue.uasset" to "A:/UE417Project/CPPtut/Content/StarterContent/Audio/Fire01_Cue.uasset"
[2020.03.21-08.35.49:920][  0]LogPackFactory: Copied "../../../Samples/StarterContent/Content/StarterContent/Audio/Fire_Sparks01.uasset" to "A:/UE417Project/CPPtut/Content/StarterContent/Audio/Fire_Sparks01.uasset"
[2020.03.21-08.35.49:935][  0]LogPackFactory: Copied "../../../Samples/StarterContent/Content/StarterContent/Audio/Fire_Sparks01_Cue.uasset" to "A:/UE417Project/CPPtut/Content/StarterContent/Audio/Fire_Sparks01_Cue.uasset"
[2020.03.21-08.35.49:938][  0]LogPackFactory: Copied "../../../Samples/StarterContent/Content/StarterContent/Audio/Light01.uasset" to "A:/UE417Project/CPPtut/Content/StarterContent/Audio/Light01.uasset"
[2020.03.21-08.35.49:950][  0]LogPackFactory: Copied "../../../Samples/StarterContent/Content/StarterContent/Audio/Light01_Cue.uasset" to "A:/UE417Project/CPPtut/Content/StarterContent/Audio/Light01_Cue.uasset"
[2020.03.21-08.35.50:000][  0]LogPackFactory: Copied "../../../Samples/StarterContent/Content/StarterContent/Audio/Light02.uasset" to "A:/UE417Project/CPPtut/Content/StarterContent/Audio/Light02.uasset"
[2020.03.21-08.35.50:016][  0]LogPackFactory: Copied "../../../Samples/StarterContent/Content/StarterContent/Audio/Light02_Cue.uasset" to "A:/UE417Project/CPPtut/Content/StarterContent/Audio/Light02_Cue.uasset"
[2020.03.21-08.35.50:036][  0]LogPackFactory: Copied "../../../Samples/StarterContent/Content/StarterContent/Audio/Smoke01.uasset" to "A:/UE417Project/CPPtut/Content/StarterContent/Audio/Smoke01.uasset"
[2020.03.21-08.35.50:045][  0]LogPackFactory: Copied "../../../Samples/StarterContent/Content/StarterContent/Audio/Smoke01_Cue.uasset" to "A:/UE417Project/CPPtut/Content/StarterContent/Audio/Smoke01_Cue.uasset"
[2020.03.21-08.35.50:058][  0]LogPackFactory: Copied "../../../Samples/StarterContent/Content/StarterContent/Audio/Starter_Background_Cue.uasset" to "A:/UE417Project/CPPtut/Content/StarterContent/Audio/Starter_Background_Cue.uasset"
[2020.03.21-08.35.50:081][  0]LogPackFactory: Copied "../../../Samples/StarterContent/Content/StarterContent/Audio/Starter_Birds01.uasset" to "A:/UE417Project/CPPtut/Content/StarterContent/Audio/Starter_Birds01.uasset"
[2020.03.21-08.35.50:140][  0]LogPackFactory: Copied "../../../Samples/StarterContent/Content/StarterContent/Audio/Starter_Music01.uasset" to "A:/UE417Project/CPPtut/Content/StarterContent/Audio/Starter_Music01.uasset"
[2020.03.21-08.35.50:141][  0]LogPackFactory: Copied "../../../Samples/StarterContent/Content/StarterContent/Audio/Starter_Music_Cue.uasset" to "A:/UE417Project/CPPtut/Content/StarterContent/Audio/Starter_Music_Cue.uasset"
[2020.03.21-08.35.50:165][  0]LogPackFactory: Copied "../../../Samples/StarterContent/Content/StarterContent/Audio/Starter_Wind05.uasset" to "A:/UE417Project/CPPtut/Content/StarterContent/Audio/Starter_Wind05.uasset"
[2020.03.21-08.35.50:181][  0]LogPackFactory: Copied "../../../Samples/StarterContent/Content/StarterContent/Audio/Starter_Wind06.uasset" to "A:/UE417Project/CPPtut/Content/StarterContent/Audio/Starter_Wind06.uasset"
[2020.03.21-08.35.50:191][  0]LogPackFactory: Copied "../../../Samples/StarterContent/Content/StarterContent/Audio/Steam01.uasset" to "A:/UE417Project/CPPtut/Content/StarterContent/Audio/Steam01.uasset"
[2020.03.21-08.35.50:211][  0]LogPackFactory: Copied "../../../Samples/StarterContent/Content/StarterContent/Audio/Steam01_Cue.uasset" to "A:/UE417Project/CPPtut/Content/StarterContent/Audio/Steam01_Cue.uasset"
[2020.03.21-08.35.50:228][  0]LogPackFactory: Copied "../../../Samples/StarterContent/Content/StarterContent/Blueprints/Blueprint_CeilingLight.uasset" to "A:/UE417Project/CPPtut/Content/StarterContent/Blueprints/Blueprint_CeilingLight.uasset"
[2020.03.21-08.35.50:242][  0]LogPackFactory: Copied "../../../Samples/StarterContent/Content/StarterContent/Blueprints/Blueprint_Effect_Explosion.uasset" to "A:/UE417Project/CPPtut/Content/StarterContent/Blueprints/Blueprint_Effect_Explosion.uasset"
[2020.03.21-08.35.50:248][  0]LogPackFactory: Copied "../../../Samples/StarterContent/Content/StarterContent/Blueprints/Blueprint_Effect_Fire.uasset" to "A:/UE417Project/CPPtut/Content/StarterContent/Blueprints/Blueprint_Effect_Fire.uasset"
[2020.03.21-08.35.50:266][  0]LogPackFactory: Copied "../../../Samples/StarterContent/Content/StarterContent/Blueprints/Blueprint_Effect_Smoke.uasset" to "A:/UE417Project/CPPtut/Content/StarterContent/Blueprints/Blueprint_Effect_Smoke.uasset"
[2020.03.21-08.35.50:279][  0]LogPackFactory: Copied "../../../Samples/StarterContent/Content/StarterContent/Blueprints/Blueprint_Effect_Sparks.uasset" to "A:/UE417Project/CPPtut/Content/StarterContent/Blueprints/Blueprint_Effect_Sparks.uasset"
[2020.03.21-08.35.50:284][  0]LogPackFactory: Copied "../../../Samples/StarterContent/Content/StarterContent/Blueprints/Blueprint_Effect_Steam.uasset" to "A:/UE417Project/CPPtut/Content/StarterContent/Blueprints/Blueprint_Effect_Steam.uasset"
[2020.03.21-08.35.50:286][  0]LogPackFactory: Copied "../../../Samples/StarterContent/Content/StarterContent/Blueprints/Blueprint_WallSconce.uasset" to "A:/UE417Project/CPPtut/Content/StarterContent/Blueprints/Blueprint_WallSconce.uasset"
[2020.03.21-08.35.50:305][  0]LogPackFactory: Copied "../../../Samples/StarterContent/Content/StarterContent/Blueprints/BP_LightStudio.uasset" to "A:/UE417Project/CPPtut/Content/StarterContent/Blueprints/BP_LightStudio.uasset"
[2020.03.21-08.35.50:307][  0]LogPackFactory: Copied "../../../Samples/StarterContent/Content/StarterContent/Blueprints/Assets/FogBrightnessLUT.uasset" to "A:/UE417Project/CPPtut/Content/StarterContent/Blueprints/Assets/FogBrightnessLUT.uasset"
[2020.03.21-08.35.50:308][  0]LogPackFactory: Copied "../../../Samples/StarterContent/Content/StarterContent/Blueprints/Assets/M_LightStage_Arrows.uasset" to "A:/UE417Project/CPPtut/Content/StarterContent/Blueprints/Assets/M_LightStage_Arrows.uasset"
[2020.03.21-08.35.50:309][  0]LogPackFactory: Copied "../../../Samples/StarterContent/Content/StarterContent/Blueprints/Assets/M_LightStage_Skybox_Black.uasset" to "A:/UE417Project/CPPtut/Content/StarterContent/Blueprints/Assets/M_LightStage_Skybox_Black.uasset"
[2020.03.21-08.35.50:310][  0]LogPackFactory: Copied "../../../Samples/StarterContent/Content/StarterContent/Blueprints/Assets/M_LightStage_Skybox_HDRI.uasset" to "A:/UE417Project/CPPtut/Content/StarterContent/Blueprints/Assets/M_LightStage_Skybox_HDRI.uasset"
[2020.03.21-08.35.50:322][  0]LogPackFactory: Copied "../../../Samples/StarterContent/Content/StarterContent/Blueprints/Assets/M_LightStage_Skybox_Master.uasset" to "A:/UE417Project/CPPtut/Content/StarterContent/Blueprints/Assets/M_LightStage_Skybox_Master.uasset"
[2020.03.21-08.35.50:346][  0]LogPackFactory: Copied "../../../Samples/StarterContent/Content/StarterContent/Blueprints/Assets/Skybox.uasset" to "A:/UE417Project/CPPtut/Content/StarterContent/Blueprints/Assets/Skybox.uasset"
[2020.03.21-08.35.50:356][  0]LogPackFactory: Copied "../../../Samples/StarterContent/Content/StarterContent/Blueprints/Assets/SM_Arrows.uasset" to "A:/UE417Project/CPPtut/Content/StarterContent/Blueprints/Assets/SM_Arrows.uasset"
[2020.03.21-08.35.50:376][  0]LogPackFactory: Copied "../../../Samples/StarterContent/Content/StarterContent/Blueprints/Assets/SunlightColorLUT.uasset" to "A:/UE417Project/CPPtut/Content/StarterContent/Blueprints/Assets/SunlightColorLUT.uasset"
[2020.03.21-08.35.50:831][  0]LogPackFactory: Copied "../../../Samples/StarterContent/Content/StarterContent/HDRI/HDRI_Epic_Courtyard_Daylight.uasset" to "A:/UE417Project/CPPtut/Content/StarterContent/HDRI/HDRI_Epic_Courtyard_Daylight.uasset"
[2020.03.21-08.35.50:834][  0]LogPackFactory: Copied "../../../Samples/StarterContent/Content/StarterContent/Maps/Advanced_Lighting.umap" to "A:/UE417Project/CPPtut/Content/StarterContent/Maps/Advanced_Lighting.umap"
[2020.03.21-08.35.50:851][  0]LogPackFactory: Copied "../../../Samples/StarterContent/Content/StarterContent/Maps/Advanced_Lighting_BuiltData.uasset" to "A:/UE417Project/CPPtut/Content/StarterContent/Maps/Advanced_Lighting_BuiltData.uasset"
[2020.03.21-08.35.50:883][  0]LogPackFactory: Copied "../../../Samples/StarterContent/Content/StarterContent/Maps/Minimal_Default.umap" to "A:/UE417Project/CPPtut/Content/StarterContent/Maps/Minimal_Default.umap"
[2020.03.21-08.35.50:896][  0]LogPackFactory: Copied "../../../Samples/StarterContent/Content/StarterContent/Maps/Minimal_Default_BuiltData.uasset" to "A:/UE417Project/CPPtut/Content/StarterContent/Maps/Minimal_Default_BuiltData.uasset"
[2020.03.21-08.35.50:931][  0]LogPackFactory: Copied "../../../Samples/StarterContent/Content/StarterContent/Maps/StarterMap.umap" to "A:/UE417Project/CPPtut/Content/StarterContent/Maps/StarterMap.umap"
[2020.03.21-08.35.51:010][  0]LogPackFactory: Copied "../../../Samples/StarterContent/Content/StarterContent/Maps/StarterMap_BuiltData.uasset" to "A:/UE417Project/CPPtut/Content/StarterContent/Maps/StarterMap_BuiltData.uasset"
[2020.03.21-08.35.51:020][  0]LogPackFactory: Copied "../../../Samples/StarterContent/Content/StarterContent/Materials/M_AssetPlatform.uasset" to "A:/UE417Project/CPPtut/Content/StarterContent/Materials/M_AssetPlatform.uasset"
[2020.03.21-08.35.51:035][  0]LogPackFactory: Copied "../../../Samples/StarterContent/Content/StarterContent/Materials/M_Basic_Floor.uasset" to "A:/UE417Project/CPPtut/Content/StarterContent/Materials/M_Basic_Floor.uasset"
[2020.03.21-08.35.51:049][  0]LogPackFactory: Copied "../../../Samples/StarterContent/Content/StarterContent/Materials/M_Basic_Wall.uasset" to "A:/UE417Project/CPPtut/Content/StarterContent/Materials/M_Basic_Wall.uasset"
[2020.03.21-08.35.51:065][  0]LogPackFactory: Copied "../../../Samples/StarterContent/Content/StarterContent/Materials/M_Brick_Clay_Beveled.uasset" to "A:/UE417Project/CPPtut/Content/StarterContent/Materials/M_Brick_Clay_Beveled.uasset"
[2020.03.21-08.35.51:067][  0]LogPackFactory: Copied "../../../Samples/StarterContent/Content/StarterContent/Materials/M_Brick_Clay_New.uasset" to "A:/UE417Project/CPPtut/Content/StarterContent/Materials/M_Brick_Clay_New.uasset"
[2020.03.21-08.35.51:069][  0]LogPackFactory: Copied "../../../Samples/StarterContent/Content/StarterContent/Materials/M_Brick_Clay_Old.uasset" to "A:/UE417Project/CPPtut/Content/StarterContent/Materials/M_Brick_Clay_Old.uasset"
[2020.03.21-08.35.51:080][  0]LogPackFactory: Copied "../../../Samples/StarterContent/Content/StarterContent/Materials/M_Brick_Cut_Stone.uasset" to "A:/UE417Project/CPPtut/Content/StarterContent/Materials/M_Brick_Cut_Stone.uasset"
[2020.03.21-08.35.51:083][  0]LogPackFactory: Copied "../../../Samples/StarterContent/Content/StarterContent/Materials/M_Brick_Hewn_Stone.uasset" to "A:/UE417Project/CPPtut/Content/StarterContent/Materials/M_Brick_Hewn_Stone.uasset"
[2020.03.21-08.35.51:088][  0]LogPackFactory: Copied "../../../Samples/StarterContent/Content/StarterContent/Materials/M_Ceramic_Tile_Checker.uasset" to "A:/UE417Project/CPPtut/Content/StarterContent/Materials/M_Ceramic_Tile_Checker.uasset"
[2020.03.21-08.35.51:090][  0]LogPackFactory: Copied "../../../Samples/StarterContent/Content/StarterContent/Materials/M_CobbleStone_Pebble.uasset" to "A:/UE417Project/CPPtut/Content/StarterContent/Materials/M_CobbleStone_Pebble.uasset"
[2020.03.21-08.35.51:111][  0]LogPackFactory: Copied "../../../Samples/StarterContent/Content/StarterContent/Materials/M_CobbleStone_Rough.uasset" to "A:/UE417Project/CPPtut/Content/StarterContent/Materials/M_CobbleStone_Rough.uasset"
[2020.03.21-08.35.51:130][  0]LogPackFactory: Copied "../../../Samples/StarterContent/Content/StarterContent/Materials/M_CobbleStone_Smooth.uasset" to "A:/UE417Project/CPPtut/Content/StarterContent/Materials/M_CobbleStone_Smooth.uasset"
[2020.03.21-08.35.51:131][  0]LogPackFactory: Copied "../../../Samples/StarterContent/Content/StarterContent/Materials/M_ColorGrid_LowSpec.uasset" to "A:/UE417Project/CPPtut/Content/StarterContent/Materials/M_ColorGrid_LowSpec.uasset"
[2020.03.21-08.35.51:142][  0]LogPackFactory: Copied "../../../Samples/StarterContent/Content/StarterContent/Materials/M_Concrete_Grime.uasset" to "A:/UE417Project/CPPtut/Content/StarterContent/Materials/M_Concrete_Grime.uasset"
[2020.03.21-08.35.51:144][  0]LogPackFactory: Copied "../../../Samples/StarterContent/Content/StarterContent/Materials/M_Concrete_Panels.uasset" to "A:/UE417Project/CPPtut/Content/StarterContent/Materials/M_Concrete_Panels.uasset"
[2020.03.21-08.35.51:146][  0]LogPackFactory: Copied "../../../Samples/StarterContent/Content/StarterContent/Materials/M_Concrete_Poured.uasset" to "A:/UE417Project/CPPtut/Content/StarterContent/Materials/M_Concrete_Poured.uasset"
[2020.03.21-08.35.51:160][  0]LogPackFactory: Copied "../../../Samples/StarterContent/Content/StarterContent/Materials/M_Concrete_Tiles.uasset" to "A:/UE417Project/CPPtut/Content/StarterContent/Materials/M_Concrete_Tiles.uasset"
[2020.03.21-08.35.51:161][  0]LogPackFactory: Copied "../../../Samples/StarterContent/Content/StarterContent/Materials/M_Glass.uasset" to "A:/UE417Project/CPPtut/Content/StarterContent/Materials/M_Glass.uasset"
[2020.03.21-08.35.51:175][  0]LogPackFactory: Copied "../../../Samples/StarterContent/Content/StarterContent/Materials/M_Ground_Grass.uasset" to "A:/UE417Project/CPPtut/Content/StarterContent/Materials/M_Ground_Grass.uasset"
[2020.03.21-08.35.51:185][  0]LogPackFactory: Copied "../../../Samples/StarterContent/Content/StarterContent/Materials/M_Ground_Gravel.uasset" to "A:/UE417Project/CPPtut/Content/StarterContent/Materials/M_Ground_Gravel.uasset"
[2020.03.21-08.35.51:187][  0]LogPackFactory: Copied "../../../Samples/StarterContent/Content/StarterContent/Materials/M_Ground_Moss.uasset" to "A:/UE417Project/CPPtut/Content/StarterContent/Materials/M_Ground_Moss.uasset"
[2020.03.21-08.35.51:202][  0]LogPackFactory: Copied "../../../Samples/StarterContent/Content/StarterContent/Materials/M_Metal_Brushed_Nickel.uasset" to "A:/UE417Project/CPPtut/Content/StarterContent/Materials/M_Metal_Brushed_Nickel.uasset"
[2020.03.21-08.35.51:209][  0]LogPackFactory: Copied "../../../Samples/StarterContent/Content/StarterContent/Materials/M_Metal_Burnished_Steel.uasset" to "A:/UE417Project/CPPtut/Content/StarterContent/Materials/M_Metal_Burnished_Steel.uasset"
[2020.03.21-08.35.51:211][  0]LogPackFactory: Copied "../../../Samples/StarterContent/Content/StarterContent/Materials/M_Metal_Chrome.uasset" to "A:/UE417Project/CPPtut/Content/StarterContent/Materials/M_Metal_Chrome.uasset"
[2020.03.21-08.35.51:231][  0]LogPackFactory: Copied "../../../Samples/StarterContent/Content/StarterContent/Materials/M_Metal_Copper.uasset" to "A:/UE417Project/CPPtut/Content/StarterContent/Materials/M_Metal_Copper.uasset"
[2020.03.21-08.35.51:233][  0]LogPackFactory: Copied "../../../Samples/StarterContent/Content/StarterContent/Materials/M_Metal_Gold.uasset" to "A:/UE417Project/CPPtut/Content/StarterContent/Materials/M_Metal_Gold.uasset"
[2020.03.21-08.35.51:235][  0]LogPackFactory: Copied "../../../Samples/StarterContent/Content/StarterContent/Materials/M_Metal_Rust.uasset" to "A:/UE417Project/CPPtut/Content/StarterContent/Materials/M_Metal_Rust.uasset"
[2020.03.21-08.35.51:249][  0]LogPackFactory: Copied "../../../Samples/StarterContent/Content/StarterContent/Materials/M_Metal_Steel.uasset" to "A:/UE417Project/CPPtut/Content/StarterContent/Materials/M_Metal_Steel.uasset"
[2020.03.21-08.35.51:251][  0]LogPackFactory: Copied "../../../Samples/StarterContent/Content/StarterContent/Materials/M_Rock_Basalt.uasset" to "A:/UE417Project/CPPtut/Content/StarterContent/Materials/M_Rock_Basalt.uasset"
[2020.03.21-08.35.51:265][  0]LogPackFactory: Copied "../../../Samples/StarterContent/Content/StarterContent/Materials/M_Rock_Marble_Polished.uasset" to "A:/UE417Project/CPPtut/Content/StarterContent/Materials/M_Rock_Marble_Polished.uasset"
[2020.03.21-08.35.51:287][  0]LogPackFactory: Copied "../../../Samples/StarterContent/Content/StarterContent/Materials/M_Rock_Sandstone.uasset" to "A:/UE417Project/CPPtut/Content/StarterContent/Materials/M_Rock_Sandstone.uasset"
[2020.03.21-08.35.51:303][  0]LogPackFactory: Copied "../../../Samples/StarterContent/Content/StarterContent/Materials/M_Rock_Slate.uasset" to "A:/UE417Project/CPPtut/Content/StarterContent/Materials/M_Rock_Slate.uasset"
[2020.03.21-08.35.51:326][  0]LogPackFactory: Copied "../../../Samples/StarterContent/Content/StarterContent/Materials/M_Tech_Checker_Dot.uasset" to "A:/UE417Project/CPPtut/Content/StarterContent/Materials/M_Tech_Checker_Dot.uasset"
[2020.03.21-08.35.51:343][  0]LogPackFactory: Copied "../../../Samples/StarterContent/Content/StarterContent/Materials/M_Tech_Hex_Tile.uasset" to "A:/UE417Project/CPPtut/Content/StarterContent/Materials/M_Tech_Hex_Tile.uasset"
[2020.03.21-08.35.51:356][  0]LogPackFactory: Copied "../../../Samples/StarterContent/Content/StarterContent/Materials/M_Tech_Hex_Tile_Pulse.uasset" to "A:/UE417Project/CPPtut/Content/StarterContent/Materials/M_Tech_Hex_Tile_Pulse.uasset"
[2020.03.21-08.35.51:358][  0]LogPackFactory: Copied "../../../Samples/StarterContent/Content/StarterContent/Materials/M_Tech_Panel.uasset" to "A:/UE417Project/CPPtut/Content/StarterContent/Materials/M_Tech_Panel.uasset"
[2020.03.21-08.35.51:360][  0]LogPackFactory: Copied "../../../Samples/StarterContent/Content/StarterContent/Materials/M_Water_Lake.uasset" to "A:/UE417Project/CPPtut/Content/StarterContent/Materials/M_Water_Lake.uasset"
[2020.03.21-08.35.51:376][  0]LogPackFactory: Copied "../../../Samples/StarterContent/Content/StarterContent/Materials/M_Water_Ocean.uasset" to "A:/UE417Project/CPPtut/Content/StarterContent/Materials/M_Water_Ocean.uasset"
[2020.03.21-08.35.51:399][  0]LogPackFactory: Copied "../../../Samples/StarterContent/Content/StarterContent/Materials/M_Wood_Floor_Walnut_Polished.uasset" to "A:/UE417Project/CPPtut/Content/StarterContent/Materials/M_Wood_Floor_Walnut_Polished.uasset"
[2020.03.21-08.35.51:415][  0]LogPackFactory: Copied "../../../Samples/StarterContent/Content/StarterContent/Materials/M_Wood_Floor_Walnut_Worn.uasset" to "A:/UE417Project/CPPtut/Content/StarterContent/Materials/M_Wood_Floor_Walnut_Worn.uasset"
[2020.03.21-08.35.51:436][  0]LogPackFactory: Copied "../../../Samples/StarterContent/Content/StarterContent/Materials/M_Wood_Oak.uasset" to "A:/UE417Project/CPPtut/Content/StarterContent/Materials/M_Wood_Oak.uasset"
[2020.03.21-08.35.51:444][  0]LogPackFactory: Copied "../../../Samples/StarterContent/Content/StarterContent/Materials/M_Wood_Pine.uasset" to "A:/UE417Project/CPPtut/Content/StarterContent/Materials/M_Wood_Pine.uasset"
[2020.03.21-08.35.51:456][  0]LogPackFactory: Copied "../../../Samples/StarterContent/Content/StarterContent/Materials/M_Wood_Walnut.uasset" to "A:/UE417Project/CPPtut/Content/StarterContent/Materials/M_Wood_Walnut.uasset"
[2020.03.21-08.35.51:457][  0]LogPackFactory: Copied "../../../Samples/StarterContent/Content/StarterContent/Particles/P_Ambient_Dust.uasset" to "A:/UE417Project/CPPtut/Content/StarterContent/Particles/P_Ambient_Dust.uasset"
[2020.03.21-08.35.51:466][  0]LogPackFactory: Copied "../../../Samples/StarterContent/Content/StarterContent/Particles/P_Explosion.uasset" to "A:/UE417Project/CPPtut/Content/StarterContent/Particles/P_Explosion.uasset"
[2020.03.21-08.35.51:485][  0]LogPackFactory: Copied "../../../Samples/StarterContent/Content/StarterContent/Particles/P_Fire.uasset" to "A:/UE417Project/CPPtut/Content/StarterContent/Particles/P_Fire.uasset"
[2020.03.21-08.35.51:490][  0]LogPackFactory: Copied "../../../Samples/StarterContent/Content/StarterContent/Particles/P_Smoke.uasset" to "A:/UE417Project/CPPtut/Content/StarterContent/Particles/P_Smoke.uasset"
[2020.03.21-08.35.51:492][  0]LogPackFactory: Copied "../../../Samples/StarterContent/Content/StarterContent/Particles/P_Sparks.uasset" to "A:/UE417Project/CPPtut/Content/StarterContent/Particles/P_Sparks.uasset"
[2020.03.21-08.35.51:506][  0]LogPackFactory: Copied "../../../Samples/StarterContent/Content/StarterContent/Particles/P_Steam_Lit.uasset" to "A:/UE417Project/CPPtut/Content/StarterContent/Particles/P_Steam_Lit.uasset"
[2020.03.21-08.35.51:508][  0]LogPackFactory: Copied "../../../Samples/StarterContent/Content/StarterContent/Particles/Materials/M_Burst.uasset" to "A:/UE417Project/CPPtut/Content/StarterContent/Particles/Materials/M_Burst.uasset"
[2020.03.21-08.35.51:509][  0]LogPackFactory: Copied "../../../Samples/StarterContent/Content/StarterContent/Particles/Materials/M_Dust_Particle.uasset" to "A:/UE417Project/CPPtut/Content/StarterContent/Particles/Materials/M_Dust_Particle.uasset"
[2020.03.21-08.35.51:510][  0]LogPackFactory: Copied "../../../Samples/StarterContent/Content/StarterContent/Particles/Materials/M_explosion_subUV.uasset" to "A:/UE417Project/CPPtut/Content/StarterContent/Particles/Materials/M_explosion_subUV.uasset"
[2020.03.21-08.35.51:531][  0]LogPackFactory: Copied "../../../Samples/StarterContent/Content/StarterContent/Particles/Materials/M_Fire_SubUV.uasset" to "A:/UE417Project/CPPtut/Content/StarterContent/Particles/Materials/M_Fire_SubUV.uasset"
[2020.03.21-08.35.51:533][  0]LogPackFactory: Copied "../../../Samples/StarterContent/Content/StarterContent/Particles/Materials/m_flare_01.uasset" to "A:/UE417Project/CPPtut/Content/StarterContent/Particles/Materials/m_flare_01.uasset"
[2020.03.21-08.35.51:534][  0]LogPackFactory: Copied "../../../Samples/StarterContent/Content/StarterContent/Particles/Materials/M_Heat_Distortion.uasset" to "A:/UE417Project/CPPtut/Content/StarterContent/Particles/Materials/M_Heat_Distortion.uasset"
[2020.03.21-08.35.51:535][  0]LogPackFactory: Copied "../../../Samples/StarterContent/Content/StarterContent/Particles/Materials/M_Radial_Gradient.uasset" to "A:/UE417Project/CPPtut/Content/StarterContent/Particles/Materials/M_Radial_Gradient.uasset"
[2020.03.21-08.35.51:554][  0]LogPackFactory: Copied "../../../Samples/StarterContent/Content/StarterContent/Particles/Materials/M_radial_ramp.uasset" to "A:/UE417Project/CPPtut/Content/StarterContent/Particles/Materials/M_radial_ramp.uasset"
[2020.03.21-08.35.51:563][  0]LogPackFactory: Copied "../../../Samples/StarterContent/Content/StarterContent/Particles/Materials/M_smoke_subUV.uasset" to "A:/UE417Project/CPPtut/Content/StarterContent/Particles/Materials/M_smoke_subUV.uasset"
[2020.03.21-08.35.51:578][  0]LogPackFactory: Copied "../../../Samples/StarterContent/Content/StarterContent/Particles/Materials/M_Spark.uasset" to "A:/UE417Project/CPPtut/Content/StarterContent/Particles/Materials/M_Spark.uasset"
[2020.03.21-08.35.51:581][  0]LogPackFactory: Copied "../../../Samples/StarterContent/Content/StarterContent/Props/MaterialSphere.uasset" to "A:/UE417Project/CPPtut/Content/StarterContent/Props/MaterialSphere.uasset"
[2020.03.21-08.35.51:593][  0]LogPackFactory: Copied "../../../Samples/StarterContent/Content/StarterContent/Props/SM_Bush.uasset" to "A:/UE417Project/CPPtut/Content/StarterContent/Props/SM_Bush.uasset"
[2020.03.21-08.35.51:599][  0]LogPackFactory: Copied "../../../Samples/StarterContent/Content/StarterContent/Props/SM_Chair.uasset" to "A:/UE417Project/CPPtut/Content/StarterContent/Props/SM_Chair.uasset"
[2020.03.21-08.35.51:609][  0]LogPackFactory: Copied "../../../Samples/StarterContent/Content/StarterContent/Props/SM_CornerFrame.uasset" to "A:/UE417Project/CPPtut/Content/StarterContent/Props/SM_CornerFrame.uasset"
[2020.03.21-08.35.51:621][  0]LogPackFactory: Copied "../../../Samples/StarterContent/Content/StarterContent/Props/SM_Couch.uasset" to "A:/UE417Project/CPPtut/Content/StarterContent/Props/SM_Couch.uasset"
[2020.03.21-08.35.51:628][  0]LogPackFactory: Copied "../../../Samples/StarterContent/Content/StarterContent/Props/SM_Door.uasset" to "A:/UE417Project/CPPtut/Content/StarterContent/Props/SM_Door.uasset"
[2020.03.21-08.35.51:639][  0]LogPackFactory: Copied "../../../Samples/StarterContent/Content/StarterContent/Props/SM_DoorFrame.uasset" to "A:/UE417Project/CPPtut/Content/StarterContent/Props/SM_DoorFrame.uasset"
[2020.03.21-08.35.51:641][  0]LogPackFactory: Copied "../../../Samples/StarterContent/Content/StarterContent/Props/SM_GlassWindow.uasset" to "A:/UE417Project/CPPtut/Content/StarterContent/Props/SM_GlassWindow.uasset"
[2020.03.21-08.35.51:649][  0]LogPackFactory: Copied "../../../Samples/StarterContent/Content/StarterContent/Props/SM_Lamp_Ceiling.uasset" to "A:/UE417Project/CPPtut/Content/StarterContent/Props/SM_Lamp_Ceiling.uasset"
[2020.03.21-08.35.51:652][  0]LogPackFactory: Copied "../../../Samples/StarterContent/Content/StarterContent/Props/SM_Lamp_Wall.uasset" to "A:/UE417Project/CPPtut/Content/StarterContent/Props/SM_Lamp_Wall.uasset"
[2020.03.21-08.35.51:682][  0]LogPackFactory: Copied "../../../Samples/StarterContent/Content/StarterContent/Props/SM_MatPreviewMesh_02.uasset" to "A:/UE417Project/CPPtut/Content/StarterContent/Props/SM_MatPreviewMesh_02.uasset"
[2020.03.21-08.35.51:684][  0]LogPackFactory: Copied "../../../Samples/StarterContent/Content/StarterContent/Props/SM_PillarFrame.uasset" to "A:/UE417Project/CPPtut/Content/StarterContent/Props/SM_PillarFrame.uasset"
[2020.03.21-08.35.51:685][  0]LogPackFactory: Copied "../../../Samples/StarterContent/Content/StarterContent/Props/SM_PillarFrame300.uasset" to "A:/UE417Project/CPPtut/Content/StarterContent/Props/SM_PillarFrame300.uasset"
[2020.03.21-08.35.51:704][  0]LogPackFactory: Copied "../../../Samples/StarterContent/Content/StarterContent/Props/SM_Rock.uasset" to "A:/UE417Project/CPPtut/Content/StarterContent/Props/SM_Rock.uasset"
[2020.03.21-08.35.51:709][  0]LogPackFactory: Copied "../../../Samples/StarterContent/Content/StarterContent/Props/SM_Shelf.uasset" to "A:/UE417Project/CPPtut/Content/StarterContent/Props/SM_Shelf.uasset"
[2020.03.21-08.35.51:720][  0]LogPackFactory: Copied "../../../Samples/StarterContent/Content/StarterContent/Props/SM_Stairs.uasset" to "A:/UE417Project/CPPtut/Content/StarterContent/Props/SM_Stairs.uasset"
[2020.03.21-08.35.51:739][  0]LogPackFactory: Copied "../../../Samples/StarterContent/Content/StarterContent/Props/SM_Statue.uasset" to "A:/UE417Project/CPPtut/Content/StarterContent/Props/SM_Statue.uasset"
[2020.03.21-08.35.51:778][  0]LogPackFactory: Copied "../../../Samples/StarterContent/Content/StarterContent/Props/SM_TableRound.uasset" to "A:/UE417Project/CPPtut/Content/StarterContent/Props/SM_TableRound.uasset"
[2020.03.21-08.35.51:793][  0]LogPackFactory: Copied "../../../Samples/StarterContent/Content/StarterContent/Props/SM_WindowFrame.uasset" to "A:/UE417Project/CPPtut/Content/StarterContent/Props/SM_WindowFrame.uasset"
[2020.03.21-08.35.51:803][  0]LogPackFactory: Copied "../../../Samples/StarterContent/Content/StarterContent/Props/Materials/M_Bush.uasset" to "A:/UE417Project/CPPtut/Content/StarterContent/Props/Materials/M_Bush.uasset"
[2020.03.21-08.35.51:815][  0]LogPackFactory: Copied "../../../Samples/StarterContent/Content/StarterContent/Props/Materials/M_Chair.uasset" to "A:/UE417Project/CPPtut/Content/StarterContent/Props/Materials/M_Chair.uasset"
[2020.03.21-08.35.51:817][  0]LogPackFactory: Copied "../../../Samples/StarterContent/Content/StarterContent/Props/Materials/M_Door.uasset" to "A:/UE417Project/CPPtut/Content/StarterContent/Props/Materials/M_Door.uasset"
[2020.03.21-08.35.51:819][  0]LogPackFactory: Copied "../../../Samples/StarterContent/Content/StarterContent/Props/Materials/M_Frame.uasset" to "A:/UE417Project/CPPtut/Content/StarterContent/Props/Materials/M_Frame.uasset"
[2020.03.21-08.35.51:852][  0]LogPackFactory: Copied "../../../Samples/StarterContent/Content/StarterContent/Props/Materials/M_Lamp.uasset" to "A:/UE417Project/CPPtut/Content/StarterContent/Props/Materials/M_Lamp.uasset"
[2020.03.21-08.35.51:862][  0]LogPackFactory: Copied "../../../Samples/StarterContent/Content/StarterContent/Props/Materials/M_MaterialSphere.uasset" to "A:/UE417Project/CPPtut/Content/StarterContent/Props/Materials/M_MaterialSphere.uasset"
[2020.03.21-08.35.51:874][  0]LogPackFactory: Copied "../../../Samples/StarterContent/Content/StarterContent/Props/Materials/M_MaterialSphere_Plain.uasset" to "A:/UE417Project/CPPtut/Content/StarterContent/Props/Materials/M_MaterialSphere_Plain.uasset"
[2020.03.21-08.35.51:889][  0]LogPackFactory: Copied "../../../Samples/StarterContent/Content/StarterContent/Props/Materials/M_Rock.uasset" to "A:/UE417Project/CPPtut/Content/StarterContent/Props/Materials/M_Rock.uasset"
[2020.03.21-08.35.51:903][  0]LogPackFactory: Copied "../../../Samples/StarterContent/Content/StarterContent/Props/Materials/M_Shelf.uasset" to "A:/UE417Project/CPPtut/Content/StarterContent/Props/Materials/M_Shelf.uasset"
[2020.03.21-08.35.51:914][  0]LogPackFactory: Copied "../../../Samples/StarterContent/Content/StarterContent/Props/Materials/M_Statue.uasset" to "A:/UE417Project/CPPtut/Content/StarterContent/Props/Materials/M_Statue.uasset"
[2020.03.21-08.35.51:916][  0]LogPackFactory: Copied "../../../Samples/StarterContent/Content/StarterContent/Props/Materials/M_StatueGlass.uasset" to "A:/UE417Project/CPPtut/Content/StarterContent/Props/Materials/M_StatueGlass.uasset"
[2020.03.21-08.35.51:920][  0]LogPackFactory: Copied "../../../Samples/StarterContent/Content/StarterContent/Props/Materials/M_TableRound.uasset" to "A:/UE417Project/CPPtut/Content/StarterContent/Props/Materials/M_TableRound.uasset"
[2020.03.21-08.35.51:934][  0]LogPackFactory: Copied "../../../Samples/StarterContent/Content/StarterContent/Shapes/Shape_Cone.uasset" to "A:/UE417Project/CPPtut/Content/StarterContent/Shapes/Shape_Cone.uasset"
[2020.03.21-08.35.51:950][  0]LogPackFactory: Copied "../../../Samples/StarterContent/Content/StarterContent/Shapes/Shape_Cube.uasset" to "A:/UE417Project/CPPtut/Content/StarterContent/Shapes/Shape_Cube.uasset"
[2020.03.21-08.35.51:961][  0]LogPackFactory: Copied "../../../Samples/StarterContent/Content/StarterContent/Shapes/Shape_Cylinder.uasset" to "A:/UE417Project/CPPtut/Content/StarterContent/Shapes/Shape_Cylinder.uasset"
[2020.03.21-08.35.51:963][  0]LogPackFactory: Copied "../../../Samples/StarterContent/Content/StarterContent/Shapes/Shape_NarrowCapsule.uasset" to "A:/UE417Project/CPPtut/Content/StarterContent/Shapes/Shape_NarrowCapsule.uasset"
[2020.03.21-08.35.51:968][  0]LogPackFactory: Copied "../../../Samples/StarterContent/Content/StarterContent/Shapes/Shape_Pipe.uasset" to "A:/UE417Project/CPPtut/Content/StarterContent/Shapes/Shape_Pipe.uasset"
[2020.03.21-08.35.51:992][  0]LogPackFactory: Copied "../../../Samples/StarterContent/Content/StarterContent/Shapes/Shape_Pipe_180.uasset" to "A:/UE417Project/CPPtut/Content/StarterContent/Shapes/Shape_Pipe_180.uasset"
[2020.03.21-08.35.52:008][  0]LogPackFactory: Copied "../../../Samples/StarterContent/Content/StarterContent/Shapes/Shape_Pipe_90.uasset" to "A:/UE417Project/CPPtut/Content/StarterContent/Shapes/Shape_Pipe_90.uasset"
[2020.03.21-08.35.52:020][  0]LogPackFactory: Copied "../../../Samples/StarterContent/Content/StarterContent/Shapes/Shape_Plane.uasset" to "A:/UE417Project/CPPtut/Content/StarterContent/Shapes/Shape_Plane.uasset"
[2020.03.21-08.35.52:046][  0]LogPackFactory: Copied "../../../Samples/StarterContent/Content/StarterContent/Shapes/Shape_QuadPyramid.uasset" to "A:/UE417Project/CPPtut/Content/StarterContent/Shapes/Shape_QuadPyramid.uasset"
[2020.03.21-08.35.52:055][  0]LogPackFactory: Copied "../../../Samples/StarterContent/Content/StarterContent/Shapes/Shape_Sphere.uasset" to "A:/UE417Project/CPPtut/Content/StarterContent/Shapes/Shape_Sphere.uasset"
[2020.03.21-08.35.52:071][  0]LogPackFactory: Copied "../../../Samples/StarterContent/Content/StarterContent/Shapes/Shape_Torus.uasset" to "A:/UE417Project/CPPtut/Content/StarterContent/Shapes/Shape_Torus.uasset"
[2020.03.21-08.35.52:086][  0]LogPackFactory: Copied "../../../Samples/StarterContent/Content/StarterContent/Shapes/Shape_Trim.uasset" to "A:/UE417Project/CPPtut/Content/StarterContent/Shapes/Shape_Trim.uasset"
[2020.03.21-08.35.52:102][  0]LogPackFactory: Copied "../../../Samples/StarterContent/Content/StarterContent/Shapes/Shape_Trim_90_In.uasset" to "A:/UE417Project/CPPtut/Content/StarterContent/Shapes/Shape_Trim_90_In.uasset"
[2020.03.21-08.35.52:104][  0]LogPackFactory: Copied "../../../Samples/StarterContent/Content/StarterContent/Shapes/Shape_Trim_90_Out.uasset" to "A:/UE417Project/CPPtut/Content/StarterContent/Shapes/Shape_Trim_90_Out.uasset"
[2020.03.21-08.35.52:118][  0]LogPackFactory: Copied "../../../Samples/StarterContent/Content/StarterContent/Shapes/Shape_TriPyramid.uasset" to "A:/UE417Project/CPPtut/Content/StarterContent/Shapes/Shape_TriPyramid.uasset"
[2020.03.21-08.35.52:131][  0]LogPackFactory: Copied "../../../Samples/StarterContent/Content/StarterContent/Shapes/Shape_Tube.uasset" to "A:/UE417Project/CPPtut/Content/StarterContent/Shapes/Shape_Tube.uasset"
[2020.03.21-08.35.52:150][  0]LogPackFactory: Copied "../../../Samples/StarterContent/Content/StarterContent/Shapes/Shape_Wedge_A.uasset" to "A:/UE417Project/CPPtut/Content/StarterContent/Shapes/Shape_Wedge_A.uasset"
[2020.03.21-08.35.52:163][  0]LogPackFactory: Copied "../../../Samples/StarterContent/Content/StarterContent/Shapes/Shape_Wedge_B.uasset" to "A:/UE417Project/CPPtut/Content/StarterContent/Shapes/Shape_Wedge_B.uasset"
[2020.03.21-08.35.52:177][  0]LogPackFactory: Copied "../../../Samples/StarterContent/Content/StarterContent/Shapes/Shape_WideCapsule.uasset" to "A:/UE417Project/CPPtut/Content/StarterContent/Shapes/Shape_WideCapsule.uasset"
[2020.03.21-08.35.52:229][  0]LogPackFactory: Copied "../../../Samples/StarterContent/Content/StarterContent/Textures/T_Brick_Clay_Beveled_D.uasset" to "A:/UE417Project/CPPtut/Content/StarterContent/Textures/T_Brick_Clay_Beveled_D.uasset"
[2020.03.21-08.35.52:280][  0]LogPackFactory: Copied "../../../Samples/StarterContent/Content/StarterContent/Textures/T_Brick_Clay_Beveled_M.uasset" to "A:/UE417Project/CPPtut/Content/StarterContent/Textures/T_Brick_Clay_Beveled_M.uasset"
[2020.03.21-08.35.52:331][  0]LogPackFactory: Copied "../../../Samples/StarterContent/Content/StarterContent/Textures/T_Brick_Clay_Beveled_N.uasset" to "A:/UE417Project/CPPtut/Content/StarterContent/Textures/T_Brick_Clay_Beveled_N.uasset"
[2020.03.21-08.35.52:375][  0]LogPackFactory: Copied "../../../Samples/StarterContent/Content/StarterContent/Textures/T_Brick_Clay_New_D.uasset" to "A:/UE417Project/CPPtut/Content/StarterContent/Textures/T_Brick_Clay_New_D.uasset"
[2020.03.21-08.35.52:433][  0]LogPackFactory: Copied "../../../Samples/StarterContent/Content/StarterContent/Textures/T_Brick_Clay_New_M.uasset" to "A:/UE417Project/CPPtut/Content/StarterContent/Textures/T_Brick_Clay_New_M.uasset"
[2020.03.21-08.35.52:480][  0]LogPackFactory: Copied "../../../Samples/StarterContent/Content/StarterContent/Textures/T_Brick_Clay_New_N.uasset" to "A:/UE417Project/CPPtut/Content/StarterContent/Textures/T_Brick_Clay_New_N.uasset"
[2020.03.21-08.35.52:550][  0]LogPackFactory: Copied "../../../Samples/StarterContent/Content/StarterContent/Textures/T_Brick_Clay_Old_D.uasset" to "A:/UE417Project/CPPtut/Content/StarterContent/Textures/T_Brick_Clay_Old_D.uasset"
[2020.03.21-08.35.52:598][  0]LogPackFactory: Copied "../../../Samples/StarterContent/Content/StarterContent/Textures/T_Brick_Clay_Old_N.uasset" to "A:/UE417Project/CPPtut/Content/StarterContent/Textures/T_Brick_Clay_Old_N.uasset"
[2020.03.21-08.35.52:677][  0]LogPackFactory: Copied "../../../Samples/StarterContent/Content/StarterContent/Textures/T_Brick_Cut_Stone_D.uasset" to "A:/UE417Project/CPPtut/Content/StarterContent/Textures/T_Brick_Cut_Stone_D.uasset"
[2020.03.21-08.35.52:723][  0]LogPackFactory: Copied "../../../Samples/StarterContent/Content/StarterContent/Textures/T_Brick_Cut_Stone_N.uasset" to "A:/UE417Project/CPPtut/Content/StarterContent/Textures/T_Brick_Cut_Stone_N.uasset"
[2020.03.21-08.35.52:778][  0]LogPackFactory: Copied "../../../Samples/StarterContent/Content/StarterContent/Textures/T_Brick_Hewn_Stone_D.uasset" to "A:/UE417Project/CPPtut/Content/StarterContent/Textures/T_Brick_Hewn_Stone_D.uasset"
[2020.03.21-08.35.52:834][  0]LogPackFactory: Copied "../../../Samples/StarterContent/Content/StarterContent/Textures/T_Brick_Hewn_Stone_M.uasset" to "A:/UE417Project/CPPtut/Content/StarterContent/Textures/T_Brick_Hewn_Stone_M.uasset"
[2020.03.21-08.35.52:894][  0]LogPackFactory: Copied "../../../Samples/StarterContent/Content/StarterContent/Textures/T_Brick_Hewn_Stone_N.uasset" to "A:/UE417Project/CPPtut/Content/StarterContent/Textures/T_Brick_Hewn_Stone_N.uasset"
[2020.03.21-08.35.52:921][  0]LogPackFactory: Copied "../../../Samples/StarterContent/Content/StarterContent/Textures/T_Burst_M.uasset" to "A:/UE417Project/CPPtut/Content/StarterContent/Textures/T_Burst_M.uasset"
[2020.03.21-08.35.52:949][  0]LogPackFactory: Copied "../../../Samples/StarterContent/Content/StarterContent/Textures/T_Bush_D.uasset" to "A:/UE417Project/CPPtut/Content/StarterContent/Textures/T_Bush_D.uasset"
[2020.03.21-08.35.52:971][  0]LogPackFactory: Copied "../../../Samples/StarterContent/Content/StarterContent/Textures/T_Bush_N.uasset" to "A:/UE417Project/CPPtut/Content/StarterContent/Textures/T_Bush_N.uasset"
[2020.03.21-08.35.52:974][  0]LogPackFactory: Copied "../../../Samples/StarterContent/Content/StarterContent/Textures/T_Ceramic_Tile_M.uasset" to "A:/UE417Project/CPPtut/Content/StarterContent/Textures/T_Ceramic_Tile_M.uasset"
[2020.03.21-08.35.52:987][  0]LogPackFactory: Copied "../../../Samples/StarterContent/Content/StarterContent/Textures/T_Ceramic_Tile_N.uasset" to "A:/UE417Project/CPPtut/Content/StarterContent/Textures/T_Ceramic_Tile_N.uasset"
[2020.03.21-08.35.53:008][  0]LogPackFactory: Copied "../../../Samples/StarterContent/Content/StarterContent/Textures/T_Chair_M.uasset" to "A:/UE417Project/CPPtut/Content/StarterContent/Textures/T_Chair_M.uasset"
[2020.03.21-08.35.53:029][  0]LogPackFactory: Copied "../../../Samples/StarterContent/Content/StarterContent/Textures/T_Chair_N.uasset" to "A:/UE417Project/CPPtut/Content/StarterContent/Textures/T_Chair_N.uasset"
[2020.03.21-08.35.53:036][  0]LogPackFactory: Copied "../../../Samples/StarterContent/Content/StarterContent/Textures/T_Checker_Noise_M.uasset" to "A:/UE417Project/CPPtut/Content/StarterContent/Textures/T_Checker_Noise_M.uasset"
[2020.03.21-08.35.53:116][  0]LogPackFactory: Copied "../../../Samples/StarterContent/Content/StarterContent/Textures/T_CobbleStone_Pebble_D.uasset" to "A:/UE417Project/CPPtut/Content/StarterContent/Textures/T_CobbleStone_Pebble_D.uasset"
[2020.03.21-08.35.53:138][  0]LogPackFactory: Copied "../../../Samples/StarterContent/Content/StarterContent/Textures/T_CobbleStone_Pebble_M.uasset" to "A:/UE417Project/CPPtut/Content/StarterContent/Textures/T_CobbleStone_Pebble_M.uasset"
[2020.03.21-08.35.53:216][  0]LogPackFactory: Copied "../../../Samples/StarterContent/Content/StarterContent/Textures/T_CobbleStone_Pebble_N.uasset" to "A:/UE417Project/CPPtut/Content/StarterContent/Textures/T_CobbleStone_Pebble_N.uasset"
[2020.03.21-08.35.53:251][  0]LogPackFactory: Copied "../../../Samples/StarterContent/Content/StarterContent/Textures/T_CobbleStone_Rough_D.uasset" to "A:/UE417Project/CPPtut/Content/StarterContent/Textures/T_CobbleStone_Rough_D.uasset"
[2020.03.21-08.35.53:273][  0]LogPackFactory: Copied "../../../Samples/StarterContent/Content/StarterContent/Textures/T_CobbleStone_Rough_N.uasset" to "A:/UE417Project/CPPtut/Content/StarterContent/Textures/T_CobbleStone_Rough_N.uasset"
[2020.03.21-08.35.53:320][  0]LogPackFactory: Copied "../../../Samples/StarterContent/Content/StarterContent/Textures/T_CobbleStone_Smooth_D.uasset" to "A:/UE417Project/CPPtut/Content/StarterContent/Textures/T_CobbleStone_Smooth_D.uasset"
[2020.03.21-08.35.53:356][  0]LogPackFactory: Copied "../../../Samples/StarterContent/Content/StarterContent/Textures/T_CobbleStone_Smooth_M.uasset" to "A:/UE417Project/CPPtut/Content/StarterContent/Textures/T_CobbleStone_Smooth_M.uasset"
[2020.03.21-08.35.53:413][  0]LogPackFactory: Copied "../../../Samples/StarterContent/Content/StarterContent/Textures/T_CobbleStone_Smooth_N.uasset" to "A:/UE417Project/CPPtut/Content/StarterContent/Textures/T_CobbleStone_Smooth_N.uasset"
[2020.03.21-08.35.53:485][  0]LogPackFactory: Copied "../../../Samples/StarterContent/Content/StarterContent/Textures/T_Concrete_Grime_D.uasset" to "A:/UE417Project/CPPtut/Content/StarterContent/Textures/T_Concrete_Grime_D.uasset"
[2020.03.21-08.35.53:579][  0]LogPackFactory: Copied "../../../Samples/StarterContent/Content/StarterContent/Textures/T_Concrete_Panels_D.uasset" to "A:/UE417Project/CPPtut/Content/StarterContent/Textures/T_Concrete_Panels_D.uasset"
[2020.03.21-08.35.53:623][  0]LogPackFactory: Copied "../../../Samples/StarterContent/Content/StarterContent/Textures/T_Concrete_Panels_N.uasset" to "A:/UE417Project/CPPtut/Content/StarterContent/Textures/T_Concrete_Panels_N.uasset"
[2020.03.21-08.35.53:704][  0]LogPackFactory: Copied "../../../Samples/StarterContent/Content/StarterContent/Textures/T_Concrete_Poured_D.uasset" to "A:/UE417Project/CPPtut/Content/StarterContent/Textures/T_Concrete_Poured_D.uasset"
[2020.03.21-08.35.53:756][  0]LogPackFactory: Copied "../../../Samples/StarterContent/Content/StarterContent/Textures/T_Concrete_Poured_N.uasset" to "A:/UE417Project/CPPtut/Content/StarterContent/Textures/T_Concrete_Poured_N.uasset"
[2020.03.21-08.35.53:792][  0]LogPackFactory: Copied "../../../Samples/StarterContent/Content/StarterContent/Textures/T_Concrete_Tiles_D.uasset" to "A:/UE417Project/CPPtut/Content/StarterContent/Textures/T_Concrete_Tiles_D.uasset"
[2020.03.21-08.35.53:834][  0]LogPackFactory: Copied "../../../Samples/StarterContent/Content/StarterContent/Textures/T_Concrete_Tiles_M.uasset" to "A:/UE417Project/CPPtut/Content/StarterContent/Textures/T_Concrete_Tiles_M.uasset"
[2020.03.21-08.35.53:881][  0]LogPackFactory: Copied "../../../Samples/StarterContent/Content/StarterContent/Textures/T_Concrete_Tiles_N.uasset" to "A:/UE417Project/CPPtut/Content/StarterContent/Textures/T_Concrete_Tiles_N.uasset"
[2020.03.21-08.35.53:893][  0]LogPackFactory: Copied "../../../Samples/StarterContent/Content/StarterContent/Textures/T_Concrete_Tiles_Variation_M.uasset" to "A:/UE417Project/CPPtut/Content/StarterContent/Textures/T_Concrete_Tiles_Variation_M.uasset"
[2020.03.21-08.35.53:916][  0]LogPackFactory: Copied "../../../Samples/StarterContent/Content/StarterContent/Textures/T_Detail_Rocky_N.uasset" to "A:/UE417Project/CPPtut/Content/StarterContent/Textures/T_Detail_Rocky_N.uasset"
[2020.03.21-08.35.53:939][  0]LogPackFactory: Copied "../../../Samples/StarterContent/Content/StarterContent/Textures/T_Door_M.uasset" to "A:/UE417Project/CPPtut/Content/StarterContent/Textures/T_Door_M.uasset"
[2020.03.21-08.35.53:965][  0]LogPackFactory: Copied "../../../Samples/StarterContent/Content/StarterContent/Textures/T_Door_N.uasset" to "A:/UE417Project/CPPtut/Content/StarterContent/Textures/T_Door_N.uasset"
[2020.03.21-08.35.53:978][  0]LogPackFactory: Copied "../../../Samples/StarterContent/Content/StarterContent/Textures/T_Dust_Particle_D.uasset" to "A:/UE417Project/CPPtut/Content/StarterContent/Textures/T_Dust_Particle_D.uasset"
[2020.03.21-08.35.54:010][  0]LogPackFactory: Copied "../../../Samples/StarterContent/Content/StarterContent/Textures/T_Explosion_SubUV.uasset" to "A:/UE417Project/CPPtut/Content/StarterContent/Textures/T_Explosion_SubUV.uasset"
[2020.03.21-08.35.54:030][  0]LogPackFactory: Copied "../../../Samples/StarterContent/Content/StarterContent/Textures/T_Fire_SubUV.uasset" to "A:/UE417Project/CPPtut/Content/StarterContent/Textures/T_Fire_SubUV.uasset"
[2020.03.21-08.35.54:049][  0]LogPackFactory: Copied "../../../Samples/StarterContent/Content/StarterContent/Textures/T_Fire_Tiled_D.uasset" to "A:/UE417Project/CPPtut/Content/StarterContent/Textures/T_Fire_Tiled_D.uasset"
[2020.03.21-08.35.54:072][  0]LogPackFactory: Copied "../../../Samples/StarterContent/Content/StarterContent/Textures/T_Frame_M.uasset" to "A:/UE417Project/CPPtut/Content/StarterContent/Textures/T_Frame_M.uasset"
[2020.03.21-08.35.54:095][  0]LogPackFactory: Copied "../../../Samples/StarterContent/Content/StarterContent/Textures/T_Frame_N.uasset" to "A:/UE417Project/CPPtut/Content/StarterContent/Textures/T_Frame_N.uasset"
[2020.03.21-08.35.54:122][  0]LogPackFactory: Copied "../../../Samples/StarterContent/Content/StarterContent/Textures/T_Gradinet_01.uasset" to "A:/UE417Project/CPPtut/Content/StarterContent/Textures/T_Gradinet_01.uasset"
[2020.03.21-08.35.54:198][  0]LogPackFactory: Copied "../../../Samples/StarterContent/Content/StarterContent/Textures/T_Ground_Grass_D.uasset" to "A:/UE417Project/CPPtut/Content/StarterContent/Textures/T_Ground_Grass_D.uasset"
[2020.03.21-08.35.54:258][  0]LogPackFactory: Copied "../../../Samples/StarterContent/Content/StarterContent/Textures/T_Ground_Grass_N.uasset" to "A:/UE417Project/CPPtut/Content/StarterContent/Textures/T_Ground_Grass_N.uasset"
[2020.03.21-08.35.54:321][  0]LogPackFactory: Copied "../../../Samples/StarterContent/Content/StarterContent/Textures/T_Ground_Gravel_D.uasset" to "A:/UE417Project/CPPtut/Content/StarterContent/Textures/T_Ground_Gravel_D.uasset"
[2020.03.21-08.35.54:371][  0]LogPackFactory: Copied "../../../Samples/StarterContent/Content/StarterContent/Textures/T_Ground_Gravel_N.uasset" to "A:/UE417Project/CPPtut/Content/StarterContent/Textures/T_Ground_Gravel_N.uasset"
[2020.03.21-08.35.54:454][  0]LogPackFactory: Copied "../../../Samples/StarterContent/Content/StarterContent/Textures/T_ground_Moss_D.uasset" to "A:/UE417Project/CPPtut/Content/StarterContent/Textures/T_ground_Moss_D.uasset"
[2020.03.21-08.35.54:514][  0]LogPackFactory: Copied "../../../Samples/StarterContent/Content/StarterContent/Textures/T_Ground_Moss_N.uasset" to "A:/UE417Project/CPPtut/Content/StarterContent/Textures/T_Ground_Moss_N.uasset"
[2020.03.21-08.35.54:538][  0]LogPackFactory: Copied "../../../Samples/StarterContent/Content/StarterContent/Textures/T_Lamp_M.uasset" to "A:/UE417Project/CPPtut/Content/StarterContent/Textures/T_Lamp_M.uasset"
[2020.03.21-08.35.54:615][  0]LogPackFactory: Copied "../../../Samples/StarterContent/Content/StarterContent/Textures/T_Lamp_N.uasset" to "A:/UE417Project/CPPtut/Content/StarterContent/Textures/T_Lamp_N.uasset"
[2020.03.21-08.35.54:690][  0]LogPackFactory: Copied "../../../Samples/StarterContent/Content/StarterContent/Textures/T_MacroVariation.uasset" to "A:/UE417Project/CPPtut/Content/StarterContent/Textures/T_MacroVariation.uasset"
[2020.03.21-08.35.54:752][  0]LogPackFactory: Copied "../../../Samples/StarterContent/Content/StarterContent/Textures/T_Metal_Aluminum_D.uasset" to "A:/UE417Project/CPPtut/Content/StarterContent/Textures/T_Metal_Aluminum_D.uasset"
[2020.03.21-08.35.54:803][  0]LogPackFactory: Copied "../../../Samples/StarterContent/Content/StarterContent/Textures/T_Metal_Copper_D.uasset" to "A:/UE417Project/CPPtut/Content/StarterContent/Textures/T_Metal_Copper_D.uasset"
[2020.03.21-08.35.54:862][  0]LogPackFactory: Copied "../../../Samples/StarterContent/Content/StarterContent/Textures/T_Metal_Gold_D.uasset" to "A:/UE417Project/CPPtut/Content/StarterContent/Textures/T_Metal_Gold_D.uasset"
[2020.03.21-08.35.54:908][  0]LogPackFactory: Copied "../../../Samples/StarterContent/Content/StarterContent/Textures/T_Metal_Gold_N.uasset" to "A:/UE417Project/CPPtut/Content/StarterContent/Textures/T_Metal_Gold_N.uasset"
[2020.03.21-08.35.54:969][  0]LogPackFactory: Copied "../../../Samples/StarterContent/Content/StarterContent/Textures/T_Metal_Rust_D.uasset" to "A:/UE417Project/CPPtut/Content/StarterContent/Textures/T_Metal_Rust_D.uasset"
[2020.03.21-08.35.55:016][  0]LogPackFactory: Copied "../../../Samples/StarterContent/Content/StarterContent/Textures/T_Metal_Rust_N.uasset" to "A:/UE417Project/CPPtut/Content/StarterContent/Textures/T_Metal_Rust_N.uasset"
[2020.03.21-08.35.55:061][  0]LogPackFactory: Copied "../../../Samples/StarterContent/Content/StarterContent/Textures/T_Metal_Steel_D.uasset" to "A:/UE417Project/CPPtut/Content/StarterContent/Textures/T_Metal_Steel_D.uasset"
[2020.03.21-08.35.55:099][  0]LogPackFactory: Copied "../../../Samples/StarterContent/Content/StarterContent/Textures/T_Metal_Steel_N.uasset" to "A:/UE417Project/CPPtut/Content/StarterContent/Textures/T_Metal_Steel_N.uasset"
[2020.03.21-08.35.55:157][  0]LogPackFactory: Copied "../../../Samples/StarterContent/Content/StarterContent/Textures/T_Perlin_Noise_M.uasset" to "A:/UE417Project/CPPtut/Content/StarterContent/Textures/T_Perlin_Noise_M.uasset"
[2020.03.21-08.35.55:184][  0]LogPackFactory: Copied "../../../Samples/StarterContent/Content/StarterContent/Textures/T_RockMesh_M.uasset" to "A:/UE417Project/CPPtut/Content/StarterContent/Textures/T_RockMesh_M.uasset"
[2020.03.21-08.35.55:227][  0]LogPackFactory: Copied "../../../Samples/StarterContent/Content/StarterContent/Textures/T_RockMesh_N.uasset" to "A:/UE417Project/CPPtut/Content/StarterContent/Textures/T_RockMesh_N.uasset"
[2020.03.21-08.35.55:290][  0]LogPackFactory: Copied "../../../Samples/StarterContent/Content/StarterContent/Textures/T_Rock_Basalt_D.uasset" to "A:/UE417Project/CPPtut/Content/StarterContent/Textures/T_Rock_Basalt_D.uasset"
[2020.03.21-08.35.55:343][  0]LogPackFactory: Copied "../../../Samples/StarterContent/Content/StarterContent/Textures/T_Rock_Basalt_N.uasset" to "A:/UE417Project/CPPtut/Content/StarterContent/Textures/T_Rock_Basalt_N.uasset"
[2020.03.21-08.35.55:383][  0]LogPackFactory: Copied "../../../Samples/StarterContent/Content/StarterContent/Textures/T_Rock_Marble_Polished_D.uasset" to "A:/UE417Project/CPPtut/Content/StarterContent/Textures/T_Rock_Marble_Polished_D.uasset"
[2020.03.21-08.35.55:446][  0]LogPackFactory: Copied "../../../Samples/StarterContent/Content/StarterContent/Textures/T_Rock_Sandstone_D.uasset" to "A:/UE417Project/CPPtut/Content/StarterContent/Textures/T_Rock_Sandstone_D.uasset"
[2020.03.21-08.35.55:506][  0]LogPackFactory: Copied "../../../Samples/StarterContent/Content/StarterContent/Textures/T_Rock_Sandstone_N.uasset" to "A:/UE417Project/CPPtut/Content/StarterContent/Textures/T_Rock_Sandstone_N.uasset"
[2020.03.21-08.35.55:576][  0]LogPackFactory: Copied "../../../Samples/StarterContent/Content/StarterContent/Textures/T_Rock_Slate_D.uasset" to "A:/UE417Project/CPPtut/Content/StarterContent/Textures/T_Rock_Slate_D.uasset"
[2020.03.21-08.35.55:634][  0]LogPackFactory: Copied "../../../Samples/StarterContent/Content/StarterContent/Textures/T_Rock_Slate_N.uasset" to "A:/UE417Project/CPPtut/Content/StarterContent/Textures/T_Rock_Slate_N.uasset"
[2020.03.21-08.35.55:689][  0]LogPackFactory: Copied "../../../Samples/StarterContent/Content/StarterContent/Textures/T_Rock_Smooth_Granite_D.uasset" to "A:/UE417Project/CPPtut/Content/StarterContent/Textures/T_Rock_Smooth_Granite_D.uasset"
[2020.03.21-08.35.55:710][  0]LogPackFactory: Copied "../../../Samples/StarterContent/Content/StarterContent/Textures/T_Shelf_M.uasset" to "A:/UE417Project/CPPtut/Content/StarterContent/Textures/T_Shelf_M.uasset"
[2020.03.21-08.35.55:728][  0]LogPackFactory: Copied "../../../Samples/StarterContent/Content/StarterContent/Textures/T_Shelf_N.uasset" to "A:/UE417Project/CPPtut/Content/StarterContent/Textures/T_Shelf_N.uasset"
[2020.03.21-08.35.55:733][  0]LogPackFactory: Copied "../../../Samples/StarterContent/Content/StarterContent/Textures/T_Single_Tile_N.uasset" to "A:/UE417Project/CPPtut/Content/StarterContent/Textures/T_Single_Tile_N.uasset"
[2020.03.21-08.35.55:758][  0]LogPackFactory: Copied "../../../Samples/StarterContent/Content/StarterContent/Textures/T_Smoke_SubUV.uasset" to "A:/UE417Project/CPPtut/Content/StarterContent/Textures/T_Smoke_SubUV.uasset"
[2020.03.21-08.35.55:760][  0]LogPackFactory: Copied "../../../Samples/StarterContent/Content/StarterContent/Textures/T_Smoke_Tiled_D.uasset" to "A:/UE417Project/CPPtut/Content/StarterContent/Textures/T_Smoke_Tiled_D.uasset"
[2020.03.21-08.35.55:770][  0]LogPackFactory: Copied "../../../Samples/StarterContent/Content/StarterContent/Textures/T_Spark_Core.uasset" to "A:/UE417Project/CPPtut/Content/StarterContent/Textures/T_Spark_Core.uasset"
[2020.03.21-08.35.55:786][  0]LogPackFactory: Copied "../../../Samples/StarterContent/Content/StarterContent/Textures/T_Statue_M.uasset" to "A:/UE417Project/CPPtut/Content/StarterContent/Textures/T_Statue_M.uasset"
[2020.03.21-08.35.55:797][  0]LogPackFactory: Copied "../../../Samples/StarterContent/Content/StarterContent/Textures/T_Statue_N.uasset" to "A:/UE417Project/CPPtut/Content/StarterContent/Textures/T_Statue_N.uasset"
[2020.03.21-08.35.55:822][  0]LogPackFactory: Copied "../../../Samples/StarterContent/Content/StarterContent/Textures/T_TableRound_M.uasset" to "A:/UE417Project/CPPtut/Content/StarterContent/Textures/T_TableRound_M.uasset"
[2020.03.21-08.35.55:848][  0]LogPackFactory: Copied "../../../Samples/StarterContent/Content/StarterContent/Textures/T_TableRound_N.uasset" to "A:/UE417Project/CPPtut/Content/StarterContent/Textures/T_TableRound_N.uasset"
[2020.03.21-08.35.55:857][  0]LogPackFactory: Copied "../../../Samples/StarterContent/Content/StarterContent/Textures/T_Tech_Dot_M.uasset" to "A:/UE417Project/CPPtut/Content/StarterContent/Textures/T_Tech_Dot_M.uasset"
[2020.03.21-08.35.55:863][  0]LogPackFactory: Copied "../../../Samples/StarterContent/Content/StarterContent/Textures/T_Tech_Dot_N.uasset" to "A:/UE417Project/CPPtut/Content/StarterContent/Textures/T_Tech_Dot_N.uasset"
[2020.03.21-08.35.55:872][  0]LogPackFactory: Copied "../../../Samples/StarterContent/Content/StarterContent/Textures/T_Tech_Hex_Tile_M.uasset" to "A:/UE417Project/CPPtut/Content/StarterContent/Textures/T_Tech_Hex_Tile_M.uasset"
[2020.03.21-08.35.55:887][  0]LogPackFactory: Copied "../../../Samples/StarterContent/Content/StarterContent/Textures/T_Tech_Hex_Tile_N.uasset" to "A:/UE417Project/CPPtut/Content/StarterContent/Textures/T_Tech_Hex_Tile_N.uasset"
[2020.03.21-08.35.55:906][  0]LogPackFactory: Copied "../../../Samples/StarterContent/Content/StarterContent/Textures/T_Tech_Panel_M.uasset" to "A:/UE417Project/CPPtut/Content/StarterContent/Textures/T_Tech_Panel_M.uasset"
[2020.03.21-08.35.55:924][  0]LogPackFactory: Copied "../../../Samples/StarterContent/Content/StarterContent/Textures/T_Tech_Panel_N.uasset" to "A:/UE417Project/CPPtut/Content/StarterContent/Textures/T_Tech_Panel_N.uasset"
[2020.03.21-08.35.55:938][  0]LogPackFactory: Copied "../../../Samples/StarterContent/Content/StarterContent/Textures/T_Water_M.uasset" to "A:/UE417Project/CPPtut/Content/StarterContent/Textures/T_Water_M.uasset"
[2020.03.21-08.35.55:960][  0]LogPackFactory: Copied "../../../Samples/StarterContent/Content/StarterContent/Textures/T_Water_N.uasset" to "A:/UE417Project/CPPtut/Content/StarterContent/Textures/T_Water_N.uasset"
[2020.03.21-08.35.55:997][  0]LogPackFactory: Copied "../../../Samples/StarterContent/Content/StarterContent/Textures/T_Wood_Floor_Walnut_D.uasset" to "A:/UE417Project/CPPtut/Content/StarterContent/Textures/T_Wood_Floor_Walnut_D.uasset"
[2020.03.21-08.35.56:027][  0]LogPackFactory: Copied "../../../Samples/StarterContent/Content/StarterContent/Textures/T_Wood_Floor_Walnut_M.uasset" to "A:/UE417Project/CPPtut/Content/StarterContent/Textures/T_Wood_Floor_Walnut_M.uasset"
[2020.03.21-08.35.56:053][  0]LogPackFactory: Copied "../../../Samples/StarterContent/Content/StarterContent/Textures/T_Wood_Floor_Walnut_N.uasset" to "A:/UE417Project/CPPtut/Content/StarterContent/Textures/T_Wood_Floor_Walnut_N.uasset"
[2020.03.21-08.35.56:100][  0]LogPackFactory: Copied "../../../Samples/StarterContent/Content/StarterContent/Textures/T_Wood_Oak_D.uasset" to "A:/UE417Project/CPPtut/Content/StarterContent/Textures/T_Wood_Oak_D.uasset"
[2020.03.21-08.35.56:141][  0]LogPackFactory: Copied "../../../Samples/StarterContent/Content/StarterContent/Textures/T_Wood_Oak_N.uasset" to "A:/UE417Project/CPPtut/Content/StarterContent/Textures/T_Wood_Oak_N.uasset"
[2020.03.21-08.35.56:206][  0]LogPackFactory: Copied "../../../Samples/StarterContent/Content/StarterContent/Textures/T_Wood_Pine_D.uasset" to "A:/UE417Project/CPPtut/Content/StarterContent/Textures/T_Wood_Pine_D.uasset"
[2020.03.21-08.35.56:240][  0]LogPackFactory: Copied "../../../Samples/StarterContent/Content/StarterContent/Textures/T_Wood_Pine_N.uasset" to "A:/UE417Project/CPPtut/Content/StarterContent/Textures/T_Wood_Pine_N.uasset"
[2020.03.21-08.35.56:284][  0]LogPackFactory: Copied "../../../Samples/StarterContent/Content/StarterContent/Textures/T_Wood_Walnut_D.uasset" to "A:/UE417Project/CPPtut/Content/StarterContent/Textures/T_Wood_Walnut_D.uasset"
[2020.03.21-08.35.56:309][  0]LogPackFactory: Copied "../../../Samples/StarterContent/Content/StarterContent/Textures/T_Wood_Walnut_N.uasset" to "A:/UE417Project/CPPtut/Content/StarterContent/Textures/T_Wood_Walnut_N.uasset"
[2020.03.21-08.35.56:340][  0]LogStaticMesh: 正在构建静态网格物体Floor_400x400...
[2020.03.21-08.35.56:341][  0]LogStaticMesh: Built static mesh [0.00s] /Game/StarterContent/Architecture/Floor_400x400.Floor_400x400
[2020.03.21-08.35.56:414][  0]LogRenderer: Reallocating scene render targets to support 256x256 Format 10 NumSamples 1 (Frame:1).
[2020.03.21-08.35.56:505][  0]Cmd: OBJ SAVEPACKAGE PACKAGE="/Game/StarterContent/Architecture/Floor_400x400" FILE="A:/UE417Project/CPPtut/Content/StarterContent/Architecture/Floor_400x400.uasset" SILENT=true
[2020.03.21-08.35.56:519][  0]LogSavePackage: Save=11.00ms
[2020.03.21-08.35.56:519][  0]LogSavePackage: Moving 'A:/UE417Project/CPPtut/Saved/Floor_400x400DCAAE08047A3F30D8C80898D7C56E575.tmp' to 'A:/UE417Project/CPPtut/Content/StarterContent/Architecture/Floor_400x400.uasset'
[2020.03.21-08.35.56:521][  0]LogSavePackage: Display: Finished SavePackage A:/UE417Project/CPPtut/Content/StarterContent/Architecture/Floor_400x400.uasset
[2020.03.21-08.35.56:521][  0]LogFeaturePack: Warning: Inserted 1 feature packs
[2020.03.21-08.35.56:523][  0]Cmd: MAP LOAD FILE="A:/UE417Project/CPPtut/Content/StarterContent/Maps/Minimal_Default.umap" TEMPLATE=0 SHOWPROGRESS=1 FEATURELEVEL=3
[2020.03.21-08.35.56:523][  0]LightingResults: New page: 光照构建
[2020.03.21-08.35.56:567][  0]MapCheck: New page: 地图检测
[2020.03.21-08.35.56:567][  0]LightingResults: New page: 光照构建
[2020.03.21-08.35.57:267][  0]LogAIModule: Creating AISystem for world Minimal_Default
[2020.03.21-08.35.57:287][  0]LogEditorServer: Finished looking for orphan Actors (0.000 secs)
[2020.03.21-08.35.57:305][  0]Cmd: MAP CHECKDEP NOCLEARLOG
[2020.03.21-08.35.57:365][  0]MapCheck: 地图检测完成：0个错误，0 个警告，用时59.702毫秒完成。
[2020.03.21-08.35.57:365][  0]LogFileHelpers: Loading map 'Minimal_Default' took 0.843
[2020.03.21-08.35.57:616][  0]LogCollectionManager: Loaded 0 collections in 0.001244 seconds
[2020.03.21-08.35.57:707][  0]LogFileCache: Scanning file cache for directory 'A:/UE417Project/CPPtut/Saved/Collections/' took 0.01s
[2020.03.21-08.35.57:708][  0]LogFileCache: Scanning file cache for directory 'A:/UE417Project/CPPtut/Content/Developers/tzwang/Collections/' took 0.01s
[2020.03.21-08.35.57:708][  0]LogFileCache: Scanning file cache for directory 'A:/UE417Project/CPPtut/Content/Collections/' took 0.01s
[2020.03.21-08.35.57:708][  0]LogCollectionManager: Rebuilt the GUID cache for 0 collections in 0.000001 seconds
[2020.03.21-08.35.57:719][  0]LogContentBrowser: Native class hierarchy populated in 0.0113 seconds. Added 2387 classes and 502 folders.
[2020.03.21-08.35.57:797][  0]LogContentBrowser: Native class hierarchy updated for 'WidgetCarousel' in 0.0018 seconds. Added 0 classes and 0 folders.
[2020.03.21-08.35.57:844][  0]LogContentBrowser: Native class hierarchy updated for 'AddContentDialog' in 0.0013 seconds. Added 0 classes and 0 folders.
[2020.03.21-08.35.57:908][  0]LogContentBrowser: Native class hierarchy updated for 'SceneOutliner' in 0.0020 seconds. Added 1 classes and 2 folders.
[2020.03.21-08.35.57:937][  0]LogSlate: Took 0.000168 seconds to synchronously load lazily loaded font '../../../Engine/Content/Slate/Fonts/Roboto-Regular.ttf' (155K)
[2020.03.21-08.35.57:940][  0]LogSlate: Took 0.002163 seconds to synchronously load lazily loaded font '../../../Engine/Content/Slate/Fonts/DroidSansFallback.ttf' (3848K)
[2020.03.21-08.35.57:941][  0]LogSlate: Took 0.000162 seconds to synchronously load lazily loaded font '../../../Engine/Content/Slate/Fonts/Roboto-Bold.ttf' (160K)
[2020.03.21-08.35.57:945][  0]LogSlate: Took 0.000157 seconds to synchronously load lazily loaded font '../../../Engine/Content/Editor/Slate/Fonts/FontAwesome.ttf' (139K)
[2020.03.21-08.35.57:989][  0]LogRenderer: Reallocating scene render targets to support 1208x660 Format 10 NumSamples 1 (Frame:1).
[2020.03.21-08.35.58:037][  0]LogSlate: Took 0.000179 seconds to synchronously load lazily loaded font '../../../Engine/Content/Slate/Fonts/Roboto-Light.ttf' (159K)
[2020.03.21-08.35.58:206][  0]LogContentBrowser: Native class hierarchy updated for 'HierarchicalLODOutliner' in 0.0018 seconds. Added 1 classes and 2 folders.
[2020.03.21-08.35.58:206][  0]LogLoad: (Engine Initialization) Total time: 28.82 seconds
[2020.03.21-08.35.58:206][  0]LogLoad: (Engine Initialization) Total Blueprint compile time: 0.00 seconds
[2020.03.21-08.35.58:206][  0]LogExternalProfiler: Found external profiler: VSPerf
[2020.03.21-08.35.58:206][  0]LogExternalProfiler: Using external profiler: VSPerf
[2020.03.21-08.35.58:244][  0]LogContentStreaming: Texture pool size now 1000 MB
[2020.03.21-08.35.58:296][  1]LogAssetRegistry: Asset discovery search completed in 21.7123 seconds
[2020.03.21-08.35.58:298][  1]LogCollectionManager: Rebuilt the object cache for 0 collections in 0.000001 seconds (found 0 objects)
[2020.03.21-08.35.58:298][  1]LogCollectionManager: Fixed up redirectors for 0 collections in 0.000077 seconds (updated 0 objects)
[2020.03.21-08.38.28:412][123]LogSlate: Took 0.128960 seconds to synchronously load lazily loaded font '../../../Engine/Content/SlateDebug/Fonts/LastResort.ttf' (5269K)
[2020.03.21-08.38.33:774][744]LogPackageLocalizationCache: Processed 5 localized package path(s) for 1 prioritized culture(s) in 0.021794 seconds
[2020.03.21-08.38.34:819][745]LogSlate: Took 0.000177 seconds to synchronously load lazily loaded font '../../../Engine/Content/Slate/Fonts/Roboto-Regular.ttf' (155K)
[2020.03.21-08.38.34:823][745]LogSlate: Took 0.000229 seconds to synchronously load lazily loaded font '../../../Engine/Content/Slate/Fonts/Roboto-Bold.ttf' (160K)
[2020.03.21-08.38.34:826][745]LogSlate: Took 0.000196 seconds to synchronously load lazily loaded font '../../../Engine/Content/Editor/Slate/Fonts/FontAwesome.ttf' (139K)
[2020.03.21-08.38.34:827][745]LogSlate: Took 0.000127 seconds to synchronously load lazily loaded font '../../../Engine/Content/Slate/Fonts/Roboto-Light.ttf' (159K)
[2020.03.21-08.38.47:616][241]LogSlate: Took 0.000146 seconds to synchronously load lazily loaded font '../../../Engine/Content/Slate/Fonts/Roboto-Light.ttf' (159K)
[2020.03.21-08.38.47:628][241]Cmd: OBJ SAVEPACKAGE PACKAGE="/Game/StarterContent/Maps/Minimal_Default" FILE="A:/UE417Project/CPPtut/Content/StarterContent/Maps/Minimal_Default.umap" SILENT=true AUTOSAVING=false KEEPDIRTY=false
[2020.03.21-08.38.47:686][241]LogSavePackage: Save=46.26ms
[2020.03.21-08.38.47:686][241]LogSavePackage: Moving 'A:/UE417Project/CPPtut/Saved/Minimal_Default9F5D72C74A8280DE31E318A1CCB1051D.tmp' to 'A:/UE417Project/CPPtut/Content/StarterContent/Maps/Minimal_Default.umap'
[2020.03.21-08.38.47:687][241]LogSavePackage: Display: Finished SavePackage A:/UE417Project/CPPtut/Content/StarterContent/Maps/Minimal_Default.umap
[2020.03.21-08.38.47:695][241]Cmd: OBJ SAVEPACKAGE PACKAGE="/Game/StarterContent/Maps/Minimal_Default_BuiltData" FILE="A:/UE417Project/CPPtut/Content/StarterContent/Maps/Minimal_Default_BuiltData.uasset" SILENT=true
[2020.03.21-08.38.47:735][241]LogSavePackage: Save=38.64ms
[2020.03.21-08.38.47:735][241]LogSavePackage: Moving 'A:/UE417Project/CPPtut/Saved/Minimal_Default_BuiltData57E4DD1F4FFEDBC4EAC74CBBBAD4C1C4.tmp' to 'A:/UE417Project/CPPtut/Content/StarterContent/Maps/Minimal_Default_BuiltData.uasset'
[2020.03.21-08.38.47:737][241]LogSavePackage: Display: Finished SavePackage A:/UE417Project/CPPtut/Content/StarterContent/Maps/Minimal_Default_BuiltData.uasset
[2020.03.21-08.40.18:835][929]LogRenderer: Reallocating scene render targets to support 1528x660 Format 10 NumSamples 1 (Frame:15185).
[2020.03.21-08.41.07:486][409]LogSlate: Took 0.020911 seconds to synchronously load lazily loaded font '../../../Engine/Content/Editor/Slate/Fonts/DroidSansMono.ttf' (77K)
[2020.03.21-08.41.07:497][409]LogSlate: Took 0.001336 seconds to synchronously load lazily loaded font '../../../Engine/Content/Slate/Fonts/DroidSansFallback.ttf' (3848K)
