Log file open, 03/21/20 19:48:30
LogWindows: Failed to load 'aqProf.dll' (GetLastError=126)
LogWindows: File 'aqProf.dll' does not exist
LogWindows: Failed to load 'VtuneApi.dll' (GetLastError=126)
LogWindows: File 'VtuneApi.dll' does not exist
LogWindows: Failed to load 'VtuneApi32e.dll' (GetLastError=126)
LogWindows: File 'VtuneApi32e.dll' does not exist
LogInit: Display: Running engine for game: CPPtut
LogPlatformFile: Not using cached read wrapper
LogInit: Display: RandInit(-745333093) SRandInit(-745333093).
LogTaskGraph: Started task graph with 5 named threads and 14 total threads with 3 sets of task threads.
LogStats: Stats thread started at 0.173938
LogD3D11RHI: Aftermath initialized
LogPluginManager: Mounting plugin Paper2D
LogPluginManager: Mounting plugin LightPropagationVolume
LogPluginManager: Mounting plugin CodeLiteSourceCodeAccess
LogPluginManager: Mounting plugin GitSourceControl
LogPluginManager: Mounting plugin KDevelopSourceCodeAccess
LogPluginManager: Mounting plugin NullSourceCodeAccess
LogPluginManager: Mounting plugin PerforceSourceControl
LogPluginManager: Mounting plugin SubversionSourceControl
LogPluginManager: Mounting plugin UObjectPlugin
LogPluginManager: Mounting plugin VisualStudioSourceCodeAccess
LogPluginManager: Mounting plugin XCodeSourceCodeAccess
LogPluginManager: Mounting plugin AssetManagerEditor
LogPluginManager: Mounting plugin AudioCapture
LogPluginManager: Mounting plugin FacialAnimation
LogPluginManager: Mounting plugin GameplayTagsEditor
LogPluginManager: Mounting plugin MobileLauncherProfileWizard
LogPluginManager: Mounting plugin PluginBrowser
LogPluginManager: Mounting plugin SpeedTreeImporter
LogPluginManager: Mounting plugin AlembicImporter
LogPluginManager: Mounting plugin CharacterAI
LogPluginManager: Mounting plugin HTML5Networking
LogPluginManager: Mounting plugin AndroidMedia
LogPluginManager: Mounting plugin AvfMedia
LogPluginManager: Mounting plugin MediaPlayerEditor
LogPluginManager: Mounting plugin WmfMedia
LogPluginManager: Mounting plugin TcpMessaging
LogPluginManager: Mounting plugin UdpMessaging
LogPluginManager: Mounting plugin LevelSequenceEditor
LogPluginManager: Mounting plugin MatineeToLevelSequence
LogPluginManager: Mounting plugin OnlineSubsystemGooglePlay
LogPluginManager: Mounting plugin OnlineSubsystemIOS
LogPluginManager: Mounting plugin OnlineSubsystem
LogPluginManager: Mounting plugin OnlineSubsystemNull
LogPluginManager: Mounting plugin OnlineSubsystemUtils
LogPluginManager: Mounting plugin AndroidDeviceProfileSelector
LogPluginManager: Mounting plugin AndroidMoviePlayer
LogPluginManager: Mounting plugin AndroidPermission
LogPluginManager: Mounting plugin AppleMoviePlayer
LogPluginManager: Mounting plugin ArchVisCharacter
LogPluginManager: Mounting plugin CableComponent
LogPluginManager: Mounting plugin CustomMeshComponent
LogPluginManager: Mounting plugin ExampleDeviceProfileSelector
LogPluginManager: Mounting plugin GoogleCloudMessaging
LogPluginManager: Mounting plugin ImmediatePhysics
LogPluginManager: Mounting plugin IOSDeviceProfileSelector
LogPluginManager: Mounting plugin LinuxDeviceProfileSelector
LogPluginManager: Mounting plugin LocationServicesBPLibrary
LogPluginManager: Mounting plugin MobilePatchingUtils
LogPluginManager: Mounting plugin OculusVR
LogPluginManager: Mounting plugin PhysXVehicles
LogPluginManager: Mounting plugin ProceduralMeshComponent
LogPluginManager: Mounting plugin RuntimePhysXCooking
LogPluginManager: Mounting plugin SteamVR
LogPluginManager: Mounting plugin WindowsMoviePlayer
LogInit: Using libcurl 7.47.1
LogInit:  - built for x86_64-pc-win32
LogInit:  - supports SSL with OpenSSL/1.0.2g
LogInit:  - supports HTTP deflate (compression) using libz 1.2.8
LogInit:  - other features:
LogInit:      CURL_VERSION_SSL
LogInit:      CURL_VERSION_LIBZ
LogInit:      CURL_VERSION_IPV6
LogInit:      CURL_VERSION_ASYNCHDNS
LogInit:      CURL_VERSION_LARGEFILE
LogInit:      CURL_VERSION_IDN
LogInit:  CurlRequestOptions (configurable via config and command line):
LogInit:  - bVerifyPeer = false  - Libcurl will NOT verify peer certificate
LogInit:  - bUseHttpProxy = false  - Libcurl will NOT use HTTP proxy
LogInit:  - bDontReuseConnections = false  - Libcurl will reuse connections
LogInit:  - CertBundlePath = nullptr  - Libcurl will use whatever was configured at build time.
LogInit: Build: ++UE4+Release-4.17-CL-3658906
LogInit: Engine Version: 4.17.2-3658906+++UE4+Release-4.17
LogInit: Compatible Engine Version: 4.17.0-3573198+++UE4+Release-4.17
LogInit: Net CL: 3573198
LogDevObjectVersion: Number of dev versions registered: 16
LogDevObjectVersion:   Dev-Blueprints (B0D832E4-1F89-4F0D-ACCF-7EB736FD4AA2): 10
LogDevObjectVersion:   Dev-Build (E1C64328-A22C-4D53-A36C-8E866417BD8C): 0
LogDevObjectVersion:   Dev-Core (375EC13C-06E4-48FB-B500-84F0262A717E): 2
LogDevObjectVersion:   Dev-Editor (E4B068ED-F494-42E9-A231-DA0B2E46BB41): 20
LogDevObjectVersion:   Dev-Framework (CFFC743F-43B0-4480-9391-14DF171D2073): 28
LogDevObjectVersion:   Dev-Mobile (B02B49B5-BB20-44E9-A304-32B752E40360): 0
LogDevObjectVersion:   Dev-Networking (A4E4105C-59A1-49B5-A7C5-40C4547EDFEE): 0
LogDevObjectVersion:   Dev-Online (39C831C9-5AE6-47DC-9A44-9C173E1C8E7C): 0
LogDevObjectVersion:   Dev-Physics (78F01B33-EBEA-4F98-B9B4-84EACCB95AA2): 0
LogDevObjectVersion:   Dev-Platform (6631380F-2D4D-43E0-8009-CF276956A95A): 0
LogDevObjectVersion:   Dev-Rendering (12F88B9F-8875-4AFC-A67C-D90C383ABD29): 19
LogDevObjectVersion:   Dev-Sequencer (7B5AE74C-D270-4C10-A958-57980B212A5A): 4
LogDevObjectVersion:   Dev-VR (D7296918-1DD6-4BDD-9DE2-64A83CC13884): 0
LogDevObjectVersion:   Dev-LoadTimes (C2A15278-BFE7-4AFE-6C17-90FF531DF755): 1
LogDevObjectVersion:   Private-Geometry (6EACA3D4-40EC-4CC1-B786-8BED09428FC5): 1
LogDevObjectVersion:   Dev-AnimPhys (29E575DD-E0A3-4627-9D10-D276232CDCEA): 7
LogInit: Compiled (64-bit): Sep 22 2017 13:47:16
LogInit: Compiled with Visual C++: 19.00.24215.01
LogInit: Build Configuration: Development
LogInit: Branch Name: ++UE4+Release-4.17
LogInit: Command line:  -skipcompile
LogInit: Base directory: G:/GameDev/UE_4.17/Engine/Binaries/Win64/
LogInit: Installed Engine Build: 1
LogInit: Presizing for max 8388607 objects, including 0 objects not considered by GC, pre-allocating 0 bytes for permanent pool.
LogInit: Object subsystem initialized
[2020.03.21-11.48.31:308][  0]LogInit: Selected Device Profile: [Windows]
[2020.03.21-11.48.31:308][  0]LogInit: Applying CVar settings loaded from the selected device profile: [Windows]
[2020.03.21-11.48.31:316][  0]LogInit: Computer: tzwang-PC0
[2020.03.21-11.48.31:316][  0]LogInit: User: tzwang
[2020.03.21-11.48.31:316][  0]LogInit: CPU Page size=4096, Cores=4
[2020.03.21-11.48.31:316][  0]LogInit: High frequency timer resolution =3.515624 MHz
[2020.03.21-11.48.31:316][  0]LogMemory: Memory total: Physical=47.9GB (48GB approx)
[2020.03.21-11.48.31:316][  0]LogMemory: Platform Memory Stats for Windows
[2020.03.21-11.48.31:316][  0]LogMemory: Process Physical Memory: 278.88 MB used, 278.88 MB peak
[2020.03.21-11.48.31:316][  0]LogMemory: Process Virtual Memory: 282.45 MB used, 282.45 MB peak
[2020.03.21-11.48.31:316][  0]LogMemory: Physical Memory: 32330.16 MB used,  16749.72 MB free, 49079.88 MB total
[2020.03.21-11.48.31:316][  0]LogMemory: Virtual Memory: 4807.81 MB used,  16749.72 MB free, 134217728.00 MB total
[2020.03.21-11.48.31:626][  0]LogInit: Overriding language with editor language configuration option (en).
[2020.03.21-11.48.31:626][  0]LogInit: Overriding locale with editor locale configuration option (en).
[2020.03.21-11.48.32:325][  0]LogD3D11RHI: D3D11 adapters:
[2020.03.21-11.48.32:658][  0]LogD3D11RHI:    0. 'NVIDIA GeForce GTX 1050 Ti' (Feature Level 11_0)
[2020.03.21-11.48.32:658][  0]LogD3D11RHI:       4018/0/24539 MB DedicatedVideo/DedicatedSystem/SharedSystem, Outputs:2, VendorId:0x10de
[2020.03.21-11.48.32:710][  0]LogD3D11RHI:    1. 'Microsoft Basic Render Driver' (Feature Level 11_0)
[2020.03.21-11.48.32:710][  0]LogD3D11RHI:       0/0/24539 MB DedicatedVideo/DedicatedSystem/SharedSystem, Outputs:0, VendorId:0x1414
[2020.03.21-11.48.32:712][  0]LogD3D11RHI:    2. 'Microsoft Basic Render Driver' (Feature Level 11_0)
[2020.03.21-11.48.32:712][  0]LogD3D11RHI:       0/0/24539 MB DedicatedVideo/DedicatedSystem/SharedSystem, Outputs:0, VendorId:0x1414
[2020.03.21-11.48.32:712][  0]LogD3D11RHI: Chosen D3D11 Adapter: 0
[2020.03.21-11.48.32:722][  0]LogD3D11RHI: Creating new Direct3DDevice
[2020.03.21-11.48.32:722][  0]LogD3D11RHI:     GPU DeviceId: 0x1c82 (for the marketing name, search the web for "GPU Device Id")
[2020.03.21-11.48.32:722][  0]LogWindows: EnumDisplayDevices:
[2020.03.21-11.48.32:722][  0]LogWindows:    0. 'NVIDIA GeForce GTX 1050 Ti' (P:1 D:1)
[2020.03.21-11.48.32:722][  0]LogWindows:    1. 'NVIDIA GeForce GTX 1050 Ti' (P:0 D:1)
[2020.03.21-11.48.32:723][  0]LogWindows:    2. 'NVIDIA GeForce GTX 1050 Ti' (P:0 D:0)
[2020.03.21-11.48.32:723][  0]LogWindows:    3. 'NVIDIA GeForce GTX 1050 Ti' (P:0 D:0)
[2020.03.21-11.48.32:723][  0]LogWindows:    4. 'Citrix Indirect Display Adapter' (P:0 D:0)
[2020.03.21-11.48.32:723][  0]LogWindows:    5. 'Citrix Indirect Display Adapter' (P:0 D:0)
[2020.03.21-11.48.32:724][  0]LogWindows:    6. 'Citrix Indirect Display Adapter' (P:0 D:0)
[2020.03.21-11.48.32:724][  0]LogWindows:    7. 'Citrix Indirect Display Adapter' (P:0 D:0)
[2020.03.21-11.48.32:724][  0]LogWindows:    8. 'Citrix Indirect Display Adapter' (P:0 D:0)
[2020.03.21-11.48.32:725][  0]LogWindows:    9. 'Citrix Indirect Display Adapter' (P:0 D:0)
[2020.03.21-11.48.32:725][  0]LogWindows:    10. 'Citrix Indirect Display Adapter' (P:0 D:0)
[2020.03.21-11.48.32:725][  0]LogWindows:    11. 'Citrix Indirect Display Adapter' (P:0 D:0)
[2020.03.21-11.48.32:725][  0]LogWindows: DebugString: GetVideoDriverDetailsInvalid PrimaryIsNotTheChoosenAdapter GetVideoDriverDetailsInvalid PrimaryIsNotTheChoosenAdapter GetVideoDriverDetailsInvalid PrimaryIsNotTheChoosenAdapter GetVideoDriverDetailsInvalid PrimaryIsNotTheChoosenAdapter GetVideoDriverDetailsInvalid PrimaryIsNotTheChoosenAdapter GetVideoDriverDetailsInvalid PrimaryIsNotTheChoosenAdapter GetVideoDriverDetailsInvalid PrimaryIsNotTheChoosenAdapter GetVideoDriverDetailsInvalid PrimaryIsNotTheChoosenAdapter GetVideoDriverDetailsInvalid PrimaryIsNotTheChoosenAdapter GetVideoDriverDetailsInvalid PrimaryIsNotTheChoosenAdapter GetVideoDriverDetailsInvalid PrimaryIsNotTheChoosenAdapter GetVideoDriverDetailsInvalid PrimaryIsNotTheChoosenAdapter FoundDriverCount:0 
[2020.03.21-11.48.32:725][  0]LogD3D11RHI:     Adapter Name: NVIDIA GeForce GTX 1050 Ti
[2020.03.21-11.48.32:725][  0]LogD3D11RHI:   Driver Version: Unknown (internal:Unknown, unified:Unknown)
[2020.03.21-11.48.32:725][  0]LogD3D11RHI:      Driver Date: Unknown
[2020.03.21-11.48.32:725][  0]LogRHI: Texture pool is 1361 MB (70% of 1945 MB)
[2020.03.21-11.48.32:758][  0]LogD3D11RHI: Async texture creation enabled
[2020.03.21-11.48.32:776][  0]LogD3D11RHI: GPU Timing Frequency: 1000.000000 (Debug: 2 2)
[2020.03.21-11.48.32:883][  0]LogShaderCompilers: Guid format shader working directory is 25 characters bigger than the processId version (A:/UE417Project/CPPtut/Intermediate/Shaders/WorkingDirectory/9188/).
[2020.03.21-11.48.32:883][  0]LogShaderCompilers: Cleaned the shader compiler working directory 'C:/Users/tzwang/AppData/Local/Temp/UnrealShaderWorkingDir/45F3BB6C402B5A25B7A825AC804A9901/'.
[2020.03.21-11.48.32:883][  0]LogShaderCompilers: Display: Using Local Shader Compiler.
[2020.03.21-11.48.33:882][  0]LogTemp: Display: Loaded TP AllDesktopTargetPlatform
[2020.03.21-11.48.33:928][  0]LogTemp: Display: Loaded TP MacClientTargetPlatform
[2020.03.21-11.48.33:974][  0]LogTemp: Display: Loaded TP MacNoEditorTargetPlatform
[2020.03.21-11.48.34:020][  0]LogTemp: Display: Loaded TP MacServerTargetPlatform
[2020.03.21-11.48.34:067][  0]LogTemp: Display: Loaded TP MacTargetPlatform
[2020.03.21-11.48.34:111][  0]LogTemp: Display: Loaded TP WindowsClientTargetPlatform
[2020.03.21-11.48.34:160][  0]LogTemp: Display: Loaded TP WindowsNoEditorTargetPlatform
[2020.03.21-11.48.34:207][  0]LogTemp: Display: Loaded TP WindowsServerTargetPlatform
[2020.03.21-11.48.34:246][  0]LogTemp: Display: Loaded TP WindowsTargetPlatform
[2020.03.21-11.48.34:291][  0]LogTemp: Display: Loaded TP AndroidTargetPlatform
[2020.03.21-11.48.34:334][  0]LogTemp: Display: Loaded TP Android_ASTCTargetPlatform
[2020.03.21-11.48.34:383][  0]LogTemp: Display: Loaded TP Android_ATCTargetPlatform
[2020.03.21-11.48.34:431][  0]LogTemp: Display: Loaded TP Android_DXTTargetPlatform
[2020.03.21-11.48.34:479][  0]LogTemp: Display: Loaded TP Android_ETC1TargetPlatform
[2020.03.21-11.48.34:522][  0]LogTemp: Display: Loaded TP Android_ETC2TargetPlatform
[2020.03.21-11.48.34:617][  0]LogTemp: Display: Loaded TP Android_MultiTargetPlatform
[2020.03.21-11.48.34:617][  0]LogTemp: Display: Loaded TP Android_PVRTCTargetPlatform
[2020.03.21-11.48.34:660][  0]LogTemp: Display: Loaded TP HTML5TargetPlatform
[2020.03.21-11.48.34:749][  0]LogTemp: Display: Loaded TP IOSTargetPlatform
[2020.03.21-11.48.34:774][  0]LogTemp: Display: Loaded TP TVOSTargetPlatform
[2020.03.21-11.48.34:820][  0]LogTemp: Display: Loaded TP LinuxClientTargetPlatform
[2020.03.21-11.48.34:864][  0]LogTemp: Display: Loaded TP LinuxNoEditorTargetPlatform
[2020.03.21-11.48.34:907][  0]LogTemp: Display: Loaded TP LinuxServerTargetPlatform
[2020.03.21-11.48.34:951][  0]LogTemp: Display: Loaded TP LinuxTargetPlatform
[2020.03.21-11.48.34:951][  0]LogTargetPlatformManager: Display: Building Assets For Windows
[2020.03.21-11.48.35:538][  0]LogDerivedDataCache: Display: Max Cache Size: 512 MB
[2020.03.21-11.48.35:617][  0]LogDerivedDataCache: Loaded boot cache 0.08s 93MB C:/Users/tzwang/AppData/Local/UnrealEngine/4.17/DerivedDataCache/Boot.ddc.
[2020.03.21-11.48.35:617][  0]LogDerivedDataCache: Display: Loaded Boot cache: C:/Users/tzwang/AppData/Local/UnrealEngine/4.17/DerivedDataCache/Boot.ddc
[2020.03.21-11.48.35:617][  0]LogDerivedDataCache: FDerivedDataBackendGraph:  Pak pak cache file A:/UE417Project/CPPtut/DerivedDataCache/DDC.ddp not found, will not use a pak cache.
[2020.03.21-11.48.35:617][  0]LogDerivedDataCache: Unable to find inner node Pak for hierarchical cache Hierarchy.
[2020.03.21-11.48.35:617][  0]LogDerivedDataCache: FDerivedDataBackendGraph:  CompressedPak pak cache file A:/UE417Project/CPPtut/DerivedDataCache/Compressed.ddp not found, will not use a pak cache.
[2020.03.21-11.48.35:617][  0]LogDerivedDataCache: Unable to find inner node CompressedPak for hierarchical cache Hierarchy.
[2020.03.21-11.48.35:629][  0]LogDerivedDataCache: Display: Pak cache opened for reading ../../../Engine/DerivedDataCache/Compressed.ddp.
[2020.03.21-11.48.35:643][  0]LogDerivedDataCache: Using Local data cache path C:/Users/tzwang/AppData/Local/UnrealEngine/Common/DerivedDataCache: Writable
[2020.03.21-11.48.35:651][  0]LogMaterial: Verifying Global Shaders for PCD3D_SM5
[2020.03.21-11.48.35:651][  0]LogSlate: Using Freetype 2.6.0
[2020.03.21-11.48.35:652][  0]LogSlate: SlateFontCache - WITH_FREETYPE: 1, WITH_HARFBUZZ: 1
[2020.03.21-11.48.35:652][  0]LogSlate: SlateFontCache - WITH_FREETYPE: 1, WITH_HARFBUZZ: 1
[2020.03.21-11.48.35:897][  0]LogAssetRegistry: FAssetRegistry took 0.0258 seconds to start up
[2020.03.21-11.48.35:987][  0]LogInit: Selected Device Profile: [Windows]
[2020.03.21-11.48.36:121][  0]LogContentStreaming: Texture pool size is 0.00 MB
[2020.03.21-11.48.36:561][  0]LogSimplygon: Simplygon DLL not present - disabling.
[2020.03.21-11.48.36:606][  0]LogMeshReduction: Using SimplygonSwarm for distributed automatic mesh merging
[2020.03.21-11.48.36:606][  0]LogMeshReduction: Using QuadricMeshReduction for automatic static mesh reduction
[2020.03.21-11.48.36:606][  0]LogMeshReduction: No automatic skeletal mesh reduction module available
[2020.03.21-11.48.36:606][  0]LogMeshReduction: No automatic mesh merging module available
[2020.03.21-11.48.36:606][  0]LogMeshMerging: No automatic mesh merging module available
[2020.03.21-11.48.36:962][  0]LogNetVersion: CPPtut , NetCL: 3573198, EngineNetVer: 2, GameNetVer: 0 (Checksum: 254341351)
[2020.03.21-11.48.37:131][  0]LogPackageLocalizationCache: Processed 5 localized package path(s) for 1 prioritized culture(s) in 0.017408 seconds
[2020.03.21-11.48.37:137][  0]LogUObjectArray: 35825 objects as part of root set at end of initial load.
[2020.03.21-11.48.37:137][  0]LogUObjectAllocator: 7529112 out of 0 bytes used by permanent object pool.
[2020.03.21-11.48.37:137][  0]LogUObjectArray: CloseDisregardForGC: 0/0 objects in disregard for GC pool
[2020.03.21-11.48.37:190][  0]LogInit: WinSock: version 1.1 (2.2), MaxSocks=32767, MaxUdp=65467
[2020.03.21-11.48.39:723][  0]LogTcpMessaging: Initializing TcpMessaging bridge
[2020.03.21-11.48.39:761][  0]LogUdpMessaging: Initializing bridge on interface 0.0.0.0:0 to multicast group 230.0.0.1:6666.
[2020.03.21-11.48.40:481][  0]LogMaterial: Uniform references updated for custom material expression Custom.
[2020.03.21-11.48.40:858][  0]SourceControl: Source control is disabled
[2020.03.21-11.48.40:858][  0]SourceControl: Source control is disabled
[2020.03.21-11.48.40:928][  0]SourceControl: Source control is disabled
[2020.03.21-11.48.40:986][  0]SourceControl: Source control is disabled
[2020.03.21-11.48.41:637][  0]LogAndroidPermission: UAndroidPermissionCallbackProxy::GetInstance
[2020.03.21-11.48.41:862][  0]LogOcInput: OculusInput pre-init called
[2020.03.21-11.48.42:105][  0]LogEngine: Initializing Engine...
[2020.03.21-11.48.42:107][  0]LogHMD: Failed to initialize OpenVR with code 110
[2020.03.21-11.48.42:275][  0]LogStats: UGameplayTagsManager::ConstructGameplayTagTree: Construct from data asset -  0.000 s
[2020.03.21-11.48.42:275][  0]LogStats: UGameplayTagsManager::ConstructGameplayTagTree: GameplayTagTreeChangedEvent.Broadcast -  0.000 s
[2020.03.21-11.48.42:402][  0]LogAIModule: Creating AISystem for world Untitled
[2020.03.21-11.48.42:469][  0]LogInit: XAudio2 using '耳机 (AMOI F9 V5.0   Stereo)' : 2 channels at 44.1 kHz using 16 bits per sample (channel mask 0x3)
[2020.03.21-11.48.43:249][  0]LogInit: FAudioDevice initialized.
[2020.03.21-11.48.43:304][  0]LogDerivedDataCache: Saved boot cache 0.06s 93MB C:/Users/tzwang/AppData/Local/UnrealEngine/4.17/DerivedDataCache/Boot.ddc.
[2020.03.21-11.48.43:308][  0]LogInit: Texture streaming: Enabled
[2020.03.21-11.48.43:424][  0]LogEngineSessionManager: EngineSessionManager initialized
[2020.03.21-11.48.43:649][  0]LogInit: Transaction tracking system initialized
[2020.03.21-11.48.43:952][  0]BlueprintLog: New page: Editor Load
[2020.03.21-11.48.44:906][  0]LocalizationService: Localization service is disabled
[2020.03.21-11.48.45:588][  0]LogConsoleResponse: Display: 
[2020.03.21-11.48.45:741][  0]LogCook: Display: Max memory allowance for cook 16384mb min free memory 0mb
[2020.03.21-11.48.45:741][  0]LogCook: Display: Mobile HDR setting 1
[2020.03.21-11.48.45:741][  0]LogGameplayTags: Display: UGameplayTagsManager::DoneAddingNativeTags. DelegateIsBound: 0
[2020.03.21-11.48.45:882][  0]LogFileCache: Scanning file cache for directory 'A:/UE417Project/CPPtut/Content/' took 0.01s
[2020.03.21-11.48.46:790][  0]SourceControl: Source control is disabled
[2020.03.21-11.48.46:790][  0]Cmd: MAP LOAD FILE="A:/UE417Project/CPPtut/Content/StarterContent/Maps/Minimal_Default.umap" TEMPLATE=0 SHOWPROGRESS=1 FEATURELEVEL=3
[2020.03.21-11.48.46:791][  0]LightingResults: New page: Lighting Build
[2020.03.21-11.48.46:833][  0]MapCheck: New page: Map Check
[2020.03.21-11.48.46:833][  0]LightingResults: New page: Lighting Build
[2020.03.21-11.48.47:156][  0]LogAIModule: Creating AISystem for world Minimal_Default
[2020.03.21-11.48.47:163][  0]LogEditorServer: Finished looking for orphan Actors (0.000 secs)
[2020.03.21-11.48.47:177][  0]Cmd: MAP CHECKDEP NOCLEARLOG
[2020.03.21-11.48.47:219][  0]MapCheck: Map check complete: 0 Error(s), 0 Warning(s), took 41.933ms to complete.
[2020.03.21-11.48.47:219][  0]LogFileHelpers: Loading map 'Minimal_Default' took 0.429
[2020.03.21-11.48.47:444][  0]LogCollectionManager: Loaded 0 collections in 0.001167 seconds
[2020.03.21-11.48.47:531][  0]LogFileCache: Scanning file cache for directory 'A:/UE417Project/CPPtut/Saved/Collections/' took 0.01s
[2020.03.21-11.48.47:531][  0]LogFileCache: Scanning file cache for directory 'A:/UE417Project/CPPtut/Content/Developers/tzwang/Collections/' took 0.01s
[2020.03.21-11.48.47:531][  0]LogFileCache: Scanning file cache for directory 'A:/UE417Project/CPPtut/Content/Collections/' took 0.01s
[2020.03.21-11.48.47:531][  0]LogCollectionManager: Rebuilt the GUID cache for 0 collections in 0.000001 seconds
[2020.03.21-11.48.47:541][  0]LogContentBrowser: Native class hierarchy populated in 0.0103 seconds. Added 2387 classes and 504 folders.
[2020.03.21-11.48.47:609][  0]LogContentBrowser: Native class hierarchy updated for 'WidgetCarousel' in 0.0049 seconds. Added 0 classes and 0 folders.
[2020.03.21-11.48.47:656][  0]LogContentBrowser: Native class hierarchy updated for 'AddContentDialog' in 0.0031 seconds. Added 0 classes and 0 folders.
[2020.03.21-11.48.47:712][  0]LogContentBrowser: Native class hierarchy updated for 'SceneOutliner' in 0.0042 seconds. Added 1 classes and 2 folders.
[2020.03.21-11.48.47:744][  0]LogSlate: Took 0.000177 seconds to synchronously load lazily loaded font '../../../Engine/Content/Slate/Fonts/Roboto-Regular.ttf' (155K)
[2020.03.21-11.48.47:749][  0]LogSlate: Took 0.000186 seconds to synchronously load lazily loaded font '../../../Engine/Content/Slate/Fonts/Roboto-Bold.ttf' (160K)
[2020.03.21-11.48.47:751][  0]LogSlate: Took 0.000178 seconds to synchronously load lazily loaded font '../../../Engine/Content/Editor/Slate/Fonts/FontAwesome.ttf' (139K)
[2020.03.21-11.48.47:827][  0]LogRenderer: Reallocating scene render targets to support 1528x456 Format 10 NumSamples 1 (Frame:1).
[2020.03.21-11.48.47:881][  0]LogSlate: Took 0.000184 seconds to synchronously load lazily loaded font '../../../Engine/Content/Slate/Fonts/Roboto-Light.ttf' (159K)
[2020.03.21-11.48.48:047][  0]LogContentBrowser: Native class hierarchy updated for 'HierarchicalLODOutliner' in 0.0030 seconds. Added 1 classes and 2 folders.
[2020.03.21-11.48.48:047][  0]LogLoad: (Engine Initialization) Total time: 18.79 seconds
[2020.03.21-11.48.48:047][  0]LogLoad: (Engine Initialization) Total Blueprint compile time: 0.00 seconds
[2020.03.21-11.48.48:047][  0]LogExternalProfiler: Found external profiler: VSPerf
[2020.03.21-11.48.48:047][  0]LogExternalProfiler: Using external profiler: VSPerf
[2020.03.21-11.48.48:083][  0]LogContentStreaming: Texture pool size now 1000 MB
[2020.03.21-11.48.48:415][  1]LogAssetRegistry: Asset discovery search completed in 12.5412 seconds
[2020.03.21-11.48.48:418][  1]LogCollectionManager: Rebuilt the object cache for 0 collections in 0.000001 seconds (found 0 objects)
[2020.03.21-11.48.48:418][  1]LogCollectionManager: Fixed up redirectors for 0 collections in 0.000097 seconds (updated 0 objects)
[2020.03.21-11.52.09:860][412]LogTemp: Executing iPhonePackager certificates Engine -bundlename com.YourCompany.CPPtut
[2020.03.21-11.52.09:860][412]LogTemp: CWD: G:\GameDev\UE_4.17\Engine\Binaries\DotNET\IOS
[2020.03.21-11.52.09:860][412]LogTemp: Initial Dir: G:\GameDev\UE_4.17
[2020.03.21-11.52.09:860][412]LogTemp: Env CWD: G:\GameDev\UE_4.17\Engine\Binaries\DotNET\IOS
[2020.03.21-11.52.09:860][412]LogTemp: BranchPath = tzwang-PC0/G/GameDev/UE_4.17/Engine/Binaries --- GameBranchPath = tzwang-PC0/G/GameDev/UE_4.17/Engine/Binaries
[2020.03.21-11.52.09:860][412]LogTemp: IPP ERROR: Could not find provision directory 'C:\Users\tzwang\AppData\Local/Apple Computer/MobileDevice/Provisioning Profiles/'.
[2020.03.21-11.52.17:538][434]LogUObjectGlobals: Warning: Failed to find object 'Class /Script/CPPtut.CPPtutGameMode'
[2020.03.21-11.52.23:260][701]LogSlate: Took 0.000144 seconds to synchronously load lazily loaded font '../../../Engine/Content/Slate/Fonts/Roboto-Light.ttf' (159K)
[2020.03.21-11.52.41:465][947]LogSlate: Took 0.000145 seconds to synchronously load lazily loaded font '../../../Engine/Content/Slate/Fonts/Roboto-Light.ttf' (159K)
[2020.03.21-11.52.41:481][947]Cmd: OBJ SAVEPACKAGE PACKAGE="/Game/StarterContent/Maps/Minimal_Default" FILE="A:/UE417Project/CPPtut/Content/StarterContent/Maps/Minimal_Default.umap" SILENT=true AUTOSAVING=false KEEPDIRTY=false
[2020.03.21-11.52.41:533][947]LogSavePackage: Save=41.85ms
[2020.03.21-11.52.41:533][947]LogSavePackage: Moving 'A:/UE417Project/CPPtut/Saved/Minimal_Default67C634E9447CDF7347E3F6947747C724.tmp' to 'A:/UE417Project/CPPtut/Content/StarterContent/Maps/Minimal_Default.umap'
[2020.03.21-11.52.41:535][947]LogSavePackage: Display: Finished SavePackage A:/UE417Project/CPPtut/Content/StarterContent/Maps/Minimal_Default.umap
[2020.03.21-11.52.41:547][947]Cmd: OBJ SAVEPACKAGE PACKAGE="/Game/StarterContent/Maps/Minimal_Default_BuiltData" FILE="A:/UE417Project/CPPtut/Content/StarterContent/Maps/Minimal_Default_BuiltData.uasset" SILENT=true
[2020.03.21-11.52.41:587][947]LogSavePackage: Save=36.75ms
[2020.03.21-11.52.41:587][947]LogSavePackage: Moving 'A:/UE417Project/CPPtut/Saved/Minimal_Default_BuiltDataC26DC7CC421FB6BB6F4378B791D13241.tmp' to 'A:/UE417Project/CPPtut/Content/StarterContent/Maps/Minimal_Default_BuiltData.uasset'
[2020.03.21-11.52.41:588][947]LogSavePackage: Display: Finished SavePackage A:/UE417Project/CPPtut/Content/StarterContent/Maps/Minimal_Default_BuiltData.uasset
[2020.03.21-11.53.06:384][827]LogAIModule: Creating AISystem for world Map_GameKP
[2020.03.21-11.53.06:396][827]Cmd: MAP LOAD FILE="A:/UE417Project/CPPtut/Content/Map_GameKP.umap" TEMPLATE=0 SHOWPROGRESS=1 FEATURELEVEL=3
[2020.03.21-11.53.06:396][827]LightingResults: New page: Lighting Build
[2020.03.21-11.53.06:397][827]LoadErrors: New page: Loading map: Map_GameKP.umap
[2020.03.21-11.53.06:398][827]MapCheck: New page: Map Check
[2020.03.21-11.53.06:398][827]LightingResults: New page: Lighting Build
[2020.03.21-11.53.06:409][827]LogEditorServer: Finished looking for orphan Actors (0.000 secs)
[2020.03.21-11.53.06:430][827]Cmd: MAP CHECKDEP NOCLEARLOG
[2020.03.21-11.53.06:471][827]MapCheck: Map check complete: 0 Error(s), 0 Warning(s), took 40.639ms to complete.
[2020.03.21-11.53.06:471][827]LogFileHelpers: Loading map 'Map_GameKP' took 0.075
[2020.03.21-11.53.36:530][399]LogEditorViewport: Clicking on Actor (LMB): StaticMeshActor (Floor)
[2020.03.21-11.53.38:090][570]Cmd: DELETE
[2020.03.21-11.53.38:090][570]Cmd: ACTOR DELETE
[2020.03.21-11.53.38:092][570]LogEditorActor: Deleted Actor: StaticMeshActor
[2020.03.21-11.53.38:099][570]LogEditorActor: Deleted 1 Actors (0.009 secs)
[2020.03.21-11.53.45:042][374]LogActorFactory: Actor Factory created Cube
[2020.03.21-11.53.50:324][  5]LogActorFactory: Actor Factory created Cube
[2020.03.21-11.54.34:835][513]Cmd: OBJ SAVEPACKAGE PACKAGE="/Game/Map_GameKP" FILE="A:/UE417Project/CPPtut/Content/Map_GameKP.umap" SILENT=true AUTOSAVING=false KEEPDIRTY=false
[2020.03.21-11.54.34:863][513]LogSavePackage: Save=17.63ms
[2020.03.21-11.54.34:863][513]LogSavePackage: Moving 'A:/UE417Project/CPPtut/Saved/Map_GameKPF28D6568466C2ABCF29339906C67D6B5.tmp' to 'A:/UE417Project/CPPtut/Content/Map_GameKP.umap'
[2020.03.21-11.54.34:865][513]LogSavePackage: Display: Finished SavePackage A:/UE417Project/CPPtut/Content/Map_GameKP.umap
[2020.03.21-11.54.34:877][513]Cmd: OBJ SAVEPACKAGE PACKAGE="/Game/Map_GameKP_BuiltData" FILE="A:/UE417Project/CPPtut/Content/Map_GameKP_BuiltData.uasset" SILENT=true
[2020.03.21-11.54.34:888][513]LogSavePackage: Save=8.14ms
[2020.03.21-11.54.34:888][513]LogSavePackage: Moving 'A:/UE417Project/CPPtut/Saved/Map_GameKP_BuiltData2119FFF5482D75B407EF0FA6B8F1BE85.tmp' to 'A:/UE417Project/CPPtut/Content/Map_GameKP_BuiltData.uasset'
[2020.03.21-11.54.34:889][513]LogSavePackage: Display: Finished SavePackage A:/UE417Project/CPPtut/Content/Map_GameKP_BuiltData.uasset
[2020.03.21-11.55.40:220][522]Cmd: OBJ SAVEPACKAGE PACKAGE="/Game/Map_GameKP" FILE="A:/UE417Project/CPPtut/Content/Map_GameKP.umap" SILENT=true AUTOSAVING=false KEEPDIRTY=false
[2020.03.21-11.55.40:245][522]LogSavePackage: Save=16.94ms
[2020.03.21-11.55.40:246][522]LogSavePackage: Moving 'A:/UE417Project/CPPtut/Saved/Map_GameKP89D33BD54E2D76742C7FAF8830E2BDCE.tmp' to 'A:/UE417Project/CPPtut/Content/Map_GameKP.umap'
[2020.03.21-11.55.40:248][522]LogSavePackage: Display: Finished SavePackage A:/UE417Project/CPPtut/Content/Map_GameKP.umap
[2020.03.21-11.55.40:260][522]Cmd: OBJ SAVEPACKAGE PACKAGE="/Game/Map_GameKP_BuiltData" FILE="A:/UE417Project/CPPtut/Content/Map_GameKP_BuiltData.uasset" SILENT=true
[2020.03.21-11.55.40:268][522]LogSavePackage: Save=5.80ms
[2020.03.21-11.55.40:268][522]LogSavePackage: Moving 'A:/UE417Project/CPPtut/Saved/Map_GameKP_BuiltData01EC83904E9B0489BD15BAA8D9ABA1BC.tmp' to 'A:/UE417Project/CPPtut/Content/Map_GameKP_BuiltData.uasset'
[2020.03.21-11.55.40:269][522]LogSavePackage: Display: Finished SavePackage A:/UE417Project/CPPtut/Content/Map_GameKP_BuiltData.uasset
[2020.03.21-11.55.55:379][ 18]Cmd: OBJ SAVEPACKAGE PACKAGE="/Game/Map_GameKP" FILE="A:/UE417Project/CPPtut/Content/Map_GameKP.umap" SILENT=true AUTOSAVING=false KEEPDIRTY=false
[2020.03.21-11.55.55:406][ 18]LogSavePackage: Save=18.61ms
[2020.03.21-11.55.55:406][ 18]LogSavePackage: Moving 'A:/UE417Project/CPPtut/Saved/Map_GameKP5C7F7EF0457A734472B8F7A64CB6536A.tmp' to 'A:/UE417Project/CPPtut/Content/Map_GameKP.umap'
[2020.03.21-11.55.55:407][ 18]LogSavePackage: Display: Finished SavePackage A:/UE417Project/CPPtut/Content/Map_GameKP.umap
[2020.03.21-11.55.55:422][ 18]Cmd: OBJ SAVEPACKAGE PACKAGE="/Game/Map_GameKP_BuiltData" FILE="A:/UE417Project/CPPtut/Content/Map_GameKP_BuiltData.uasset" SILENT=true
[2020.03.21-11.55.55:430][ 18]LogSavePackage: Save=5.88ms
[2020.03.21-11.55.55:430][ 18]LogSavePackage: Moving 'A:/UE417Project/CPPtut/Saved/Map_GameKP_BuiltDataD97AC0FE4850610875A06FAD730226F7.tmp' to 'A:/UE417Project/CPPtut/Content/Map_GameKP_BuiltData.uasset'
[2020.03.21-11.55.55:431][ 18]LogSavePackage: Display: Finished SavePackage A:/UE417Project/CPPtut/Content/Map_GameKP_BuiltData.uasset
[2020.03.21-11.57.15:118][986]Cmd: OBJ SAVEPACKAGE PACKAGE="/Game/Map_GameKP" FILE="A:/UE417Project/CPPtut/Content/Map_GameKP.umap" SILENT=true AUTOSAVING=false KEEPDIRTY=false
[2020.03.21-11.57.15:144][986]LogSavePackage: Save=17.04ms
[2020.03.21-11.57.15:144][986]LogSavePackage: Moving 'A:/UE417Project/CPPtut/Saved/Map_GameKP43EFDE6946416ECD49824182214AAE90.tmp' to 'A:/UE417Project/CPPtut/Content/Map_GameKP.umap'
[2020.03.21-11.57.15:146][986]LogSavePackage: Display: Finished SavePackage A:/UE417Project/CPPtut/Content/Map_GameKP.umap
[2020.03.21-11.57.15:159][986]Cmd: OBJ SAVEPACKAGE PACKAGE="/Game/Map_GameKP_BuiltData" FILE="A:/UE417Project/CPPtut/Content/Map_GameKP_BuiltData.uasset" SILENT=true
[2020.03.21-11.57.15:167][986]LogSavePackage: Save=6.31ms
[2020.03.21-11.57.15:167][986]LogSavePackage: Moving 'A:/UE417Project/CPPtut/Saved/Map_GameKP_BuiltData56BBDA4341A633581768189146C71EA6.tmp' to 'A:/UE417Project/CPPtut/Content/Map_GameKP_BuiltData.uasset'
[2020.03.21-11.57.15:168][986]LogSavePackage: Display: Finished SavePackage A:/UE417Project/CPPtut/Content/Map_GameKP_BuiltData.uasset
[2020.03.21-11.58.40:580][845]LogAudio: Warning: Current Audio Device with ID {0.0.0.00000000}.{408bebc5-b488-4d65-ab56-9e019633f172} was removed. Shutting down audio device.
[2020.03.21-14.10.48:049][388]LogEditorViewport: Clicking on Actor (LMB): BP_Sky_Sphere_C (Sky Sphere)
[2020.03.21-14.13.05:655][127]LogAudio: Warning: Current Audio Device with ID {0.0.0.00000000}.{408bebc5-b488-4d65-ab56-9e019633f172} was removed. Shutting down audio device.
[2020.03.21-14.13.10:669][142]LogAudio: Warning: Current Audio Device with ID {0.0.0.00000000}.{408bebc5-b488-4d65-ab56-9e019633f172} was removed. Shutting down audio device.
[2020.03.21-14.13.38:691][226]LogAudio: Warning: Current Audio Device with ID {0.0.0.00000000}.{408bebc5-b488-4d65-ab56-9e019633f172} was removed. Shutting down audio device.
[2020.03.21-14.13.47:680][253]LogAudio: Warning: Current Audio Device with ID {0.0.0.00000000}.{408bebc5-b488-4d65-ab56-9e019633f172} was removed. Shutting down audio device.
[2020.03.21-14.22.12:499][759]LogSlate: Took 0.000195 seconds to synchronously load lazily loaded font '../../../Engine/Content/Editor/Slate/Fonts/DroidSansMono.ttf' (77K)
[2020.03.21-14.22.12:513][759]LogSlate: Took 0.001623 seconds to synchronously load lazily loaded font '../../../Engine/Content/Slate/Fonts/DroidSansFallback.ttf' (3848K)
[2020.03.21-14.24.35:575][286]LogActorFactory: Actor Factory created SM_Rock
[2020.03.21-14.24.36:690][418]LogActorFactory: Actor Factory created SM_Rock
[2020.03.21-14.24.40:310][825]LogActorFactory: Actor Factory created SM_MatPreviewMesh_02
[2020.03.21-14.24.40:827][886]LogActorFactory: Actor Factory created SM_MatPreviewMesh_02
[2020.03.21-14.24.43:554][198]LogActorFactory: Actor Factory created SM_Chair
[2020.03.21-14.24.45:516][426]LogActorFactory: Actor Factory created SM_Chair
[2020.03.21-14.24.50:817][ 34]LogActorFactory: Actor Factory created SM_WindowFrame
[2020.03.21-14.24.52:251][204]LogActorFactory: Actor Factory created SM_WindowFrame
[2020.03.21-14.24.55:368][572]LogTemp: Repeating last play command: Selected Viewport
[2020.03.21-14.24.55:423][572]LogPlayLevel: PlayLevel: No blueprints needed recompiling
[2020.03.21-14.24.55:425][572]PIE: New page: PIE session: Map_GameKP (Mar 22, 2020, 6:24:55 AM)
[2020.03.21-14.24.55:425][572]LogPlayLevel: Creating play world package: /Game/UEDPIE_0_Map_GameKP
[2020.03.21-14.24.55:428][572]LogPlayLevel: PIE: StaticDuplicateObject took: (0.002987s)
[2020.03.21-14.24.55:429][572]LogAIModule: Creating AISystem for world Map_GameKP
[2020.03.21-14.24.55:430][572]LogPlayLevel: PIE: World Init took: (0.001427s)
[2020.03.21-14.24.55:430][572]LogPlayLevel: PIE: Created PIE world by copying editor world from /Game/Map_GameKP.Map_GameKP to /Game/UEDPIE_0_Map_GameKP.Map_GameKP (0.005015s)
[2020.03.21-14.24.55:470][572]LogInit: XAudio2 using '耳机 (AMOI F9 V5.0   Stereo)' : 2 channels at 44.1 kHz using 16 bits per sample (channel mask 0x3)
[2020.03.21-14.24.55:490][572]LogInit: FAudioDevice initialized.
[2020.03.21-14.24.55:536][572]LogLoad: Game class is 'GameModeBase'
[2020.03.21-14.24.55:539][572]LogWorld: Bringing World /Game/UEDPIE_0_Map_GameKP.Map_GameKP up for play (max tick rate 0) at 2020.03.21-22.24.55
[2020.03.21-14.24.55:540][572]LogWorld: Bringing up level for play took: 0.001403
[2020.03.21-14.24.55:578][572]LogContentBrowser: Native class hierarchy updated for 'MovieSceneCapture' in 0.0038 seconds. Added 11 classes and 0 folders.
[2020.03.21-14.24.55:580][572]PIE: Play in editor start time for /Game/UEDPIE_0_Map_GameKP 0.981
[2020.03.21-14.25.32:917][419]Cmd: OBJ SAVEPACKAGE PACKAGE="/Game/Map_GameKP" FILE="A:/UE417Project/CPPtut/Saved/Autosaves/Game/Map_GameKP_Auto1.umap" SILENT=true AUTOSAVING=true KEEPDIRTY=false
[2020.03.21-14.25.32:942][419]LogSavePackage: Save=22.05ms
[2020.03.21-14.25.32:942][419]LogSavePackage: Moving 'A:/UE417Project/CPPtut/Saved/Map_GameKP_Auto1A56A473F4357F5781055FB8BA3682B26.tmp' to 'A:/UE417Project/CPPtut/Saved/Autosaves/Game/Map_GameKP_Auto1.umap'
[2020.03.21-14.25.32:943][419]LogSavePackage: Display: Finished SavePackage A:/UE417Project/CPPtut/Saved/Autosaves/Game/Map_GameKP_Auto1.umap
[2020.03.21-14.25.32:945][419]LogFileHelpers: Editor autosave (incl. sublevels) for '/Game/Map_GameKP' took 0.036
[2020.03.21-14.25.32:946][419]LogFileHelpers: Editor autosave (incl. sublevels) for all levels took 0.036
[2020.03.21-14.25.51:407][687]LogRenderer: Reallocating scene render targets to support 1528x460 Format 10 NumSamples 1 (Frame:330954).
[2020.03.21-14.25.51:444][688]LogRenderer: Reallocating scene render targets to support 1528x476 Format 10 NumSamples 1 (Frame:330956).
[2020.03.21-14.25.51:487][689]LogRenderer: Reallocating scene render targets to support 1528x496 Format 10 NumSamples 1 (Frame:330958).
[2020.03.21-14.25.51:526][690]LogRenderer: Reallocating scene render targets to support 1528x528 Format 10 NumSamples 1 (Frame:330960).
[2020.03.21-14.25.51:564][691]LogRenderer: Reallocating scene render targets to support 1528x560 Format 10 NumSamples 1 (Frame:330962).
[2020.03.21-14.25.51:601][692]LogRenderer: Reallocating scene render targets to support 1528x580 Format 10 NumSamples 1 (Frame:330964).
[2020.03.21-14.25.51:643][693]LogRenderer: Reallocating scene render targets to support 1528x588 Format 10 NumSamples 1 (Frame:330966).
[2020.03.21-14.25.51:686][694]LogRenderer: Reallocating scene render targets to support 1528x612 Format 10 NumSamples 1 (Frame:330968).
[2020.03.21-14.25.51:732][695]LogRenderer: Reallocating scene render targets to support 1528x616 Format 10 NumSamples 1 (Frame:330970).
[2020.03.21-14.25.51:820][701]LogRenderer: Reallocating scene render targets to support 1528x620 Format 10 NumSamples 1 (Frame:330977).
[2020.03.21-14.27.26:418][630]MapCheck: New page: Map Check
[2020.03.21-14.27.26:442][630]LightingResults: New page: Lighting Build - Mar 22, 2020, 6:27:26 AM
[2020.03.21-14.27.26:494][630]LogSwarmInterface: [OpenConnection] Registering TCP channel ...
[2020.03.21-14.27.26:649][630]LogSwarmInterface: [OpenConnection] Connecting to agent ...
[2020.03.21-14.27.26:667][630]LogSwarmInterface: [TryOpenConnection] Testing the Agent
[2020.03.21-14.27.28:784][630]LogSwarmInterface: [TryOpenConnection] Opening Connection to Agent
[2020.03.21-14.27.28:784][630]LogSwarmInterface: [TryOpenConnection] Local Process ID is 9188
[2020.03.21-14.27.37:726][630]LogStaticLightingSystem: Running Lightmass w/ ImmediateImport mode ENABLED
[2020.03.21-14.27.37:726][630]LogStaticLightingSystem: Running Lightmass w/ ImmediateProcess mode ENABLED
[2020.03.21-14.27.37:726][630]LogStaticLightingSystem: Running Lightmass w/ Sorting mode ENABLED
[2020.03.21-14.27.37:726][630]LogStaticLightingSystem: Running Lightmass w/ Mapping paddings ENABLED
[2020.03.21-14.27.37:727][630]LogStaticLightingSystem: Running Lightmass w/ Mapping debug paddings DISABLED
[2020.03.21-14.27.37:919][630]LogEditorBuildUtils: Build time 0:11
[2020.03.21-14.27.37:936][630]LogMaterial: Missing cached shader map for material FLightmassMaterialRenderer M_Tech_Hex_Tile_Pulse, compiling. 
[2020.03.21-14.27.37:945][630]LogMaterial: Missing cached shader map for material FLightmassMaterialRenderer M_Tech_Hex_Tile_Pulse, compiling. 
[2020.03.21-14.27.37:975][631]LogMaterial: Missing cached shader map for material FLightmassMaterialRenderer M_Rock, compiling. 
[2020.03.21-14.27.37:982][631]LogMaterial: Missing cached shader map for material FLightmassMaterialRenderer M_Rock, compiling. 
[2020.03.21-14.27.38:040][632]LogMaterial: Missing cached shader map for material FLightmassMaterialRenderer M_MaterialSphere_Plain, compiling. 
[2020.03.21-14.27.38:046][632]LogMaterial: Missing cached shader map for material FLightmassMaterialRenderer M_MaterialSphere_Plain, compiling. 
[2020.03.21-14.27.38:070][633]LogMaterial: Missing cached shader map for material FLightmassMaterialRenderer M_MaterialSphere, compiling. 
[2020.03.21-14.27.38:077][633]LogMaterial: Missing cached shader map for material FLightmassMaterialRenderer M_MaterialSphere, compiling. 
[2020.03.21-14.27.38:133][634]LogMaterial: Missing cached shader map for material FLightmassMaterialRenderer M_Frame, compiling. 
[2020.03.21-14.27.38:141][634]LogMaterial: Missing cached shader map for material FLightmassMaterialRenderer M_Frame, compiling. 
[2020.03.21-14.27.45:653][ 66]Job is a success!
[2020.03.21-14.27.45:748][ 67]LogMaterial: Warning: Material /Game/StarterContent/Props/Materials/M_MaterialSphere_Plain.M_MaterialSphere_Plain needed to have new flag set bUsedWithStaticLighting !
[2020.03.21-14.27.45:750][ 67]LogMaterial: Missing cached shader map for material M_MaterialSphere_Plain, compiling. 
[2020.03.21-14.27.45:793][ 67]LogMaterial: Warning: Material /Game/StarterContent/Props/Materials/M_MaterialSphere.M_MaterialSphere needed to have new flag set bUsedWithStaticLighting !
[2020.03.21-14.27.45:795][ 67]LogMaterial: Missing cached shader map for material M_MaterialSphere, compiling. 
[2020.03.21-14.27.45:933][ 67]LogTexture: Display: Building textures: HQ_Lightmap1_1 (AutoDXT, 512X512)
[2020.03.21-14.27.45:933][ 67]LogTexture: Display: Building textures: HQ_Lightmap1_2 (AutoDXT, 64X64)
[2020.03.21-14.27.45:934][ 67]LogTexture: Display: Building textures: LQ_Lightmap_1_1 (DXT1, 512X512)
[2020.03.21-14.27.45:934][ 67]LogTexture: Display: Building textures: LQ_Lightmap_1_2 (DXT1, 64X64)
[2020.03.21-14.27.45:934][ 67]LogTexture: Display: Building textures: ShadowMapTexture2D_3 (G8, 32X32)
[2020.03.21-14.27.45:934][ 67]LogTexture: Display: Building textures: ShadowMapTexture2D_2 (G8, 512X128)
[2020.03.21-14.27.46:061][ 67]Lightmass on tzwang-PC0: 4.41 sec total, 614 ms importing, 25 ms setup, 539 ms photons, 3.02 sec processing, 0 ms extra exporting [6/6 mappings]. Threads: 20.9 sec total, 5.72 sec processing.
[2020.03.21-14.27.46:092][ 67]LogStaticLightingSystem: Illumination: 19.6 sec (71 ms encoding lightmaps, 33 ms encoding shadowmaps)
[2020.03.21-14.27.46:092][ 67]LogStaticLightingSystem: Lightmap texture memory:  0.5 MB (0.5 MB streaming, 0.0 MB non-streaming), 4 textures
[2020.03.21-14.27.46:092][ 67]LogStaticLightingSystem: Shadowmap texture memory: 0.1 MB (0.1 MB streaming, 0.0 MB non-streaming), 2 textures
[2020.03.21-14.27.46:744][ 67]DumpUnbuiltLightIteractions
[2020.03.21-14.27.46:744][ 67]Lights with unbuilt interactions: 0
[2020.03.21-14.27.46:744][ 67]
[2020.03.21-14.27.46:744][ 67]Primitives with unbuilt interactions: 0
[2020.03.21-14.27.46:756][ 68]Cmd: MAP CHECK NOTIFYRESULTS
[2020.03.21-14.27.46:756][ 68]MapCheck: New page: Map_GameKP - Mar 22, 2020, 6:27:46 AM
[2020.03.21-14.27.46:824][ 68]MapCheck: Map check complete: 0 Error(s), 0 Warning(s), took 68.073ms to complete.
[2020.03.21-14.29.28:148][ 99]Cmd: OBJ SAVEPACKAGE PACKAGE="/Game/Map_GameKP" FILE="A:/UE417Project/CPPtut/Content/Map_GameKP.umap" SILENT=true AUTOSAVING=false KEEPDIRTY=false
[2020.03.21-14.29.28:180][ 99]LogSavePackage: Save=24.30ms
[2020.03.21-14.29.28:181][ 99]LogSavePackage: Moving 'A:/UE417Project/CPPtut/Saved/Map_GameKP137F31AD45744485DA886BB3F3D78D26.tmp' to 'A:/UE417Project/CPPtut/Content/Map_GameKP.umap'
[2020.03.21-14.29.28:183][ 99]LogSavePackage: Display: Finished SavePackage A:/UE417Project/CPPtut/Content/Map_GameKP.umap
[2020.03.21-14.29.28:194][ 99]LogFileHelpers: Saving map 'Map_GameKP' took 0.091
[2020.03.21-14.29.28:197][ 99]Cmd: OBJ SAVEPACKAGE PACKAGE="/Game/Map_GameKP_BuiltData" FILE="A:/UE417Project/CPPtut/Content/Map_GameKP_BuiltData.uasset" SILENT=true
[2020.03.21-14.29.28:338][ 99]LogSavePackage: Save=137.65ms
[2020.03.21-14.29.28:338][ 99]LogSavePackage: Moving 'A:/UE417Project/CPPtut/Saved/Map_GameKP_BuiltData5C2E59EB440DE0D7EBE0EC92B746FF1E.tmp' to 'A:/UE417Project/CPPtut/Content/Map_GameKP_BuiltData.uasset'
[2020.03.21-14.29.28:340][ 99]LogSavePackage: Display: Finished SavePackage A:/UE417Project/CPPtut/Content/Map_GameKP_BuiltData.uasset
[2020.03.21-14.29.28:369][ 99]Cmd: OBJ SAVEPACKAGE PACKAGE="/Game/StarterContent/Props/Materials/M_MaterialSphere" FILE="A:/UE417Project/CPPtut/Content/StarterContent/Props/Materials/M_MaterialSphere.uasset" SILENT=true
[2020.03.21-14.29.28:385][ 99]LogSavePackage: Save=12.97ms
[2020.03.21-14.29.28:386][ 99]LogSavePackage: Moving 'A:/UE417Project/CPPtut/Saved/M_MaterialSphere67C29143482DF43F89E1BB9FEF239F9C.tmp' to 'A:/UE417Project/CPPtut/Content/StarterContent/Props/Materials/M_MaterialSphere.uasset'
[2020.03.21-14.29.28:388][ 99]LogSavePackage: Display: Finished SavePackage A:/UE417Project/CPPtut/Content/StarterContent/Props/Materials/M_MaterialSphere.uasset
[2020.03.21-14.29.28:411][ 99]Cmd: OBJ SAVEPACKAGE PACKAGE="/Game/StarterContent/Props/Materials/M_MaterialSphere_Plain" FILE="A:/UE417Project/CPPtut/Content/StarterContent/Props/Materials/M_MaterialSphere_Plain.uasset" SILENT=true
[2020.03.21-14.29.28:423][ 99]LogSavePackage: Save=9.57ms
[2020.03.21-14.29.28:424][ 99]LogSavePackage: Moving 'A:/UE417Project/CPPtut/Saved/M_MaterialSphere_PlainAF9B59A04E01FBF054DA06A36B89E0F3.tmp' to 'A:/UE417Project/CPPtut/Content/StarterContent/Props/Materials/M_MaterialSphere_Plain.uasset'
[2020.03.21-14.29.28:426][ 99]LogSavePackage: Display: Finished SavePackage A:/UE417Project/CPPtut/Content/StarterContent/Props/Materials/M_MaterialSphere_Plain.uasset
[2020.03.21-14.29.28:465][ 99]LogWindowsTextInputMethodSystem: Display: IME system now activated using TSF (微软拼音).
[2020.03.21-14.29.28:677][100]Cmd: QUIT_EDITOR
[2020.03.21-14.29.29:542][100]LogExit: Preparing to exit.
[2020.03.21-14.29.30:253][100]LogExit: Editor shut down
[2020.03.21-14.29.30:282][100]LogExit: Transaction tracking system shut down
[2020.03.21-14.29.30:456][100]LogDirectoryWatcher: A directory notification for '../../../Engine/Content/' was aborted.
[2020.03.21-14.29.30:456][100]LogDirectoryWatcher: A directory notification for 'A:/UE417Project/CPPtut/Content/' was aborted.
[2020.03.21-14.29.30:456][100]LogDirectoryWatcher: A directory notification for '../../../Engine/Plugins/2D/Paper2D/Content/' was aborted.
[2020.03.21-14.29.30:456][100]LogDirectoryWatcher: A directory notification for '../../../Engine/Plugins/Runtime/Oculus/OculusVR/Content/' was aborted.
[2020.03.21-14.29.30:456][100]LogDirectoryWatcher: A directory notification for '../../../Engine/Plugins/Runtime/Steam/SteamVR/Content/' was aborted.
[2020.03.21-14.29.30:523][100]LogExit: Object subsystem successfully closed.
[2020.03.21-14.29.30:553][100]LogD3D11RHI: Shutdown
[2020.03.21-14.29.30:553][100]LogD3D11RHI: CleanupD3DDevice
[2020.03.21-14.29.30:641][100]LogD3D11RHI: ~FD3D11DynamicRHI
[2020.03.21-14.29.30:652][100]LogModuleManager: Shutting down and abandoning module MovieSceneCapture (538)
[2020.03.21-14.29.30:652][100]LogModuleManager: Shutting down and abandoning module HierarchicalLODUtilities (536)
[2020.03.21-14.29.30:652][100]LogModuleManager: Shutting down and abandoning module ExternalImagePicker (534)
[2020.03.21-14.29.30:652][100]LogModuleManager: Shutting down and abandoning module HierarchicalLODOutliner (532)
[2020.03.21-14.29.30:652][100]LogModuleManager: Shutting down and abandoning module SceneOutliner (530)
[2020.03.21-14.29.30:652][100]LogModuleManager: Shutting down and abandoning module AddContentDialog (528)
[2020.03.21-14.29.30:653][100]LogDirectoryWatcher: A directory notification for 'G:/GameDev/UE_4.17/FeaturePacks/' was aborted.
[2020.03.21-14.29.30:658][100]LogModuleManager: Shutting down and abandoning module WidgetCarousel (527)
[2020.03.21-14.29.30:659][100]LogModuleManager: Shutting down and abandoning module EditorWidgets (524)
[2020.03.21-14.29.30:659][100]LogModuleManager: Shutting down and abandoning module CollectionManager (522)
[2020.03.21-14.29.30:659][100]LogDirectoryWatcher: A directory notification for 'A:/UE417Project/CPPtut/Content/Collections/' was aborted.
[2020.03.21-14.29.30:659][100]LogDirectoryWatcher: A directory notification for 'A:/UE417Project/CPPtut/Content/Developers/tzwang/Collections/' was aborted.
[2020.03.21-14.29.30:659][100]LogDirectoryWatcher: A directory notification for 'A:/UE417Project/CPPtut/Saved/Collections/' was aborted.
[2020.03.21-14.29.30:659][100]LogModuleManager: Shutting down and abandoning module StatsViewer (520)
[2020.03.21-14.29.30:659][100]LogModuleManager: Shutting down and abandoning module FoliageEdit (518)
[2020.03.21-14.29.30:659][100]LogModuleManager: Shutting down and abandoning module LandscapeEditor (516)
[2020.03.21-14.29.30:659][100]LogModuleManager: Shutting down and abandoning module MeshPaintMode (514)
[2020.03.21-14.29.30:659][100]LogModuleManager: Shutting down and abandoning module SceneDepthPickerMode (512)
[2020.03.21-14.29.30:659][100]LogModuleManager: Shutting down and abandoning module ActorPickerMode (510)
[2020.03.21-14.29.30:659][100]LogModuleManager: Shutting down and abandoning module GeometryMode (508)
[2020.03.21-14.29.30:659][100]LogModuleManager: Shutting down and abandoning module TextureAlignMode (506)
[2020.03.21-14.29.30:659][100]LogModuleManager: Shutting down and abandoning module BspMode (504)
[2020.03.21-14.29.30:659][100]LogModuleManager: Shutting down and abandoning module PIEPreviewDeviceProfileSelector (502)
[2020.03.21-14.29.30:659][100]LogModuleManager: Shutting down and abandoning module HardwareSurvey (500)
[2020.03.21-14.29.30:659][100]LogModuleManager: Shutting down and abandoning module SequenceRecorderSections (498)
[2020.03.21-14.29.30:659][100]LogModuleManager: Shutting down and abandoning module AutomationWorker (496)
[2020.03.21-14.29.30:659][100]LogModuleManager: Shutting down and abandoning module MatineeToLevelSequence (494)
[2020.03.21-14.29.30:660][100]LogModuleManager: Shutting down and abandoning module LevelSequenceEditor (492)
[2020.03.21-14.29.30:660][100]LogModuleManager: Shutting down and abandoning module PlacementMode (491)
[2020.03.21-14.29.30:660][100]LogModuleManager: Shutting down and abandoning module WmfMediaFactory (488)
[2020.03.21-14.29.30:660][100]LogModuleManager: Shutting down and abandoning module WmfMediaEditor (486)
[2020.03.21-14.29.30:660][100]LogModuleManager: Shutting down and abandoning module AvfMediaFactory (484)
[2020.03.21-14.29.30:660][100]LogModuleManager: Shutting down and abandoning module AvfMediaEditor (482)
[2020.03.21-14.29.30:660][100]LogModuleManager: Shutting down and abandoning module AndroidMediaFactory (480)
[2020.03.21-14.29.30:660][100]LogModuleManager: Shutting down and abandoning module Media (479)
[2020.03.21-14.29.30:660][100]LogModuleManager: Shutting down and abandoning module AndroidMediaEditor (476)
[2020.03.21-14.29.30:660][100]LogModuleManager: Shutting down and abandoning module CharacterAI (474)
[2020.03.21-14.29.30:660][100]LogModuleManager: Shutting down and abandoning module AudioCapture (472)
[2020.03.21-14.29.30:660][100]LogModuleManager: Shutting down and abandoning module SequenceRecorder (471)
[2020.03.21-14.29.30:660][100]LogModuleManager: Shutting down and abandoning module SmartSnapping (468)
[2020.03.21-14.29.30:660][100]LogModuleManager: Shutting down and abandoning module SessionServices (466)
[2020.03.21-14.29.30:660][100]LogModuleManager: Shutting down and abandoning module ViewportSnapping (464)
[2020.03.21-14.29.30:660][100]LogModuleManager: Shutting down and abandoning module ViewportInteraction (462)
[2020.03.21-14.29.30:660][100]LogModuleManager: Shutting down and abandoning module ClothPainter (460)
[2020.03.21-14.29.30:660][100]LogModuleManager: Shutting down and abandoning module LogVisualizer (458)
[2020.03.21-14.29.30:660][100]LogModuleManager: Shutting down and abandoning module IntroTutorials (456)
[2020.03.21-14.29.30:660][100]LogModuleManager: Shutting down and abandoning module GameProjectGeneration (455)
[2020.03.21-14.29.30:660][100]LogModuleManager: Shutting down and abandoning module IOSPlatformEditor (452)
[2020.03.21-14.29.30:660][100]LogModuleManager: Shutting down and abandoning module HTML5PlatformEditor (450)
[2020.03.21-14.29.30:660][100]LogModuleManager: Shutting down and abandoning module AndroidPlatformEditor (448)
[2020.03.21-14.29.30:660][100]LogModuleManager: Shutting down and abandoning module AndroidDeviceDetection (447)
[2020.03.21-14.29.31:070][100]LogModuleManager: Shutting down and abandoning module WindowsPlatformEditor (444)
[2020.03.21-14.29.31:070][100]LogModuleManager: Shutting down and abandoning module IOSRuntimeSettings (442)
[2020.03.21-14.29.31:070][100]LogModuleManager: Shutting down and abandoning module AndroidRuntimeSettings (440)
[2020.03.21-14.29.31:070][100]LogModuleManager: Shutting down and abandoning module InputBindingEditor (438)
[2020.03.21-14.29.31:070][100]LogModuleManager: Shutting down and abandoning module MergeActors (436)
[2020.03.21-14.29.31:071][100]LogModuleManager: Shutting down and abandoning module SizeMap (434)
[2020.03.21-14.29.31:071][100]LogModuleManager: Shutting down and abandoning module TreeMap (432)
[2020.03.21-14.29.31:071][100]LogModuleManager: Shutting down and abandoning module ReferenceViewer (430)
[2020.03.21-14.29.31:071][100]LogModuleManager: Shutting down and abandoning module LocalizationDashboard (428)
[2020.03.21-14.29.31:071][100]LogModuleManager: Shutting down and abandoning module LocalizationService (427)
[2020.03.21-14.29.31:071][100]LogModuleManager: Shutting down and abandoning module HardwareTargeting (424)
[2020.03.21-14.29.31:071][100]LogModuleManager: Shutting down and abandoning module DeviceProfileEditor (422)
[2020.03.21-14.29.31:071][100]LogModuleManager: Shutting down and abandoning module UndoHistory (420)
[2020.03.21-14.29.31:071][100]LogModuleManager: Shutting down and abandoning module XmlParser (418)
[2020.03.21-14.29.31:071][100]LogModuleManager: Shutting down and abandoning module Blutility (416)
[2020.03.21-14.29.31:071][100]LogModuleManager: Shutting down and abandoning module ProjectSettingsViewer (414)
[2020.03.21-14.29.31:071][100]LogModuleManager: Shutting down and abandoning module ProjectTargetPlatformEditor (413)
[2020.03.21-14.29.31:071][100]LogModuleManager: Shutting down and abandoning module EditorSettingsViewer (410)
[2020.03.21-14.29.31:072][100]LogModuleManager: Shutting down and abandoning module SettingsEditor (408)
[2020.03.21-14.29.31:072][100]LogModuleManager: Shutting down and abandoning module ProjectLauncher (406)
[2020.03.21-14.29.31:072][100]LogModuleManager: Shutting down and abandoning module SessionFrontend (404)
[2020.03.21-14.29.31:072][100]LogModuleManager: Shutting down and abandoning module ProfilerClient (402)
[2020.03.21-14.29.31:072][100]LogModuleManager: Shutting down and abandoning module DeviceManager (400)
[2020.03.21-14.29.31:072][100]LogModuleManager: Shutting down and abandoning module TargetDeviceServices (399)
[2020.03.21-14.29.31:127][100]LogModuleManager: Shutting down and abandoning module AutomationController (396)
[2020.03.21-14.29.31:127][100]LogModuleManager: Shutting down and abandoning module AutomationWindow (394)
[2020.03.21-14.29.31:127][100]LogModuleManager: Shutting down and abandoning module Layers (392)
[2020.03.21-14.29.31:127][100]LogModuleManager: Shutting down and abandoning module ComponentVisualizers (390)
[2020.03.21-14.29.31:127][100]LogModuleManager: Shutting down and abandoning module DetailCustomizations (388)
[2020.03.21-14.29.31:127][100]LogModuleManager: Shutting down and abandoning module PackagesDialog (386)
[2020.03.21-14.29.31:127][100]LogModuleManager: Shutting down and abandoning module Persona (384)
[2020.03.21-14.29.31:127][100]LogModuleManager: Shutting down and abandoning module AdvancedPreviewScene (383)
[2020.03.21-14.29.31:127][100]LogModuleManager: Shutting down and abandoning module AnimGraph (381)
[2020.03.21-14.29.31:127][100]LogModuleManager: Shutting down and abandoning module Kismet (378)
[2020.03.21-14.29.31:127][100]LogModuleManager: Shutting down and abandoning module ClassViewer (376)
[2020.03.21-14.29.31:127][100]LogModuleManager: Shutting down and abandoning module Toolbox (374)
[2020.03.21-14.29.31:128][100]LogModuleManager: Shutting down and abandoning module ModuleUI (372)
[2020.03.21-14.29.31:128][100]LogModuleManager: Shutting down and abandoning module MovieSceneTools (370)
[2020.03.21-14.29.31:128][100]LogModuleManager: Shutting down and abandoning module OutputLog (368)
[2020.03.21-14.29.31:128][100]LogModuleManager: Shutting down and abandoning module GammaUI (366)
[2020.03.21-14.29.31:128][100]LogModuleManager: Shutting down and abandoning module Documentation (364)
[2020.03.21-14.29.31:128][100]LogModuleManager: Shutting down and abandoning module MovieSceneTracks (362)
[2020.03.21-14.29.31:128][100]LogModuleManager: Shutting down and abandoning module MovieScene (360)
[2020.03.21-14.29.31:128][100]LogModuleManager: Shutting down and abandoning module Niagara (358)
[2020.03.21-14.29.31:128][100]LogModuleManager: Shutting down and abandoning module NiagaraEditor (357)
[2020.03.21-14.29.31:128][100]LogModuleManager: Shutting down and abandoning module StreamingPauseRendering (354)
[2020.03.21-14.29.31:128][100]LogModuleManager: Shutting down and abandoning module LauncherPlatform (352)
[2020.03.21-14.29.31:128][100]LogModuleManager: Shutting down and abandoning module AnalyticsET (350)
[2020.03.21-14.29.31:128][100]LogModuleManager: Shutting down and abandoning module PortalServices (348)
[2020.03.21-14.29.31:128][100]LogModuleManager: Shutting down and abandoning module PortalRpc (346)
[2020.03.21-14.29.31:128][100]LogModuleManager: Shutting down and abandoning module MessagingRpc (344)
[2020.03.21-14.29.31:128][100]LogModuleManager: Shutting down and abandoning module AIModule (342)
[2020.03.21-14.29.31:128][100]LogModuleManager: Shutting down and abandoning module GameplayDebugger (341)
[2020.03.21-14.29.31:128][100]LogModuleManager: Shutting down and abandoning module AITestSuite (339)
[2020.03.21-14.29.31:128][100]LogModuleManager: Shutting down and abandoning module ProfilerService (336)
[2020.03.21-14.29.31:292][100]LogModuleManager: Shutting down and abandoning module TaskGraph (334)
[2020.03.21-14.29.31:292][100]LogModuleManager: Shutting down and abandoning module SteamVRController (332)
[2020.03.21-14.29.31:292][100]LogModuleManager: Shutting down and abandoning module ProceduralMeshComponentEditor (330)
[2020.03.21-14.29.31:292][100]LogModuleManager: Shutting down and abandoning module ProceduralMeshComponent (328)
[2020.03.21-14.29.31:292][100]LogModuleManager: Shutting down and abandoning module OculusInput (326)
[2020.03.21-14.29.31:292][100]LogModuleManager: Shutting down and abandoning module MobilePatchingUtils (324)
[2020.03.21-14.29.31:292][100]LogModuleManager: Shutting down and abandoning module CustomMeshComponent (322)
[2020.03.21-14.29.31:292][100]LogModuleManager: Shutting down and abandoning module CableComponent (320)
[2020.03.21-14.29.31:292][100]LogModuleManager: Shutting down and abandoning module ArchVisCharacter (318)
[2020.03.21-14.29.31:292][100]LogModuleManager: Shutting down and abandoning module AndroidPermission (316)
[2020.03.21-14.29.31:292][100]LogModuleManager: Shutting down and abandoning module MediaPlayerEditor (312)
[2020.03.21-14.29.31:292][100]LogModuleManager: Shutting down and abandoning module HTML5Networking (310)
[2020.03.21-14.29.31:292][100]LogModuleManager: Shutting down and abandoning module AlembicImporter (308)
[2020.03.21-14.29.31:292][100]LogModuleManager: Shutting down and abandoning module AlembicLibrary (307)
[2020.03.21-14.29.31:292][100]LogModuleManager: Shutting down and abandoning module GeometryCache (306)
[2020.03.21-14.29.31:292][100]LogModuleManager: Shutting down and abandoning module GeometryCacheEd (305)
[2020.03.21-14.29.31:292][100]LogModuleManager: Shutting down and abandoning module SpeedTreeImporter (300)
[2020.03.21-14.29.31:292][100]LogModuleManager: Shutting down and abandoning module PluginBrowser (298)
[2020.03.21-14.29.31:292][100]LogModuleManager: Shutting down and abandoning module MobileLauncherProfileWizard (296)
[2020.03.21-14.29.31:293][100]LogModuleManager: Shutting down and abandoning module VisualStudioSourceCodeAccess (294)
[2020.03.21-14.29.31:293][100]LogModuleManager: Shutting down and abandoning module DesktopPlatform (293)
[2020.03.21-14.29.31:293][100]LogModuleManager: Shutting down and abandoning module UObjectPlugin (290)
[2020.03.21-14.29.31:293][100]LogModuleManager: Shutting down and abandoning module SubversionSourceControl (288)
[2020.03.21-14.29.31:293][100]LogModuleManager: Shutting down and abandoning module PerforceSourceControl (286)
[2020.03.21-14.29.31:293][100]LogModuleManager: Shutting down and abandoning module GitSourceControl (284)
[2020.03.21-14.29.31:293][100]LogModuleManager: Shutting down and abandoning module SourceControl (283)
[2020.03.21-14.29.31:293][100]LogModuleManager: Shutting down and abandoning module LightPropagationVolumeEditor (280)
[2020.03.21-14.29.31:293][100]LogModuleManager: Shutting down and abandoning module PaperTiledImporter (278)
[2020.03.21-14.29.31:293][100]LogModuleManager: Shutting down and abandoning module PaperSpriteSheetImporter (276)
[2020.03.21-14.29.31:293][100]LogModuleManager: Shutting down and abandoning module Paper2DEditor (274)
[2020.03.21-14.29.31:293][100]LogModuleManager: Shutting down and abandoning module MeshPaint (273)
[2020.03.21-14.29.31:293][100]LogModuleManager: Shutting down and abandoning module LevelEditor (271)
[2020.03.21-14.29.31:294][100]LogModuleManager: Shutting down and abandoning module PixelInspectorModule (270)
[2020.03.21-14.29.31:294][100]LogModuleManager: Shutting down and abandoning module MainFrame (268)
[2020.03.21-14.29.31:294][100]LogModuleManager: Shutting down and abandoning module HotReload (267)
[2020.03.21-14.29.31:294][100]LogDirectoryWatcher: A directory notification for 'A:/UE417Project/CPPtut/Binaries/Win64' was aborted.
[2020.03.21-14.29.31:295][100]LogModuleManager: Shutting down and abandoning module CPPtut (262)
[2020.03.21-14.29.31:295][100]LogModuleManager: Shutting down and abandoning module RuntimePhysXCooking (260)
[2020.03.21-14.29.31:295][100]LogModuleManager: Shutting down and abandoning module PhysXVehiclesEditor (258)
[2020.03.21-14.29.31:295][100]LogModuleManager: Shutting down and abandoning module PhysXVehicles (256)
[2020.03.21-14.29.31:295][100]LogModuleManager: Shutting down and abandoning module OculusEditor (254)
[2020.03.21-14.29.31:295][100]LogModuleManager: Shutting down and abandoning module LocationServicesBPLibrary (252)
[2020.03.21-14.29.31:295][100]LogModuleManager: Shutting down and abandoning module ImmediatePhysicsEditor (250)
[2020.03.21-14.29.31:295][100]LogModuleManager: Shutting down and abandoning module ImmediatePhysics (248)
[2020.03.21-14.29.31:295][100]LogModuleManager: Shutting down and abandoning module UdpMessaging (246)
[2020.03.21-14.29.31:396][100]LogModuleManager: Shutting down and abandoning module TcpMessaging (244)
[2020.03.21-14.29.31:497][100]LogModuleManager: Shutting down and abandoning module GameplayTagsEditor (242)
[2020.03.21-14.29.31:497][100]LogModuleManager: Shutting down and abandoning module FacialAnimationEditor (240)
[2020.03.21-14.29.31:497][100]LogModuleManager: Shutting down and abandoning module FacialAnimation (238)
[2020.03.21-14.29.31:497][100]LogModuleManager: Shutting down and abandoning module AssetManagerEditor (236)
[2020.03.21-14.29.31:497][100]LogModuleManager: Shutting down and abandoning module GraphEditor (235)
[2020.03.21-14.29.31:497][100]LogModuleManager: Shutting down and abandoning module ContentBrowser (233)
[2020.03.21-14.29.31:499][100]LogModuleManager: Shutting down and abandoning module LightPropagationVolumeRuntime (230)
[2020.03.21-14.29.31:499][100]LogModuleManager: Shutting down and abandoning module Paper2D (228)
[2020.03.21-14.29.31:499][100]LogModuleManager: Shutting down and abandoning module WindowsMoviePlayer (226)
[2020.03.21-14.29.31:500][100]LogModuleManager: Shutting down and abandoning module WmfMedia (224)
[2020.03.21-14.29.31:501][100]LogModuleManager: Shutting down and abandoning module PacketHandler (222)
[2020.03.21-14.29.31:501][100]LogModuleManager: Shutting down and abandoning module ClothingSystemEditor (220)
[2020.03.21-14.29.31:501][100]LogModuleManager: Shutting down and abandoning module ClothingSystemRuntime (218)
[2020.03.21-14.29.31:501][100]LogModuleManager: Shutting down and abandoning module Overlay (216)
[2020.03.21-14.29.31:501][100]LogModuleManager: Shutting down and abandoning module OverlayEditor (215)
[2020.03.21-14.29.31:501][100]LogModuleManager: Shutting down and abandoning module MediaAssets (212)
[2020.03.21-14.29.31:501][100]LogModuleManager: Shutting down and abandoning module VREditor (210)
[2020.03.21-14.29.31:501][100]LogModuleManager: Shutting down and abandoning module StringTableEditor (208)
[2020.03.21-14.29.31:502][100]LogModuleManager: Shutting down and abandoning module GameplayTasksEditor (206)
[2020.03.21-14.29.31:502][100]LogModuleManager: Shutting down and abandoning module BehaviorTreeEditor (204)
[2020.03.21-14.29.31:502][100]LogModuleManager: Shutting down and abandoning module FunctionalTesting (202)
[2020.03.21-14.29.31:502][100]LogModuleManager: Shutting down and abandoning module CollisionAnalyzer (200)
[2020.03.21-14.29.31:502][100]LogModuleManager: Shutting down and abandoning module WorkspaceMenuStructure (199)
[2020.03.21-14.29.31:502][100]LogModuleManager: Shutting down and abandoning module UMG (196)
[2020.03.21-14.29.31:502][100]LogModuleManager: Shutting down and abandoning module UMGEditor (195)
[2020.03.21-14.29.31:502][100]LogModuleManager: Shutting down and abandoning module Sequencer (194)
[2020.03.21-14.29.31:502][100]LogModuleManager: Shutting down and abandoning module MessageLog (191)
[2020.03.21-14.29.31:502][100]LogModuleManager: Shutting down and abandoning module SlateReflector (186)
[2020.03.21-14.29.31:502][100]LogModuleManager: Shutting down and abandoning module Slate (184)
[2020.03.21-14.29.31:502][100]LogModuleManager: Shutting down and abandoning module EditorStyle (182)
[2020.03.21-14.29.31:504][100]LogModuleManager: Shutting down and abandoning module MRMesh (180)
[2020.03.21-14.29.31:504][100]LogModuleManager: Shutting down and abandoning module SourceCodeAccess (178)
[2020.03.21-14.29.31:504][100]LogModuleManager: Shutting down and abandoning module HeadMountedDisplay (176)
[2020.03.21-14.29.31:504][100]LogModuleManager: Shutting down and abandoning module XAudio2 (174)
[2020.03.21-14.29.31:504][100]LogModuleManager: Shutting down and abandoning module Networking (172)
[2020.03.21-14.29.31:504][100]LogModuleManager: Shutting down and abandoning module Core (168)
[2020.03.21-14.29.31:504][100]LogModuleManager: Shutting down and abandoning module KismetCompiler (164)
[2020.03.21-14.29.31:505][100]LogModuleManager: Shutting down and abandoning module LevelSequence (162)
[2020.03.21-14.29.31:505][100]LogModuleManager: Shutting down and abandoning module MeshUtilities (160)
[2020.03.21-14.29.31:505][100]LogModuleManager: Shutting down and abandoning module MeshMergeUtilities (159)
[2020.03.21-14.29.31:505][100]LogModuleManager: Shutting down and abandoning module MeshReductionInterface (158)
[2020.03.21-14.29.31:505][100]LogModuleManager: Shutting down and abandoning module SimplygonSwarm (157)
[2020.03.21-14.29.31:505][100]LogModuleManager: Shutting down and abandoning module SimplygonMeshReduction (155)
[2020.03.21-14.29.31:505][100]LogModuleManager: Shutting down and abandoning module QuadricMeshReduction (153)
[2020.03.21-14.29.31:505][100]LogModuleManager: Shutting down and abandoning module MaterialBaking (149)
[2020.03.21-14.29.31:505][100]LogModuleManager: Shutting down and abandoning module DirectoryWatcher (146)
[2020.03.21-14.29.31:510][100]LogModuleManager: Shutting down and abandoning module DerivedDataCache (144)
[2020.03.21-14.29.31:525][100]LogDerivedDataCache: Shutdown
[2020.03.21-14.29.31:525][100]LogModuleManager: Shutting down and abandoning module TargetPlatform (142)
[2020.03.21-14.29.31:525][100]LogModuleManager: Shutting down and abandoning module VulkanShaderFormat (141)
[2020.03.21-14.29.31:525][100]LogModuleManager: Shutting down and abandoning module ShaderFormatVectorVM (139)
[2020.03.21-14.29.31:525][100]LogModuleManager: Shutting down and abandoning module ShaderFormatOpenGL (137)
[2020.03.21-14.29.31:525][100]LogModuleManager: Shutting down and abandoning module ShaderFormatD3D (135)
[2020.03.21-14.29.31:525][100]LogModuleManager: Shutting down and abandoning module MetalShaderFormat (133)
[2020.03.21-14.29.31:526][100]LogModuleManager: Shutting down and abandoning module TextureFormatUncompressed (131)
[2020.03.21-14.29.31:526][100]LogModuleManager: Shutting down and abandoning module TextureFormatPVR (129)
[2020.03.21-14.29.31:526][100]LogModuleManager: Shutting down and abandoning module TextureFormatDXT (127)
[2020.03.21-14.29.31:526][100]LogModuleManager: Shutting down and abandoning module TextureFormatIntelISPCTexComp (125)
[2020.03.21-14.29.31:526][100]LogModuleManager: Shutting down and abandoning module TextureFormatASTC (123)
[2020.03.21-14.29.31:526][100]LogModuleManager: Shutting down and abandoning module ImageWrapper (122)
[2020.03.21-14.29.31:526][100]LogModuleManager: Shutting down and abandoning module TextureFormatAndroid (119)
[2020.03.21-14.29.31:526][100]LogModuleManager: Shutting down and abandoning module AudioFormatOpus (117)
[2020.03.21-14.29.31:526][100]LogModuleManager: Shutting down and abandoning module AudioFormatOgg (115)
[2020.03.21-14.29.31:526][100]LogModuleManager: Shutting down and abandoning module AudioFormatADPCM (113)
[2020.03.21-14.29.31:526][100]LogModuleManager: Shutting down and abandoning module LinuxTargetPlatform (111)
[2020.03.21-14.29.31:526][100]LogModuleManager: Shutting down and abandoning module LinuxServerTargetPlatform (109)
[2020.03.21-14.29.31:526][100]LogModuleManager: Shutting down and abandoning module LinuxNoEditorTargetPlatform (107)
[2020.03.21-14.29.31:526][100]LogModuleManager: Shutting down and abandoning module LinuxClientTargetPlatform (105)
[2020.03.21-14.29.31:526][100]LogModuleManager: Shutting down and abandoning module TVOSTargetPlatform (103)
[2020.03.21-14.29.31:526][100]LogModuleManager: Shutting down and abandoning module Messaging (101)
[2020.03.21-14.29.31:526][100]LogModuleManager: Shutting down and abandoning module IOSTargetPlatform (99)
[2020.03.21-14.29.31:526][100]LogModuleManager: Shutting down and abandoning module HTML5TargetPlatform (97)
[2020.03.21-14.29.31:526][100]LogModuleManager: Shutting down and abandoning module Android_PVRTCTargetPlatform (95)
[2020.03.21-14.29.31:526][100]LogModuleManager: Shutting down and abandoning module Android_MultiTargetPlatform (93)
[2020.03.21-14.29.31:526][100]LogModuleManager: Shutting down and abandoning module Android_ETC2TargetPlatform (91)
[2020.03.21-14.29.31:526][100]LogModuleManager: Shutting down and abandoning module Android_ETC1TargetPlatform (89)
[2020.03.21-14.29.31:526][100]LogModuleManager: Shutting down and abandoning module Android_DXTTargetPlatform (87)
[2020.03.21-14.29.31:526][100]LogModuleManager: Shutting down and abandoning module Android_ATCTargetPlatform (85)
[2020.03.21-14.29.31:526][100]LogModuleManager: Shutting down and abandoning module Android_ASTCTargetPlatform (83)
[2020.03.21-14.29.31:526][100]LogModuleManager: Shutting down and abandoning module AndroidTargetPlatform (81)
[2020.03.21-14.29.31:526][100]LogModuleManager: Shutting down and abandoning module WindowsTargetPlatform (79)
[2020.03.21-14.29.31:526][100]LogModuleManager: Shutting down and abandoning module WindowsServerTargetPlatform (77)
[2020.03.21-14.29.31:526][100]LogModuleManager: Shutting down and abandoning module WindowsNoEditorTargetPlatform (75)
[2020.03.21-14.29.31:526][100]LogModuleManager: Shutting down and abandoning module WindowsClientTargetPlatform (73)
[2020.03.21-14.29.31:526][100]LogModuleManager: Shutting down and abandoning module MacTargetPlatform (71)
[2020.03.21-14.29.31:526][100]LogModuleManager: Shutting down and abandoning module MacServerTargetPlatform (69)
[2020.03.21-14.29.31:526][100]LogModuleManager: Shutting down and abandoning module MacNoEditorTargetPlatform (67)
[2020.03.21-14.29.31:527][100]LogModuleManager: Shutting down and abandoning module MacClientTargetPlatform (65)
[2020.03.21-14.29.31:527][100]LogModuleManager: Shutting down and abandoning module AllDesktopTargetPlatform (63)
[2020.03.21-14.29.31:527][100]LogModuleManager: Shutting down and abandoning module InputCore (60)
[2020.03.21-14.29.31:527][100]LogModuleManager: Shutting down and abandoning module Settings (58)
[2020.03.21-14.29.31:527][100]LogModuleManager: Shutting down and abandoning module PhysXCooking (56)
[2020.03.21-14.29.31:527][100]LogModuleManager: Shutting down and abandoning module SteamVR (54)
[2020.03.21-14.29.31:527][100]LogModuleManager: Shutting down and abandoning module OculusHMD (52)
[2020.03.21-14.29.31:527][100]LogModuleManager: Shutting down and abandoning module ExampleDeviceProfileSelector (50)
[2020.03.21-14.29.31:527][100]LogModuleManager: Shutting down and abandoning module OnlineBlueprintSupport (48)
[2020.03.21-14.29.31:527][100]LogModuleManager: Shutting down and abandoning module OnlineSubsystem (44)
[2020.03.21-14.29.31:527][100]LogOnline: Display: Unloading online subsystem: NULL
[2020.03.21-14.29.31:527][100]LogModuleManager: Shutting down and abandoning module XMPP (43)
[2020.03.21-14.29.31:527][100]LogModuleManager: Shutting down and abandoning module HTTP (41)
[2020.03.21-14.29.31:527][100]LogHttp: Display: Http module shutting down, but needs to wait on 1 outstanding Http requests:
[2020.03.21-14.29.31:527][100]LogHttp: Display: 	verb=[POST] url=[https://datarouter.ol.epicgames.com/datarouter/api/v1/public/data?SessionID=%7BEF024EF3-4AC1-5832-D64C-B1A575AFAAEA%7D&AppID=UEEditor.Rocket.Release&AppVersion=4.17.2-3658906%2B%2B%2BUE4%2BRelease-4.17&UserID=d358db32448e9a6cdf20219842276dfb%7Cf87993cff02e45dc9efc6de6ff575145%7Cb9ae6025-f920-4ef4-9b6e-76186eca5171&AppEnvironment=datacollector-binary&UploadType=eteventstream] status=Processing
[2020.03.21-14.29.31:527][100]LogHttp: Display: Sleeping 0.5s to wait for 1 outstanding Http requests.
[2020.03.21-14.29.32:063][100]LogModuleManager: Shutting down and abandoning module SSL (40)
[2020.03.21-14.29.32:064][100]LogModuleManager: Shutting down and abandoning module AnimationModifiers (36)
[2020.03.21-14.29.32:064][100]LogModuleManager: Shutting down and abandoning module PropertyEditor (35)
[2020.03.21-14.29.32:065][100]LogModuleManager: Shutting down and abandoning module AudioEditor (32)
[2020.03.21-14.29.32:065][100]LogModuleManager: Shutting down and abandoning module TextureCompressor (30)
[2020.03.21-14.29.32:065][100]LogModuleManager: Shutting down and abandoning module ShaderCore (28)
[2020.03.21-14.29.32:065][100]LogModuleManager: Shutting down and abandoning module Landscape (26)
[2020.03.21-14.29.32:065][100]LogModuleManager: Shutting down and abandoning module SlateRHIRenderer (24)
[2020.03.21-14.29.32:070][100]LogModuleManager: Shutting down and abandoning module OpenGLDrv (22)
[2020.03.21-14.29.32:070][100]LogModuleManager: Shutting down and abandoning module D3D11RHI (20)
[2020.03.21-14.29.32:070][100]LogModuleManager: Shutting down and abandoning module AnimGraphRuntime (18)
[2020.03.21-14.29.32:070][100]LogModuleManager: Shutting down and abandoning module Renderer (16)
[2020.03.21-14.29.32:070][100]LogModuleManager: Shutting down and abandoning module Engine (14)
[2020.03.21-14.29.32:070][100]LogModuleManager: Shutting down and abandoning module CoreUObject (12)
[2020.03.21-14.29.32:070][100]LogModuleManager: Shutting down and abandoning module NetworkFile (10)
[2020.03.21-14.29.32:071][100]LogModuleManager: Shutting down and abandoning module CookedIterativeFile (8)
[2020.03.21-14.29.32:071][100]LogModuleManager: Shutting down and abandoning module StreamingFile (6)
[2020.03.21-14.29.32:071][100]LogModuleManager: Shutting down and abandoning module SandboxFile (4)
[2020.03.21-14.29.32:071][100]LogModuleManager: Shutting down and abandoning module PakFile (2)
[2020.03.21-14.29.32:074][100]LogExit: Exiting.
[2020.03.21-14.29.32:083][100]Log file closed, 03/21/20 22:29:32
