Log file open, 03/23/20 00:16:33
LogWindows: Failed to load 'aqProf.dll' (GetLastError=126)
LogWindows: File 'aqProf.dll' does not exist
LogWindows: Failed to load 'VtuneApi.dll' (GetLastError=126)
LogWindows: File 'VtuneApi.dll' does not exist
LogWindows: Failed to load 'VtuneApi32e.dll' (GetLastError=126)
LogWindows: File 'VtuneApi32e.dll' does not exist
LogInit: Display: Running engine for game: CPPtut
LogPlatformFile: Not using cached read wrapper
LogInit: Display: RandInit(-1228210102) SRandInit(-1228210102).
LogTaskGraph: Started task graph with 5 named threads and 14 total threads with 3 sets of task threads.
LogStats: Stats thread started at 0.176295
LogD3D11RHI: Aftermath initialized
LogPluginManager: Mounting plugin Paper2D
LogPluginManager: Mounting plugin LightPropagationVolume
LogPluginManager: Mounting plugin CodeLiteSourceCodeAccess
LogPluginManager: Mounting plugin GitSourceControl
LogPluginManager: Mounting plugin KDevelopSourceCodeAccess
LogPluginManager: Mounting plugin NullSourceCodeAccess
LogPluginManager: Mounting plugin PerforceSourceControl
LogPluginManager: Mounting plugin SubversionSourceControl
LogPluginManager: Mounting plugin UObjectPlugin
LogPluginManager: Mounting plugin VisualStudioSourceCodeAccess
LogPluginManager: Mounting plugin XCodeSourceCodeAccess
LogPluginManager: Mounting plugin AssetManagerEditor
LogPluginManager: Mounting plugin AudioCapture
LogPluginManager: Mounting plugin FacialAnimation
LogPluginManager: Mounting plugin GameplayTagsEditor
LogPluginManager: Mounting plugin MobileLauncherProfileWizard
LogPluginManager: Mounting plugin PluginBrowser
LogPluginManager: Mounting plugin SpeedTreeImporter
LogPluginManager: Mounting plugin AlembicImporter
LogPluginManager: Mounting plugin CharacterAI
LogPluginManager: Mounting plugin HTML5Networking
LogPluginManager: Mounting plugin AndroidMedia
LogPluginManager: Mounting plugin AvfMedia
LogPluginManager: Mounting plugin MediaPlayerEditor
LogPluginManager: Mounting plugin WmfMedia
LogPluginManager: Mounting plugin TcpMessaging
LogPluginManager: Mounting plugin UdpMessaging
LogPluginManager: Mounting plugin LevelSequenceEditor
LogPluginManager: Mounting plugin MatineeToLevelSequence
LogPluginManager: Mounting plugin OnlineSubsystemGooglePlay
LogPluginManager: Mounting plugin OnlineSubsystemIOS
LogPluginManager: Mounting plugin OnlineSubsystem
LogPluginManager: Mounting plugin OnlineSubsystemNull
LogPluginManager: Mounting plugin OnlineSubsystemUtils
LogPluginManager: Mounting plugin AndroidDeviceProfileSelector
LogPluginManager: Mounting plugin AndroidMoviePlayer
LogPluginManager: Mounting plugin AndroidPermission
LogPluginManager: Mounting plugin AppleMoviePlayer
LogPluginManager: Mounting plugin ArchVisCharacter
LogPluginManager: Mounting plugin CableComponent
LogPluginManager: Mounting plugin CustomMeshComponent
LogPluginManager: Mounting plugin ExampleDeviceProfileSelector
LogPluginManager: Mounting plugin GoogleCloudMessaging
LogPluginManager: Mounting plugin ImmediatePhysics
LogPluginManager: Mounting plugin IOSDeviceProfileSelector
LogPluginManager: Mounting plugin LinuxDeviceProfileSelector
LogPluginManager: Mounting plugin LocationServicesBPLibrary
LogPluginManager: Mounting plugin MobilePatchingUtils
LogPluginManager: Mounting plugin OculusVR
LogPluginManager: Mounting plugin PhysXVehicles
LogPluginManager: Mounting plugin ProceduralMeshComponent
LogPluginManager: Mounting plugin RuntimePhysXCooking
LogPluginManager: Mounting plugin SteamVR
LogPluginManager: Mounting plugin WindowsMoviePlayer
LogInit: Using libcurl 7.47.1
LogInit:  - built for x86_64-pc-win32
LogInit:  - supports SSL with OpenSSL/1.0.2g
LogInit:  - supports HTTP deflate (compression) using libz 1.2.8
LogInit:  - other features:
LogInit:      CURL_VERSION_SSL
LogInit:      CURL_VERSION_LIBZ
LogInit:      CURL_VERSION_IPV6
LogInit:      CURL_VERSION_ASYNCHDNS
LogInit:      CURL_VERSION_LARGEFILE
LogInit:      CURL_VERSION_IDN
LogInit:  CurlRequestOptions (configurable via config and command line):
LogInit:  - bVerifyPeer = false  - Libcurl will NOT verify peer certificate
LogInit:  - bUseHttpProxy = false  - Libcurl will NOT use HTTP proxy
LogInit:  - bDontReuseConnections = false  - Libcurl will reuse connections
LogInit:  - CertBundlePath = nullptr  - Libcurl will use whatever was configured at build time.
LogInit: Build: ++UE4+Release-4.17-CL-3658906
LogInit: Engine Version: 4.17.2-3658906+++UE4+Release-4.17
LogInit: Compatible Engine Version: 4.17.0-3573198+++UE4+Release-4.17
LogInit: Net CL: 3573198
LogDevObjectVersion: Number of dev versions registered: 16
LogDevObjectVersion:   Dev-Blueprints (B0D832E4-1F89-4F0D-ACCF-7EB736FD4AA2): 10
LogDevObjectVersion:   Dev-Build (E1C64328-A22C-4D53-A36C-8E866417BD8C): 0
LogDevObjectVersion:   Dev-Core (375EC13C-06E4-48FB-B500-84F0262A717E): 2
LogDevObjectVersion:   Dev-Editor (E4B068ED-F494-42E9-A231-DA0B2E46BB41): 20
LogDevObjectVersion:   Dev-Framework (CFFC743F-43B0-4480-9391-14DF171D2073): 28
LogDevObjectVersion:   Dev-Mobile (B02B49B5-BB20-44E9-A304-32B752E40360): 0
LogDevObjectVersion:   Dev-Networking (A4E4105C-59A1-49B5-A7C5-40C4547EDFEE): 0
LogDevObjectVersion:   Dev-Online (39C831C9-5AE6-47DC-9A44-9C173E1C8E7C): 0
LogDevObjectVersion:   Dev-Physics (78F01B33-EBEA-4F98-B9B4-84EACCB95AA2): 0
LogDevObjectVersion:   Dev-Platform (6631380F-2D4D-43E0-8009-CF276956A95A): 0
LogDevObjectVersion:   Dev-Rendering (12F88B9F-8875-4AFC-A67C-D90C383ABD29): 19
LogDevObjectVersion:   Dev-Sequencer (7B5AE74C-D270-4C10-A958-57980B212A5A): 4
LogDevObjectVersion:   Dev-VR (D7296918-1DD6-4BDD-9DE2-64A83CC13884): 0
LogDevObjectVersion:   Dev-LoadTimes (C2A15278-BFE7-4AFE-6C17-90FF531DF755): 1
LogDevObjectVersion:   Private-Geometry (6EACA3D4-40EC-4CC1-B786-8BED09428FC5): 1
LogDevObjectVersion:   Dev-AnimPhys (29E575DD-E0A3-4627-9D10-D276232CDCEA): 7
LogInit: Compiled (64-bit): Sep 22 2017 13:47:16
LogInit: Compiled with Visual C++: 19.00.24215.01
LogInit: Build Configuration: Development
LogInit: Branch Name: ++UE4+Release-4.17
LogInit: Command line:  -skipcompile
LogInit: Base directory: G:/GameDev/UE_4.17/Engine/Binaries/Win64/
LogInit: Installed Engine Build: 1
LogInit: Presizing for max 8388607 objects, including 0 objects not considered by GC, pre-allocating 0 bytes for permanent pool.
LogInit: Object subsystem initialized
[2020.03.22-16.16.34:225][  0]LogInit: Selected Device Profile: [Windows]
[2020.03.22-16.16.34:225][  0]LogInit: Applying CVar settings loaded from the selected device profile: [Windows]
[2020.03.22-16.16.34:232][  0]LogInit: Computer: tzwang-PC0
[2020.03.22-16.16.34:232][  0]LogInit: User: tzwang
[2020.03.22-16.16.34:232][  0]LogInit: CPU Page size=4096, Cores=4
[2020.03.22-16.16.34:232][  0]LogInit: High frequency timer resolution =3.515624 MHz
[2020.03.22-16.16.34:232][  0]LogMemory: Memory total: Physical=47.9GB (48GB approx)
[2020.03.22-16.16.34:232][  0]LogMemory: Platform Memory Stats for Windows
[2020.03.22-16.16.34:232][  0]LogMemory: Process Physical Memory: 277.88 MB used, 277.88 MB peak
[2020.03.22-16.16.34:232][  0]LogMemory: Process Virtual Memory: 274.61 MB used, 274.61 MB peak
[2020.03.22-16.16.34:232][  0]LogMemory: Physical Memory: 33403.32 MB used,  15676.56 MB free, 49079.88 MB total
[2020.03.22-16.16.34:232][  0]LogMemory: Virtual Memory: 4799.81 MB used,  15676.56 MB free, 134217728.00 MB total
[2020.03.22-16.16.34:501][  0]LogInit: Overriding language with editor language configuration option (en).
[2020.03.22-16.16.34:501][  0]LogInit: Overriding locale with editor locale configuration option (en).
[2020.03.22-16.16.35:228][  0]LogD3D11RHI: D3D11 adapters:
[2020.03.22-16.16.35:553][  0]LogD3D11RHI:    0. 'NVIDIA GeForce GTX 1050 Ti' (Feature Level 11_0)
[2020.03.22-16.16.35:553][  0]LogD3D11RHI:       4018/0/24539 MB DedicatedVideo/DedicatedSystem/SharedSystem, Outputs:2, VendorId:0x10de
[2020.03.22-16.16.35:607][  0]LogD3D11RHI:    1. 'Microsoft Basic Render Driver' (Feature Level 11_0)
[2020.03.22-16.16.35:607][  0]LogD3D11RHI:       0/0/24539 MB DedicatedVideo/DedicatedSystem/SharedSystem, Outputs:0, VendorId:0x1414
[2020.03.22-16.16.35:609][  0]LogD3D11RHI:    2. 'Microsoft Basic Render Driver' (Feature Level 11_0)
[2020.03.22-16.16.35:609][  0]LogD3D11RHI:       0/0/24539 MB DedicatedVideo/DedicatedSystem/SharedSystem, Outputs:0, VendorId:0x1414
[2020.03.22-16.16.35:609][  0]LogD3D11RHI: Chosen D3D11 Adapter: 0
[2020.03.22-16.16.35:618][  0]LogD3D11RHI: Creating new Direct3DDevice
[2020.03.22-16.16.35:618][  0]LogD3D11RHI:     GPU DeviceId: 0x1c82 (for the marketing name, search the web for "GPU Device Id")
[2020.03.22-16.16.35:618][  0]LogWindows: EnumDisplayDevices:
[2020.03.22-16.16.35:618][  0]LogWindows:    0. 'NVIDIA GeForce GTX 1050 Ti' (P:1 D:1)
[2020.03.22-16.16.35:618][  0]LogWindows:    1. 'NVIDIA GeForce GTX 1050 Ti' (P:0 D:1)
[2020.03.22-16.16.35:619][  0]LogWindows:    2. 'NVIDIA GeForce GTX 1050 Ti' (P:0 D:0)
[2020.03.22-16.16.35:619][  0]LogWindows:    3. 'NVIDIA GeForce GTX 1050 Ti' (P:0 D:0)
[2020.03.22-16.16.35:619][  0]LogWindows:    4. 'Citrix Indirect Display Adapter' (P:0 D:0)
[2020.03.22-16.16.35:619][  0]LogWindows:    5. 'Citrix Indirect Display Adapter' (P:0 D:0)
[2020.03.22-16.16.35:619][  0]LogWindows:    6. 'Citrix Indirect Display Adapter' (P:0 D:0)
[2020.03.22-16.16.35:620][  0]LogWindows:    7. 'Citrix Indirect Display Adapter' (P:0 D:0)
[2020.03.22-16.16.35:620][  0]LogWindows:    8. 'Citrix Indirect Display Adapter' (P:0 D:0)
[2020.03.22-16.16.35:620][  0]LogWindows:    9. 'Citrix Indirect Display Adapter' (P:0 D:0)
[2020.03.22-16.16.35:620][  0]LogWindows:    10. 'Citrix Indirect Display Adapter' (P:0 D:0)
[2020.03.22-16.16.35:620][  0]LogWindows:    11. 'Citrix Indirect Display Adapter' (P:0 D:0)
[2020.03.22-16.16.35:621][  0]LogWindows: DebugString: GetVideoDriverDetailsInvalid PrimaryIsNotTheChoosenAdapter GetVideoDriverDetailsInvalid PrimaryIsNotTheChoosenAdapter GetVideoDriverDetailsInvalid PrimaryIsNotTheChoosenAdapter GetVideoDriverDetailsInvalid PrimaryIsNotTheChoosenAdapter GetVideoDriverDetailsInvalid PrimaryIsNotTheChoosenAdapter GetVideoDriverDetailsInvalid PrimaryIsNotTheChoosenAdapter GetVideoDriverDetailsInvalid PrimaryIsNotTheChoosenAdapter GetVideoDriverDetailsInvalid PrimaryIsNotTheChoosenAdapter GetVideoDriverDetailsInvalid PrimaryIsNotTheChoosenAdapter GetVideoDriverDetailsInvalid PrimaryIsNotTheChoosenAdapter GetVideoDriverDetailsInvalid PrimaryIsNotTheChoosenAdapter GetVideoDriverDetailsInvalid PrimaryIsNotTheChoosenAdapter FoundDriverCount:0 
[2020.03.22-16.16.35:621][  0]LogD3D11RHI:     Adapter Name: NVIDIA GeForce GTX 1050 Ti
[2020.03.22-16.16.35:621][  0]LogD3D11RHI:   Driver Version: Unknown (internal:Unknown, unified:Unknown)
[2020.03.22-16.16.35:621][  0]LogD3D11RHI:      Driver Date: Unknown
[2020.03.22-16.16.35:621][  0]LogRHI: Texture pool is 1361 MB (70% of 1945 MB)
[2020.03.22-16.16.35:652][  0]LogD3D11RHI: Async texture creation enabled
[2020.03.22-16.16.35:669][  0]LogD3D11RHI: GPU Timing Frequency: 1000.000000 (Debug: 2 2)
[2020.03.22-16.16.35:771][  0]LogShaderCompilers: Guid format shader working directory is 24 characters bigger than the processId version (A:/UE417Project/CPPtut/Intermediate/Shaders/WorkingDirectory/25252/).
[2020.03.22-16.16.35:771][  0]LogShaderCompilers: Cleaned the shader compiler working directory 'C:/Users/tzwang/AppData/Local/Temp/UnrealShaderWorkingDir/4B4D034D4A77462289C0568FD1C38057/'.
[2020.03.22-16.16.35:771][  0]LogShaderCompilers: Display: Using Local Shader Compiler.
[2020.03.22-16.16.36:880][  0]LogTemp: Display: Loaded TP AllDesktopTargetPlatform
[2020.03.22-16.16.36:933][  0]LogTemp: Display: Loaded TP MacClientTargetPlatform
[2020.03.22-16.16.36:980][  0]LogTemp: Display: Loaded TP MacNoEditorTargetPlatform
[2020.03.22-16.16.37:031][  0]LogTemp: Display: Loaded TP MacServerTargetPlatform
[2020.03.22-16.16.37:076][  0]LogTemp: Display: Loaded TP MacTargetPlatform
[2020.03.22-16.16.37:140][  0]LogTemp: Display: Loaded TP WindowsClientTargetPlatform
[2020.03.22-16.16.37:184][  0]LogTemp: Display: Loaded TP WindowsNoEditorTargetPlatform
[2020.03.22-16.16.37:229][  0]LogTemp: Display: Loaded TP WindowsServerTargetPlatform
[2020.03.22-16.16.37:270][  0]LogTemp: Display: Loaded TP WindowsTargetPlatform
[2020.03.22-16.16.37:313][  0]LogTemp: Display: Loaded TP AndroidTargetPlatform
[2020.03.22-16.16.37:361][  0]LogTemp: Display: Loaded TP Android_ASTCTargetPlatform
[2020.03.22-16.16.37:407][  0]LogTemp: Display: Loaded TP Android_ATCTargetPlatform
[2020.03.22-16.16.37:451][  0]LogTemp: Display: Loaded TP Android_DXTTargetPlatform
[2020.03.22-16.16.37:498][  0]LogTemp: Display: Loaded TP Android_ETC1TargetPlatform
[2020.03.22-16.16.37:556][  0]LogTemp: Display: Loaded TP Android_ETC2TargetPlatform
[2020.03.22-16.16.37:655][  0]LogTemp: Display: Loaded TP Android_MultiTargetPlatform
[2020.03.22-16.16.37:655][  0]LogTemp: Display: Loaded TP Android_PVRTCTargetPlatform
[2020.03.22-16.16.37:689][  0]LogTemp: Display: Loaded TP HTML5TargetPlatform
[2020.03.22-16.16.37:783][  0]LogTemp: Display: Loaded TP IOSTargetPlatform
[2020.03.22-16.16.37:810][  0]LogTemp: Display: Loaded TP TVOSTargetPlatform
[2020.03.22-16.16.37:863][  0]LogTemp: Display: Loaded TP LinuxClientTargetPlatform
[2020.03.22-16.16.37:913][  0]LogTemp: Display: Loaded TP LinuxNoEditorTargetPlatform
[2020.03.22-16.16.37:974][  0]LogTemp: Display: Loaded TP LinuxServerTargetPlatform
[2020.03.22-16.16.38:023][  0]LogTemp: Display: Loaded TP LinuxTargetPlatform
[2020.03.22-16.16.38:024][  0]LogTargetPlatformManager: Display: Building Assets For Windows
[2020.03.22-16.16.38:608][  0]LogDerivedDataCache: Display: Max Cache Size: 512 MB
[2020.03.22-16.16.38:684][  0]LogDerivedDataCache: Loaded boot cache 0.08s 93MB C:/Users/tzwang/AppData/Local/UnrealEngine/4.17/DerivedDataCache/Boot.ddc.
[2020.03.22-16.16.38:684][  0]LogDerivedDataCache: Display: Loaded Boot cache: C:/Users/tzwang/AppData/Local/UnrealEngine/4.17/DerivedDataCache/Boot.ddc
[2020.03.22-16.16.38:684][  0]LogDerivedDataCache: FDerivedDataBackendGraph:  Pak pak cache file A:/UE417Project/CPPtut/DerivedDataCache/DDC.ddp not found, will not use a pak cache.
[2020.03.22-16.16.38:684][  0]LogDerivedDataCache: Unable to find inner node Pak for hierarchical cache Hierarchy.
[2020.03.22-16.16.38:684][  0]LogDerivedDataCache: FDerivedDataBackendGraph:  CompressedPak pak cache file A:/UE417Project/CPPtut/DerivedDataCache/Compressed.ddp not found, will not use a pak cache.
[2020.03.22-16.16.38:684][  0]LogDerivedDataCache: Unable to find inner node CompressedPak for hierarchical cache Hierarchy.
[2020.03.22-16.16.38:697][  0]LogDerivedDataCache: Display: Pak cache opened for reading ../../../Engine/DerivedDataCache/Compressed.ddp.
[2020.03.22-16.16.38:714][  0]LogDerivedDataCache: Using Local data cache path C:/Users/tzwang/AppData/Local/UnrealEngine/Common/DerivedDataCache: Writable
[2020.03.22-16.16.38:722][  0]LogMaterial: Verifying Global Shaders for PCD3D_SM5
[2020.03.22-16.16.38:722][  0]LogSlate: Using Freetype 2.6.0
[2020.03.22-16.16.38:723][  0]LogSlate: SlateFontCache - WITH_FREETYPE: 1, WITH_HARFBUZZ: 1
[2020.03.22-16.16.38:723][  0]LogSlate: SlateFontCache - WITH_FREETYPE: 1, WITH_HARFBUZZ: 1
[2020.03.22-16.16.38:954][  0]LogAssetRegistry: FAssetRegistry took 0.0251 seconds to start up
[2020.03.22-16.16.39:061][  0]LogInit: Selected Device Profile: [Windows]
[2020.03.22-16.16.39:578][  0]LogSimplygon: Simplygon DLL not present - disabling.
[2020.03.22-16.16.39:622][  0]LogMeshReduction: Using SimplygonSwarm for distributed automatic mesh merging
[2020.03.22-16.16.39:622][  0]LogMeshReduction: Using QuadricMeshReduction for automatic static mesh reduction
[2020.03.22-16.16.39:622][  0]LogMeshReduction: No automatic skeletal mesh reduction module available
[2020.03.22-16.16.39:622][  0]LogMeshReduction: No automatic mesh merging module available
[2020.03.22-16.16.39:622][  0]LogMeshMerging: No automatic mesh merging module available
[2020.03.22-16.16.39:664][  0]LogContentStreaming: Texture pool size is 0.00 MB
[2020.03.22-16.16.40:035][  0]LogNetVersion: CPPtut , NetCL: 3573198, EngineNetVer: 2, GameNetVer: 0 (Checksum: 254341351)
[2020.03.22-16.16.40:216][  0]LogPackageLocalizationCache: Processed 5 localized package path(s) for 1 prioritized culture(s) in 0.017800 seconds
[2020.03.22-16.16.40:220][  0]LogUObjectArray: 35825 objects as part of root set at end of initial load.
[2020.03.22-16.16.40:220][  0]LogUObjectAllocator: 7529112 out of 0 bytes used by permanent object pool.
[2020.03.22-16.16.40:220][  0]LogUObjectArray: CloseDisregardForGC: 0/0 objects in disregard for GC pool
[2020.03.22-16.16.40:273][  0]LogInit: WinSock: version 1.1 (2.2), MaxSocks=32767, MaxUdp=65467
[2020.03.22-16.16.42:807][  0]LogTcpMessaging: Initializing TcpMessaging bridge
[2020.03.22-16.16.42:848][  0]LogUdpMessaging: Initializing bridge on interface 0.0.0.0:0 to multicast group 230.0.0.1:6666.
[2020.03.22-16.16.43:534][  0]LogMaterial: Uniform references updated for custom material expression Custom.
[2020.03.22-16.16.43:927][  0]SourceControl: Source control is disabled
[2020.03.22-16.16.43:927][  0]SourceControl: Source control is disabled
[2020.03.22-16.16.43:994][  0]SourceControl: Source control is disabled
[2020.03.22-16.16.44:041][  0]SourceControl: Source control is disabled
[2020.03.22-16.16.44:640][  0]LogAndroidPermission: UAndroidPermissionCallbackProxy::GetInstance
[2020.03.22-16.16.44:859][  0]LogOcInput: OculusInput pre-init called
[2020.03.22-16.16.45:094][  0]LogEngine: Initializing Engine...
[2020.03.22-16.16.45:096][  0]LogHMD: Failed to initialize OpenVR with code 110
[2020.03.22-16.16.45:269][  0]LogStats: UGameplayTagsManager::ConstructGameplayTagTree: Construct from data asset -  0.000 s
[2020.03.22-16.16.45:269][  0]LogStats: UGameplayTagsManager::ConstructGameplayTagTree: GameplayTagTreeChangedEvent.Broadcast -  0.000 s
[2020.03.22-16.16.45:405][  0]LogAIModule: Creating AISystem for world Untitled
[2020.03.22-16.16.45:464][  0]LogInit: XAudio2 using '耳机 (AMOI F9 V5.0   Stereo)' : 2 channels at 44.1 kHz using 16 bits per sample (channel mask 0x3)
[2020.03.22-16.16.45:509][  0]LogInit: FAudioDevice initialized.
[2020.03.22-16.16.45:563][  0]LogDerivedDataCache: Saved boot cache 0.05s 93MB C:/Users/tzwang/AppData/Local/UnrealEngine/4.17/DerivedDataCache/Boot.ddc.
[2020.03.22-16.16.45:567][  0]LogInit: Texture streaming: Enabled
[2020.03.22-16.16.45:672][  0]LogEngineSessionManager: EngineSessionManager initialized
[2020.03.22-16.16.45:896][  0]LogInit: Transaction tracking system initialized
[2020.03.22-16.16.46:181][  0]BlueprintLog: New page: Editor Load
[2020.03.22-16.16.47:147][  0]LocalizationService: Localization service is disabled
[2020.03.22-16.16.47:848][  0]LogConsoleResponse: Display: 
[2020.03.22-16.16.47:996][  0]LogCook: Display: Max memory allowance for cook 16384mb min free memory 0mb
[2020.03.22-16.16.47:996][  0]LogCook: Display: Mobile HDR setting 1
[2020.03.22-16.16.47:996][  0]LogGameplayTags: Display: UGameplayTagsManager::DoneAddingNativeTags. DelegateIsBound: 0
[2020.03.22-16.16.48:134][  0]LogFileCache: Scanning file cache for directory 'A:/UE417Project/CPPtut/Content/' took 0.01s
[2020.03.22-16.16.49:001][  0]SourceControl: Source control is disabled
[2020.03.22-16.16.49:001][  0]Cmd: MAP LOAD FILE="A:/UE417Project/CPPtut/Content/Map_GameKP.umap" TEMPLATE=0 SHOWPROGRESS=1 FEATURELEVEL=3
[2020.03.22-16.16.49:001][  0]LightingResults: New page: Lighting Build
[2020.03.22-16.16.49:038][  0]MapCheck: New page: Map Check
[2020.03.22-16.16.49:038][  0]LightingResults: New page: Lighting Build
[2020.03.22-16.16.49:444][  0]LogAIModule: Creating AISystem for world Map_GameKP
[2020.03.22-16.16.49:449][  0]LogEditorServer: Finished looking for orphan Actors (0.000 secs)
[2020.03.22-16.16.49:459][  0]Cmd: MAP CHECKDEP NOCLEARLOG
[2020.03.22-16.16.49:500][  0]MapCheck: Map check complete: 0 Error(s), 0 Warning(s), took 40.792ms to complete.
[2020.03.22-16.16.49:500][  0]LogFileHelpers: Loading map 'Map_GameKP' took 0.499
[2020.03.22-16.16.49:728][  0]LogCollectionManager: Loaded 0 collections in 0.001199 seconds
[2020.03.22-16.16.49:825][  0]LogFileCache: Scanning file cache for directory 'A:/UE417Project/CPPtut/Saved/Collections/' took 0.01s
[2020.03.22-16.16.49:825][  0]LogFileCache: Scanning file cache for directory 'A:/UE417Project/CPPtut/Content/Developers/tzwang/Collections/' took 0.01s
[2020.03.22-16.16.49:825][  0]LogFileCache: Scanning file cache for directory 'A:/UE417Project/CPPtut/Content/Collections/' took 0.01s
[2020.03.22-16.16.49:825][  0]LogCollectionManager: Rebuilt the GUID cache for 0 collections in 0.000001 seconds
[2020.03.22-16.16.49:836][  0]LogContentBrowser: Native class hierarchy populated in 0.0099 seconds. Added 2388 classes and 504 folders.
[2020.03.22-16.16.49:897][  0]LogContentBrowser: Native class hierarchy updated for 'WidgetCarousel' in 0.0033 seconds. Added 0 classes and 0 folders.
[2020.03.22-16.16.49:936][  0]LogContentBrowser: Native class hierarchy updated for 'AddContentDialog' in 0.0028 seconds. Added 0 classes and 0 folders.
[2020.03.22-16.16.49:985][  0]LogContentBrowser: Native class hierarchy updated for 'SceneOutliner' in 0.0029 seconds. Added 1 classes and 2 folders.
[2020.03.22-16.16.50:011][  0]LogSlate: Took 0.000228 seconds to synchronously load lazily loaded font '../../../Engine/Content/Slate/Fonts/Roboto-Regular.ttf' (155K)
[2020.03.22-16.16.50:016][  0]LogSlate: Took 0.000242 seconds to synchronously load lazily loaded font '../../../Engine/Content/Slate/Fonts/Roboto-Bold.ttf' (160K)
[2020.03.22-16.16.50:019][  0]LogSlate: Took 0.000249 seconds to synchronously load lazily loaded font '../../../Engine/Content/Editor/Slate/Fonts/FontAwesome.ttf' (139K)
[2020.03.22-16.16.50:020][  0]LogSlate: Took 0.000210 seconds to synchronously load lazily loaded font '../../../Engine/Content/Editor/Slate/Fonts/DroidSansMono.ttf' (77K)
[2020.03.22-16.16.50:037][  0]LogSlate: Took 0.001950 seconds to synchronously load lazily loaded font '../../../Engine/Content/Slate/Fonts/DroidSansFallback.ttf' (3848K)
[2020.03.22-16.16.50:109][  0]LogRenderer: Reallocating scene render targets to support 1384x480 Format 10 NumSamples 1 (Frame:1).
[2020.03.22-16.16.50:322][  0]LogContentBrowser: Native class hierarchy updated for 'HierarchicalLODOutliner' in 0.0030 seconds. Added 1 classes and 2 folders.
[2020.03.22-16.16.50:323][  0]LogLoad: (Engine Initialization) Total time: 18.18 seconds
[2020.03.22-16.16.50:323][  0]LogLoad: (Engine Initialization) Total Blueprint compile time: 0.00 seconds
[2020.03.22-16.16.50:323][  0]LogExternalProfiler: Found external profiler: VSPerf
[2020.03.22-16.16.50:323][  0]LogExternalProfiler: Using external profiler: VSPerf
[2020.03.22-16.16.50:357][  0]LogContentStreaming: Texture pool size now 1000 MB
[2020.03.22-16.16.50:395][  1]LogAssetRegistry: Asset discovery search completed in 11.4631 seconds
[2020.03.22-16.16.50:397][  1]LogCollectionManager: Rebuilt the object cache for 0 collections in 0.000001 seconds (found 0 objects)
[2020.03.22-16.16.50:397][  1]LogCollectionManager: Fixed up redirectors for 0 collections in 0.000156 seconds (updated 0 objects)
[2020.03.22-16.16.54:147][426]LogSlate: Took 0.000152 seconds to synchronously load lazily loaded font '../../../Engine/Content/Slate/Fonts/Roboto-Light.ttf' (159K)
[2020.03.22-16.17.09:773][877]LogSlate: Took 0.000144 seconds to synchronously load lazily loaded font '../../../Engine/Content/Slate/Fonts/Roboto-Light.ttf' (159K)
[2020.03.22-16.17.10:113][877]LogContentBrowser: Native class hierarchy updated for 'BlueprintGraph' in 0.0034 seconds. Added 113 classes and 0 folders.
[2020.03.22-16.17.10:644][877]LogSlate: Took 0.000147 seconds to synchronously load lazily loaded font '../../../Engine/Content/Slate/Fonts/Roboto-Regular.ttf' (155K)
[2020.03.22-16.17.13:269][ 93]LogSlate: Took 0.000158 seconds to synchronously load lazily loaded font '../../../Engine/Content/Editor/Slate/Fonts/Roboto-BoldCondensed.ttf' (158K)
[2020.03.22-16.17.27:784][136]LogSlate: Took 0.000160 seconds to synchronously load lazily loaded font '../../../Engine/Content/Editor/Slate/Fonts/Roboto-Italic.ttf' (157K)
[2020.03.22-16.17.36:565][624]LogSlate: Took 0.000149 seconds to synchronously load lazily loaded font '../../../Engine/Content/Slate/Fonts/Roboto-Light.ttf' (159K)
[2020.03.22-16.17.44:901][597]Cmd: OBJ SAVEPACKAGE PACKAGE="/Game/BluePrint/Player_Character_BP" FILE="A:/UE417Project/CPPtut/Content/BluePrint/Player_Character_BP.uasset" SILENT=true
[2020.03.22-16.17.44:933][597]LogSavePackage: Save=28.30ms
[2020.03.22-16.17.44:933][597]LogSavePackage: Moving 'A:/UE417Project/CPPtut/Saved/Player_Character_BPCC81EAA9490E23CD963873B8D1C92A23.tmp' to 'A:/UE417Project/CPPtut/Content/BluePrint/Player_Character_BP.uasset'
[2020.03.22-16.17.44:935][597]LogSavePackage: Display: Finished SavePackage A:/UE417Project/CPPtut/Content/BluePrint/Player_Character_BP.uasset
[2020.03.22-16.17.54:224][850]BlueprintLog: New page: Compile Player_Character_BP
[2020.03.22-16.18.27:918][511]LogVSAccessor: Warning: Couldn't goto line number '0' in 'A:/UE417Project/CPPtut/Source/CPPtut/Public/Characters/Player_Character.h'
[2020.03.22-16.18.27:990][511]LogVSAccessor: Warning: Couldn't goto line number '0' in 'A:/UE417Project/CPPtut/Source/CPPtut/Private/Characters/Player_Character.cpp'
