Log file open, 03/22/20 22:52:52
LogWindows: Failed to load 'aqProf.dll' (GetLastError=126)
LogWindows: File 'aqProf.dll' does not exist
LogWindows: Failed to load 'VtuneApi.dll' (GetLastError=126)
LogWindows: File 'VtuneApi.dll' does not exist
LogWindows: Failed to load 'VtuneApi32e.dll' (GetLastError=126)
LogWindows: File 'VtuneApi32e.dll' does not exist
LogInit: Display: Running engine for game: CPPtut
LogPlatformFile: Not using cached read wrapper
LogInit: Display: RandInit(-1697628115) SRandInit(-1697628115).
LogTaskGraph: Started task graph with 5 named threads and 14 total threads with 3 sets of task threads.
LogStats: Stats thread started at 0.175862
LogD3D11RHI: Aftermath initialized
LogPluginManager: Mounting plugin Paper2D
LogPluginManager: Mounting plugin LightPropagationVolume
LogPluginManager: Mounting plugin CodeLiteSourceCodeAccess
LogPluginManager: Mounting plugin GitSourceControl
LogPluginManager: Mounting plugin KDevelopSourceCodeAccess
LogPluginManager: Mounting plugin NullSourceCodeAccess
LogPluginManager: Mounting plugin PerforceSourceControl
LogPluginManager: Mounting plugin SubversionSourceControl
LogPluginManager: Mounting plugin UObjectPlugin
LogPluginManager: Mounting plugin VisualStudioSourceCodeAccess
LogPluginManager: Mounting plugin XCodeSourceCodeAccess
LogPluginManager: Mounting plugin AssetManagerEditor
LogPluginManager: Mounting plugin AudioCapture
LogPluginManager: Mounting plugin FacialAnimation
LogPluginManager: Mounting plugin GameplayTagsEditor
LogPluginManager: Mounting plugin MobileLauncherProfileWizard
LogPluginManager: Mounting plugin PluginBrowser
LogPluginManager: Mounting plugin SpeedTreeImporter
LogPluginManager: Mounting plugin AlembicImporter
LogPluginManager: Mounting plugin CharacterAI
LogPluginManager: Mounting plugin HTML5Networking
LogPluginManager: Mounting plugin AndroidMedia
LogPluginManager: Mounting plugin AvfMedia
LogPluginManager: Mounting plugin MediaPlayerEditor
LogPluginManager: Mounting plugin WmfMedia
LogPluginManager: Mounting plugin TcpMessaging
LogPluginManager: Mounting plugin UdpMessaging
LogPluginManager: Mounting plugin LevelSequenceEditor
LogPluginManager: Mounting plugin MatineeToLevelSequence
LogPluginManager: Mounting plugin OnlineSubsystemGooglePlay
LogPluginManager: Mounting plugin OnlineSubsystemIOS
LogPluginManager: Mounting plugin OnlineSubsystem
LogPluginManager: Mounting plugin OnlineSubsystemNull
LogPluginManager: Mounting plugin OnlineSubsystemUtils
LogPluginManager: Mounting plugin AndroidDeviceProfileSelector
LogPluginManager: Mounting plugin AndroidMoviePlayer
LogPluginManager: Mounting plugin AndroidPermission
LogPluginManager: Mounting plugin AppleMoviePlayer
LogPluginManager: Mounting plugin ArchVisCharacter
LogPluginManager: Mounting plugin CableComponent
LogPluginManager: Mounting plugin CustomMeshComponent
LogPluginManager: Mounting plugin ExampleDeviceProfileSelector
LogPluginManager: Mounting plugin GoogleCloudMessaging
LogPluginManager: Mounting plugin ImmediatePhysics
LogPluginManager: Mounting plugin IOSDeviceProfileSelector
LogPluginManager: Mounting plugin LinuxDeviceProfileSelector
LogPluginManager: Mounting plugin LocationServicesBPLibrary
LogPluginManager: Mounting plugin MobilePatchingUtils
LogPluginManager: Mounting plugin OculusVR
LogPluginManager: Mounting plugin PhysXVehicles
LogPluginManager: Mounting plugin ProceduralMeshComponent
LogPluginManager: Mounting plugin RuntimePhysXCooking
LogPluginManager: Mounting plugin SteamVR
LogPluginManager: Mounting plugin WindowsMoviePlayer
LogInit: Using libcurl 7.47.1
LogInit:  - built for x86_64-pc-win32
LogInit:  - supports SSL with OpenSSL/1.0.2g
LogInit:  - supports HTTP deflate (compression) using libz 1.2.8
LogInit:  - other features:
LogInit:      CURL_VERSION_SSL
LogInit:      CURL_VERSION_LIBZ
LogInit:      CURL_VERSION_IPV6
LogInit:      CURL_VERSION_ASYNCHDNS
LogInit:      CURL_VERSION_LARGEFILE
LogInit:      CURL_VERSION_IDN
LogInit:  CurlRequestOptions (configurable via config and command line):
LogInit:  - bVerifyPeer = false  - Libcurl will NOT verify peer certificate
LogInit:  - bUseHttpProxy = false  - Libcurl will NOT use HTTP proxy
LogInit:  - bDontReuseConnections = false  - Libcurl will reuse connections
LogInit:  - CertBundlePath = nullptr  - Libcurl will use whatever was configured at build time.
LogInit: Build: ++UE4+Release-4.17-CL-3658906
LogInit: Engine Version: 4.17.2-3658906+++UE4+Release-4.17
LogInit: Compatible Engine Version: 4.17.0-3573198+++UE4+Release-4.17
LogInit: Net CL: 3573198
LogDevObjectVersion: Number of dev versions registered: 16
LogDevObjectVersion:   Dev-Blueprints (B0D832E4-1F89-4F0D-ACCF-7EB736FD4AA2): 10
LogDevObjectVersion:   Dev-Build (E1C64328-A22C-4D53-A36C-8E866417BD8C): 0
LogDevObjectVersion:   Dev-Core (375EC13C-06E4-48FB-B500-84F0262A717E): 2
LogDevObjectVersion:   Dev-Editor (E4B068ED-F494-42E9-A231-DA0B2E46BB41): 20
LogDevObjectVersion:   Dev-Framework (CFFC743F-43B0-4480-9391-14DF171D2073): 28
LogDevObjectVersion:   Dev-Mobile (B02B49B5-BB20-44E9-A304-32B752E40360): 0
LogDevObjectVersion:   Dev-Networking (A4E4105C-59A1-49B5-A7C5-40C4547EDFEE): 0
LogDevObjectVersion:   Dev-Online (39C831C9-5AE6-47DC-9A44-9C173E1C8E7C): 0
LogDevObjectVersion:   Dev-Physics (78F01B33-EBEA-4F98-B9B4-84EACCB95AA2): 0
LogDevObjectVersion:   Dev-Platform (6631380F-2D4D-43E0-8009-CF276956A95A): 0
LogDevObjectVersion:   Dev-Rendering (12F88B9F-8875-4AFC-A67C-D90C383ABD29): 19
LogDevObjectVersion:   Dev-Sequencer (7B5AE74C-D270-4C10-A958-57980B212A5A): 4
LogDevObjectVersion:   Dev-VR (D7296918-1DD6-4BDD-9DE2-64A83CC13884): 0
LogDevObjectVersion:   Dev-LoadTimes (C2A15278-BFE7-4AFE-6C17-90FF531DF755): 1
LogDevObjectVersion:   Private-Geometry (6EACA3D4-40EC-4CC1-B786-8BED09428FC5): 1
LogDevObjectVersion:   Dev-AnimPhys (29E575DD-E0A3-4627-9D10-D276232CDCEA): 7
LogInit: Compiled (64-bit): Sep 22 2017 13:47:16
LogInit: Compiled with Visual C++: 19.00.24215.01
LogInit: Build Configuration: Development
LogInit: Branch Name: ++UE4+Release-4.17
LogInit: Command line:  -skipcompile
LogInit: Base directory: G:/GameDev/UE_4.17/Engine/Binaries/Win64/
LogInit: Installed Engine Build: 1
LogInit: Presizing for max 8388607 objects, including 0 objects not considered by GC, pre-allocating 0 bytes for permanent pool.
LogInit: Object subsystem initialized
[2020.03.22-14.52.53:872][  0]LogInit: Selected Device Profile: [Windows]
[2020.03.22-14.52.53:873][  0]LogInit: Applying CVar settings loaded from the selected device profile: [Windows]
[2020.03.22-14.52.53:881][  0]LogInit: Computer: tzwang-PC0
[2020.03.22-14.52.53:881][  0]LogInit: User: tzwang
[2020.03.22-14.52.53:881][  0]LogInit: CPU Page size=4096, Cores=4
[2020.03.22-14.52.53:881][  0]LogInit: High frequency timer resolution =3.515624 MHz
[2020.03.22-14.52.53:882][  0]LogMemory: Memory total: Physical=47.9GB (48GB approx)
[2020.03.22-14.52.53:882][  0]LogMemory: Platform Memory Stats for Windows
[2020.03.22-14.52.53:882][  0]LogMemory: Process Physical Memory: 279.08 MB used, 279.08 MB peak
[2020.03.22-14.52.53:882][  0]LogMemory: Process Virtual Memory: 282.43 MB used, 282.43 MB peak
[2020.03.22-14.52.53:882][  0]LogMemory: Physical Memory: 33044.00 MB used,  16035.88 MB free, 49079.88 MB total
[2020.03.22-14.52.53:882][  0]LogMemory: Virtual Memory: 4807.81 MB used,  16035.88 MB free, 134217728.00 MB total
[2020.03.22-14.52.54:215][  0]LogInit: Overriding language with editor language configuration option (en).
[2020.03.22-14.52.54:215][  0]LogInit: Overriding locale with editor locale configuration option (en).
[2020.03.22-14.52.54:919][  0]LogD3D11RHI: D3D11 adapters:
[2020.03.22-14.52.55:249][  0]LogD3D11RHI:    0. 'NVIDIA GeForce GTX 1050 Ti' (Feature Level 11_0)
[2020.03.22-14.52.55:249][  0]LogD3D11RHI:       4018/0/24539 MB DedicatedVideo/DedicatedSystem/SharedSystem, Outputs:2, VendorId:0x10de
[2020.03.22-14.52.55:301][  0]LogD3D11RHI:    1. 'Microsoft Basic Render Driver' (Feature Level 11_0)
[2020.03.22-14.52.55:301][  0]LogD3D11RHI:       0/0/24539 MB DedicatedVideo/DedicatedSystem/SharedSystem, Outputs:0, VendorId:0x1414
[2020.03.22-14.52.55:303][  0]LogD3D11RHI:    2. 'Microsoft Basic Render Driver' (Feature Level 11_0)
[2020.03.22-14.52.55:303][  0]LogD3D11RHI:       0/0/24539 MB DedicatedVideo/DedicatedSystem/SharedSystem, Outputs:0, VendorId:0x1414
[2020.03.22-14.52.55:303][  0]LogD3D11RHI: Chosen D3D11 Adapter: 0
[2020.03.22-14.52.55:312][  0]LogD3D11RHI: Creating new Direct3DDevice
[2020.03.22-14.52.55:312][  0]LogD3D11RHI:     GPU DeviceId: 0x1c82 (for the marketing name, search the web for "GPU Device Id")
[2020.03.22-14.52.55:312][  0]LogWindows: EnumDisplayDevices:
[2020.03.22-14.52.55:312][  0]LogWindows:    0. 'NVIDIA GeForce GTX 1050 Ti' (P:1 D:1)
[2020.03.22-14.52.55:313][  0]LogWindows:    1. 'NVIDIA GeForce GTX 1050 Ti' (P:0 D:1)
[2020.03.22-14.52.55:313][  0]LogWindows:    2. 'NVIDIA GeForce GTX 1050 Ti' (P:0 D:0)
[2020.03.22-14.52.55:313][  0]LogWindows:    3. 'NVIDIA GeForce GTX 1050 Ti' (P:0 D:0)
[2020.03.22-14.52.55:313][  0]LogWindows:    4. 'Citrix Indirect Display Adapter' (P:0 D:0)
[2020.03.22-14.52.55:314][  0]LogWindows:    5. 'Citrix Indirect Display Adapter' (P:0 D:0)
[2020.03.22-14.52.55:314][  0]LogWindows:    6. 'Citrix Indirect Display Adapter' (P:0 D:0)
[2020.03.22-14.52.55:314][  0]LogWindows:    7. 'Citrix Indirect Display Adapter' (P:0 D:0)
[2020.03.22-14.52.55:314][  0]LogWindows:    8. 'Citrix Indirect Display Adapter' (P:0 D:0)
[2020.03.22-14.52.55:315][  0]LogWindows:    9. 'Citrix Indirect Display Adapter' (P:0 D:0)
[2020.03.22-14.52.55:315][  0]LogWindows:    10. 'Citrix Indirect Display Adapter' (P:0 D:0)
[2020.03.22-14.52.55:315][  0]LogWindows:    11. 'Citrix Indirect Display Adapter' (P:0 D:0)
[2020.03.22-14.52.55:315][  0]LogWindows: DebugString: GetVideoDriverDetailsInvalid PrimaryIsNotTheChoosenAdapter GetVideoDriverDetailsInvalid PrimaryIsNotTheChoosenAdapter GetVideoDriverDetailsInvalid PrimaryIsNotTheChoosenAdapter GetVideoDriverDetailsInvalid PrimaryIsNotTheChoosenAdapter GetVideoDriverDetailsInvalid PrimaryIsNotTheChoosenAdapter GetVideoDriverDetailsInvalid PrimaryIsNotTheChoosenAdapter GetVideoDriverDetailsInvalid PrimaryIsNotTheChoosenAdapter GetVideoDriverDetailsInvalid PrimaryIsNotTheChoosenAdapter GetVideoDriverDetailsInvalid PrimaryIsNotTheChoosenAdapter GetVideoDriverDetailsInvalid PrimaryIsNotTheChoosenAdapter GetVideoDriverDetailsInvalid PrimaryIsNotTheChoosenAdapter GetVideoDriverDetailsInvalid PrimaryIsNotTheChoosenAdapter FoundDriverCount:0 
[2020.03.22-14.52.55:316][  0]LogD3D11RHI:     Adapter Name: NVIDIA GeForce GTX 1050 Ti
[2020.03.22-14.52.55:316][  0]LogD3D11RHI:   Driver Version: Unknown (internal:Unknown, unified:Unknown)
[2020.03.22-14.52.55:316][  0]LogD3D11RHI:      Driver Date: Unknown
[2020.03.22-14.52.55:316][  0]LogRHI: Texture pool is 1361 MB (70% of 1945 MB)
[2020.03.22-14.52.55:349][  0]LogD3D11RHI: Async texture creation enabled
[2020.03.22-14.52.55:368][  0]LogD3D11RHI: GPU Timing Frequency: 1000.000000 (Debug: 2 2)
[2020.03.22-14.52.55:470][  0]LogShaderCompilers: Guid format shader working directory is 24 characters bigger than the processId version (A:/UE417Project/CPPtut/Intermediate/Shaders/WorkingDirectory/26752/).
[2020.03.22-14.52.55:470][  0]LogShaderCompilers: Cleaned the shader compiler working directory 'C:/Users/tzwang/AppData/Local/Temp/UnrealShaderWorkingDir/E11DDA374C2568CD7B5E0CA8130C159C/'.
[2020.03.22-14.52.55:470][  0]LogShaderCompilers: Display: Using Local Shader Compiler.
[2020.03.22-14.52.56:825][  0]LogTemp: Display: Loaded TP AllDesktopTargetPlatform
[2020.03.22-14.52.56:871][  0]LogTemp: Display: Loaded TP MacClientTargetPlatform
[2020.03.22-14.52.56:914][  0]LogTemp: Display: Loaded TP MacNoEditorTargetPlatform
[2020.03.22-14.52.56:958][  0]LogTemp: Display: Loaded TP MacServerTargetPlatform
[2020.03.22-14.52.57:006][  0]LogTemp: Display: Loaded TP MacTargetPlatform
[2020.03.22-14.52.57:050][  0]LogTemp: Display: Loaded TP WindowsClientTargetPlatform
[2020.03.22-14.52.57:096][  0]LogTemp: Display: Loaded TP WindowsNoEditorTargetPlatform
[2020.03.22-14.52.57:139][  0]LogTemp: Display: Loaded TP WindowsServerTargetPlatform
[2020.03.22-14.52.57:181][  0]LogTemp: Display: Loaded TP WindowsTargetPlatform
[2020.03.22-14.52.57:225][  0]LogTemp: Display: Loaded TP AndroidTargetPlatform
[2020.03.22-14.52.57:270][  0]LogTemp: Display: Loaded TP Android_ASTCTargetPlatform
[2020.03.22-14.52.57:320][  0]LogTemp: Display: Loaded TP Android_ATCTargetPlatform
[2020.03.22-14.52.57:371][  0]LogTemp: Display: Loaded TP Android_DXTTargetPlatform
[2020.03.22-14.52.57:415][  0]LogTemp: Display: Loaded TP Android_ETC1TargetPlatform
[2020.03.22-14.52.57:459][  0]LogTemp: Display: Loaded TP Android_ETC2TargetPlatform
[2020.03.22-14.52.57:547][  0]LogTemp: Display: Loaded TP Android_MultiTargetPlatform
[2020.03.22-14.52.57:547][  0]LogTemp: Display: Loaded TP Android_PVRTCTargetPlatform
[2020.03.22-14.52.57:583][  0]LogTemp: Display: Loaded TP HTML5TargetPlatform
[2020.03.22-14.52.57:673][  0]LogTemp: Display: Loaded TP IOSTargetPlatform
[2020.03.22-14.52.57:698][  0]LogTemp: Display: Loaded TP TVOSTargetPlatform
[2020.03.22-14.52.57:746][  0]LogTemp: Display: Loaded TP LinuxClientTargetPlatform
[2020.03.22-14.52.57:790][  0]LogTemp: Display: Loaded TP LinuxNoEditorTargetPlatform
[2020.03.22-14.52.57:834][  0]LogTemp: Display: Loaded TP LinuxServerTargetPlatform
[2020.03.22-14.52.57:877][  0]LogTemp: Display: Loaded TP LinuxTargetPlatform
[2020.03.22-14.52.57:877][  0]LogTargetPlatformManager: Display: Building Assets For Windows
[2020.03.22-14.52.58:468][  0]LogDerivedDataCache: Display: Max Cache Size: 512 MB
[2020.03.22-14.52.58:536][  0]LogDerivedDataCache: Loaded boot cache 0.07s 93MB C:/Users/tzwang/AppData/Local/UnrealEngine/4.17/DerivedDataCache/Boot.ddc.
[2020.03.22-14.52.58:536][  0]LogDerivedDataCache: Display: Loaded Boot cache: C:/Users/tzwang/AppData/Local/UnrealEngine/4.17/DerivedDataCache/Boot.ddc
[2020.03.22-14.52.58:536][  0]LogDerivedDataCache: FDerivedDataBackendGraph:  Pak pak cache file A:/UE417Project/CPPtut/DerivedDataCache/DDC.ddp not found, will not use a pak cache.
[2020.03.22-14.52.58:536][  0]LogDerivedDataCache: Unable to find inner node Pak for hierarchical cache Hierarchy.
[2020.03.22-14.52.58:536][  0]LogDerivedDataCache: FDerivedDataBackendGraph:  CompressedPak pak cache file A:/UE417Project/CPPtut/DerivedDataCache/Compressed.ddp not found, will not use a pak cache.
[2020.03.22-14.52.58:537][  0]LogDerivedDataCache: Unable to find inner node CompressedPak for hierarchical cache Hierarchy.
[2020.03.22-14.52.58:549][  0]LogDerivedDataCache: Display: Pak cache opened for reading ../../../Engine/DerivedDataCache/Compressed.ddp.
[2020.03.22-14.52.58:562][  0]LogDerivedDataCache: Using Local data cache path C:/Users/tzwang/AppData/Local/UnrealEngine/Common/DerivedDataCache: Writable
[2020.03.22-14.52.58:570][  0]LogMaterial: Verifying Global Shaders for PCD3D_SM5
[2020.03.22-14.52.58:570][  0]LogSlate: Using Freetype 2.6.0
[2020.03.22-14.52.58:571][  0]LogSlate: SlateFontCache - WITH_FREETYPE: 1, WITH_HARFBUZZ: 1
[2020.03.22-14.52.58:571][  0]LogSlate: SlateFontCache - WITH_FREETYPE: 1, WITH_HARFBUZZ: 1
[2020.03.22-14.52.58:793][  0]LogAssetRegistry: FAssetRegistry took 0.0250 seconds to start up
[2020.03.22-14.52.58:887][  0]LogInit: Selected Device Profile: [Windows]
[2020.03.22-14.52.59:020][  0]LogContentStreaming: Texture pool size is 0.00 MB
[2020.03.22-14.52.59:455][  0]LogSimplygon: Simplygon DLL not present - disabling.
[2020.03.22-14.52.59:503][  0]LogMeshReduction: Using SimplygonSwarm for distributed automatic mesh merging
[2020.03.22-14.52.59:503][  0]LogMeshReduction: Using QuadricMeshReduction for automatic static mesh reduction
[2020.03.22-14.52.59:503][  0]LogMeshReduction: No automatic skeletal mesh reduction module available
[2020.03.22-14.52.59:503][  0]LogMeshReduction: No automatic mesh merging module available
[2020.03.22-14.52.59:503][  0]LogMeshMerging: No automatic mesh merging module available
[2020.03.22-14.52.59:853][  0]LogNetVersion: CPPtut , NetCL: 3573198, EngineNetVer: 2, GameNetVer: 0 (Checksum: 254341351)
[2020.03.22-14.53.00:020][  0]LogPackageLocalizationCache: Processed 5 localized package path(s) for 1 prioritized culture(s) in 0.017784 seconds
[2020.03.22-14.53.00:025][  0]LogUObjectArray: 35825 objects as part of root set at end of initial load.
[2020.03.22-14.53.00:025][  0]LogUObjectAllocator: 7529104 out of 0 bytes used by permanent object pool.
[2020.03.22-14.53.00:025][  0]LogUObjectArray: CloseDisregardForGC: 0/0 objects in disregard for GC pool
[2020.03.22-14.53.00:076][  0]LogInit: WinSock: version 1.1 (2.2), MaxSocks=32767, MaxUdp=65467
[2020.03.22-14.53.02:550][  0]LogTcpMessaging: Initializing TcpMessaging bridge
[2020.03.22-14.53.02:590][  0]LogUdpMessaging: Initializing bridge on interface 0.0.0.0:0 to multicast group 230.0.0.1:6666.
[2020.03.22-14.53.03:252][  0]LogMaterial: Uniform references updated for custom material expression Custom.
[2020.03.22-14.53.03:617][  0]SourceControl: Source control is disabled
[2020.03.22-14.53.03:617][  0]SourceControl: Source control is disabled
[2020.03.22-14.53.03:687][  0]SourceControl: Source control is disabled
[2020.03.22-14.53.03:742][  0]SourceControl: Source control is disabled
[2020.03.22-14.53.04:353][  0]LogAndroidPermission: UAndroidPermissionCallbackProxy::GetInstance
[2020.03.22-14.53.04:574][  0]LogOcInput: OculusInput pre-init called
[2020.03.22-14.53.04:819][  0]LogEngine: Initializing Engine...
[2020.03.22-14.53.04:821][  0]LogHMD: Failed to initialize OpenVR with code 110
[2020.03.22-14.53.04:989][  0]LogStats: UGameplayTagsManager::ConstructGameplayTagTree: Construct from data asset -  0.000 s
[2020.03.22-14.53.04:989][  0]LogStats: UGameplayTagsManager::ConstructGameplayTagTree: GameplayTagTreeChangedEvent.Broadcast -  0.000 s
[2020.03.22-14.53.05:111][  0]LogAIModule: Creating AISystem for world Untitled
[2020.03.22-14.53.05:169][  0]LogInit: XAudio2 using '耳机 (AMOI F9 V5.0   Stereo)' : 2 channels at 44.1 kHz using 16 bits per sample (channel mask 0x3)
[2020.03.22-14.53.05:796][  0]LogInit: FAudioDevice initialized.
[2020.03.22-14.53.05:853][  0]LogDerivedDataCache: Saved boot cache 0.06s 93MB C:/Users/tzwang/AppData/Local/UnrealEngine/4.17/DerivedDataCache/Boot.ddc.
[2020.03.22-14.53.05:857][  0]LogInit: Texture streaming: Enabled
[2020.03.22-14.53.05:962][  0]LogEngineSessionManager: EngineSessionManager initialized
[2020.03.22-14.53.06:176][  0]LogInit: Transaction tracking system initialized
[2020.03.22-14.53.06:456][  0]BlueprintLog: New page: Editor Load
[2020.03.22-14.53.07:404][  0]LocalizationService: Localization service is disabled
[2020.03.22-14.53.08:090][  0]LogConsoleResponse: Display: 
[2020.03.22-14.53.08:236][  0]LogCook: Display: Max memory allowance for cook 16384mb min free memory 0mb
[2020.03.22-14.53.08:236][  0]LogCook: Display: Mobile HDR setting 1
[2020.03.22-14.53.08:236][  0]LogGameplayTags: Display: UGameplayTagsManager::DoneAddingNativeTags. DelegateIsBound: 0
[2020.03.22-14.53.08:376][  0]LogFileCache: Scanning file cache for directory 'A:/UE417Project/CPPtut/Content/' took 0.01s
[2020.03.22-14.53.09:242][  0]SourceControl: Source control is disabled
[2020.03.22-14.53.09:242][  0]Cmd: MAP LOAD FILE="A:/UE417Project/CPPtut/Content/Map_GameKP.umap" TEMPLATE=0 SHOWPROGRESS=1 FEATURELEVEL=3
[2020.03.22-14.53.09:242][  0]LightingResults: New page: Lighting Build
[2020.03.22-14.53.09:281][  0]MapCheck: New page: Map Check
[2020.03.22-14.53.09:281][  0]LightingResults: New page: Lighting Build
[2020.03.22-14.53.09:580][  0]LogAIModule: Creating AISystem for world Map_GameKP
[2020.03.22-14.53.09:585][  0]LogEditorServer: Finished looking for orphan Actors (0.000 secs)
[2020.03.22-14.53.09:595][  0]Cmd: MAP CHECKDEP NOCLEARLOG
[2020.03.22-14.53.09:635][  0]MapCheck: Map check complete: 0 Error(s), 0 Warning(s), took 39.801ms to complete.
[2020.03.22-14.53.09:635][  0]LogFileHelpers: Loading map 'Map_GameKP' took 0.394
[2020.03.22-14.53.09:867][  0]LogCollectionManager: Loaded 0 collections in 0.001136 seconds
[2020.03.22-14.53.09:946][  0]LogFileCache: Scanning file cache for directory 'A:/UE417Project/CPPtut/Saved/Collections/' took 0.01s
[2020.03.22-14.53.09:946][  0]LogFileCache: Scanning file cache for directory 'A:/UE417Project/CPPtut/Content/Developers/tzwang/Collections/' took 0.01s
[2020.03.22-14.53.09:946][  0]LogFileCache: Scanning file cache for directory 'A:/UE417Project/CPPtut/Content/Collections/' took 0.01s
[2020.03.22-14.53.09:946][  0]LogCollectionManager: Rebuilt the GUID cache for 0 collections in 0.000000 seconds
[2020.03.22-14.53.09:961][  0]LogContentBrowser: Native class hierarchy populated in 0.0145 seconds. Added 2388 classes and 504 folders.
[2020.03.22-14.53.10:025][  0]LogContentBrowser: Native class hierarchy updated for 'WidgetCarousel' in 0.0030 seconds. Added 0 classes and 0 folders.
[2020.03.22-14.53.10:064][  0]LogContentBrowser: Native class hierarchy updated for 'AddContentDialog' in 0.0030 seconds. Added 0 classes and 0 folders.
[2020.03.22-14.53.10:116][  0]LogContentBrowser: Native class hierarchy updated for 'SceneOutliner' in 0.0030 seconds. Added 1 classes and 2 folders.
[2020.03.22-14.53.10:145][  0]LogSlate: Took 0.000469 seconds to synchronously load lazily loaded font '../../../Engine/Content/Slate/Fonts/Roboto-Regular.ttf' (155K)
[2020.03.22-14.53.10:155][  0]LogSlate: Took 0.000362 seconds to synchronously load lazily loaded font '../../../Engine/Content/Slate/Fonts/Roboto-Bold.ttf' (160K)
[2020.03.22-14.53.10:160][  0]LogSlate: Took 0.000615 seconds to synchronously load lazily loaded font '../../../Engine/Content/Editor/Slate/Fonts/FontAwesome.ttf' (139K)
[2020.03.22-14.53.10:234][  0]LogRenderer: Reallocating scene render targets to support 1528x616 Format 10 NumSamples 1 (Frame:1).
[2020.03.22-14.53.10:290][  0]LogSlate: Took 0.000135 seconds to synchronously load lazily loaded font '../../../Engine/Content/Slate/Fonts/Roboto-Light.ttf' (159K)
[2020.03.22-14.53.10:474][  0]LogContentBrowser: Native class hierarchy updated for 'HierarchicalLODOutliner' in 0.0030 seconds. Added 1 classes and 2 folders.
[2020.03.22-14.53.10:474][  0]LogLoad: (Engine Initialization) Total time: 18.57 seconds
[2020.03.22-14.53.10:474][  0]LogLoad: (Engine Initialization) Total Blueprint compile time: 0.00 seconds
[2020.03.22-14.53.10:474][  0]LogExternalProfiler: Found external profiler: VSPerf
[2020.03.22-14.53.10:474][  0]LogExternalProfiler: Using external profiler: VSPerf
[2020.03.22-14.53.10:505][  0]LogAssetRegistry: Asset discovery search completed in 11.7335 seconds
[2020.03.22-14.53.10:507][  0]LogCollectionManager: Rebuilt the object cache for 0 collections in 0.000000 seconds (found 0 objects)
[2020.03.22-14.53.10:507][  0]LogCollectionManager: Fixed up redirectors for 0 collections in 0.000105 seconds (updated 0 objects)
[2020.03.22-14.53.10:509][  0]LogContentStreaming: Texture pool size now 1000 MB
[2020.03.22-14.54.04:632][454]LogSlate: Took 0.000163 seconds to synchronously load lazily loaded font '../../../Engine/Content/Slate/Fonts/Roboto-Light.ttf' (159K)
[2020.03.22-14.54.04:688][454]LogSlate: Took 0.000167 seconds to synchronously load lazily loaded font '../../../Engine/Content/Editor/Slate/Fonts/Roboto-BoldCondensed.ttf' (158K)
[2020.03.22-14.54.38:182][606]LogContentBrowser: Native class hierarchy updated for 'BlueprintGraph' in 0.0047 seconds. Added 113 classes and 0 folders.
[2020.03.22-14.54.39:222][607]LogRenderer: Reallocating scene render targets to support 1528x676 Format 10 NumSamples 1 (Frame:1).
[2020.03.22-14.55.05:745][735]Cmd: OBJ SAVEPACKAGE PACKAGE="/Game/BluePrint/Player_Character_BP" FILE="A:/UE417Project/CPPtut/Content/BluePrint/Player_Character_BP.uasset" SILENT=true
[2020.03.22-14.55.05:773][735]LogSavePackage: Save=25.19ms
[2020.03.22-14.55.05:773][735]LogSavePackage: Moving 'A:/UE417Project/CPPtut/Saved/Player_Character_BPEABA979440922E21D11652959804478F.tmp' to 'A:/UE417Project/CPPtut/Content/BluePrint/Player_Character_BP.uasset'
[2020.03.22-14.55.05:775][735]LogSavePackage: Display: Finished SavePackage A:/UE417Project/CPPtut/Content/BluePrint/Player_Character_BP.uasset
[2020.03.22-14.55.06:536][798]BlueprintLog: New page: Compile Player_Character_BP
[2020.03.22-14.56.40:342][543]Cmd: OBJ SAVEPACKAGE PACKAGE="/Game/BluePrint/Player_Character_BP" FILE="A:/UE417Project/CPPtut/Content/BluePrint/Player_Character_BP.uasset" SILENT=true
[2020.03.22-14.56.40:367][543]LogSavePackage: Save=22.50ms
[2020.03.22-14.56.40:367][543]LogSavePackage: Moving 'A:/UE417Project/CPPtut/Saved/Player_Character_BP9E547A964C2A14362CE22A9BD9E8553E.tmp' to 'A:/UE417Project/CPPtut/Content/BluePrint/Player_Character_BP.uasset'
[2020.03.22-14.56.40:368][543]LogSavePackage: Display: Finished SavePackage A:/UE417Project/CPPtut/Content/BluePrint/Player_Character_BP.uasset
[2020.03.22-14.56.46:099][149]Cmd: OBJ SAVEPACKAGE PACKAGE="/Game/Map_GameKP" FILE="A:/UE417Project/CPPtut/Content/Map_GameKP.umap" SILENT=true AUTOSAVING=false KEEPDIRTY=false
[2020.03.22-14.56.46:138][149]LogSavePackage: Save=22.52ms
[2020.03.22-14.56.46:138][149]LogSavePackage: Moving 'A:/UE417Project/CPPtut/Saved/Map_GameKP5495E9AD484985E7B0FAB4AB6745A70C.tmp' to 'A:/UE417Project/CPPtut/Content/Map_GameKP.umap'
[2020.03.22-14.56.46:140][149]LogSavePackage: Display: Finished SavePackage A:/UE417Project/CPPtut/Content/Map_GameKP.umap
[2020.03.22-14.56.46:152][149]Cmd: OBJ SAVEPACKAGE PACKAGE="/Game/Map_GameKP_BuiltData" FILE="A:/UE417Project/CPPtut/Content/Map_GameKP_BuiltData.uasset" SILENT=true
[2020.03.22-14.56.46:317][149]LogSavePackage: Save=156.31ms
[2020.03.22-14.56.46:317][149]LogSavePackage: Moving 'A:/UE417Project/CPPtut/Saved/Map_GameKP_BuiltData8E5B9C6D43902799363106B010B4097D.tmp' to 'A:/UE417Project/CPPtut/Content/Map_GameKP_BuiltData.uasset'
[2020.03.22-14.56.46:319][149]LogSavePackage: Display: Finished SavePackage A:/UE417Project/CPPtut/Content/Map_GameKP_BuiltData.uasset
[2020.03.22-14.56.47:914][314]LogWindowsTextInputMethodSystem: Display: IME system now activated using TSF (微软拼音).
[2020.03.22-14.56.48:092][315]Cmd: QUIT_EDITOR
[2020.03.22-14.56.48:116][315]LogExit: Preparing to exit.
[2020.03.22-14.56.48:867][315]LogExit: Editor shut down
[2020.03.22-14.56.48:870][315]LogExit: Transaction tracking system shut down
[2020.03.22-14.56.48:957][315]LogDirectoryWatcher: A directory notification for '../../../Engine/Content/' was aborted.
[2020.03.22-14.56.48:957][315]LogDirectoryWatcher: A directory notification for 'A:/UE417Project/CPPtut/Content/' was aborted.
[2020.03.22-14.56.48:957][315]LogDirectoryWatcher: A directory notification for '../../../Engine/Plugins/2D/Paper2D/Content/' was aborted.
[2020.03.22-14.56.48:957][315]LogDirectoryWatcher: A directory notification for '../../../Engine/Plugins/Runtime/Oculus/OculusVR/Content/' was aborted.
[2020.03.22-14.56.48:957][315]LogDirectoryWatcher: A directory notification for '../../../Engine/Plugins/Runtime/Steam/SteamVR/Content/' was aborted.
[2020.03.22-14.56.49:018][315]LogExit: Object subsystem successfully closed.
[2020.03.22-14.56.49:040][315]LogD3D11RHI: Shutdown
[2020.03.22-14.56.49:040][315]LogD3D11RHI: CleanupD3DDevice
[2020.03.22-14.56.49:100][315]LogD3D11RHI: ~FD3D11DynamicRHI
[2020.03.22-14.56.49:108][315]LogModuleManager: Shutting down and abandoning module BlueprintGraph (536)
[2020.03.22-14.56.49:108][315]LogModuleManager: Shutting down and abandoning module BlueprintProfiler (534)
[2020.03.22-14.56.49:108][315]LogModuleManager: Shutting down and abandoning module HierarchicalLODOutliner (532)
[2020.03.22-14.56.49:108][315]LogModuleManager: Shutting down and abandoning module SceneOutliner (530)
[2020.03.22-14.56.49:108][315]LogModuleManager: Shutting down and abandoning module AddContentDialog (528)
[2020.03.22-14.56.49:108][315]LogDirectoryWatcher: A directory notification for 'G:/GameDev/UE_4.17/FeaturePacks/' was aborted.
[2020.03.22-14.56.49:109][315]LogModuleManager: Shutting down and abandoning module WidgetCarousel (527)
[2020.03.22-14.56.49:109][315]LogModuleManager: Shutting down and abandoning module EditorWidgets (524)
[2020.03.22-14.56.49:109][315]LogModuleManager: Shutting down and abandoning module CollectionManager (522)
[2020.03.22-14.56.49:109][315]LogDirectoryWatcher: A directory notification for 'A:/UE417Project/CPPtut/Content/Collections/' was aborted.
[2020.03.22-14.56.49:109][315]LogDirectoryWatcher: A directory notification for 'A:/UE417Project/CPPtut/Content/Developers/tzwang/Collections/' was aborted.
[2020.03.22-14.56.49:109][315]LogDirectoryWatcher: A directory notification for 'A:/UE417Project/CPPtut/Saved/Collections/' was aborted.
[2020.03.22-14.56.49:109][315]LogModuleManager: Shutting down and abandoning module StatsViewer (520)
[2020.03.22-14.56.49:109][315]LogModuleManager: Shutting down and abandoning module FoliageEdit (518)
[2020.03.22-14.56.49:109][315]LogModuleManager: Shutting down and abandoning module LandscapeEditor (516)
[2020.03.22-14.56.49:109][315]LogModuleManager: Shutting down and abandoning module MeshPaintMode (514)
[2020.03.22-14.56.49:109][315]LogModuleManager: Shutting down and abandoning module SceneDepthPickerMode (512)
[2020.03.22-14.56.49:109][315]LogModuleManager: Shutting down and abandoning module ActorPickerMode (510)
[2020.03.22-14.56.49:109][315]LogModuleManager: Shutting down and abandoning module GeometryMode (508)
[2020.03.22-14.56.49:109][315]LogModuleManager: Shutting down and abandoning module TextureAlignMode (506)
[2020.03.22-14.56.49:109][315]LogModuleManager: Shutting down and abandoning module BspMode (504)
[2020.03.22-14.56.49:109][315]LogModuleManager: Shutting down and abandoning module PIEPreviewDeviceProfileSelector (502)
[2020.03.22-14.56.49:109][315]LogModuleManager: Shutting down and abandoning module HardwareSurvey (500)
[2020.03.22-14.56.49:109][315]LogModuleManager: Shutting down and abandoning module SequenceRecorderSections (498)
[2020.03.22-14.56.49:109][315]LogModuleManager: Shutting down and abandoning module AutomationWorker (496)
[2020.03.22-14.56.49:109][315]LogModuleManager: Shutting down and abandoning module MatineeToLevelSequence (494)
[2020.03.22-14.56.49:110][315]LogModuleManager: Shutting down and abandoning module LevelSequenceEditor (492)
[2020.03.22-14.56.49:110][315]LogModuleManager: Shutting down and abandoning module PlacementMode (491)
[2020.03.22-14.56.49:110][315]LogModuleManager: Shutting down and abandoning module WmfMediaFactory (488)
[2020.03.22-14.56.49:110][315]LogModuleManager: Shutting down and abandoning module WmfMediaEditor (486)
[2020.03.22-14.56.49:110][315]LogModuleManager: Shutting down and abandoning module AvfMediaFactory (484)
[2020.03.22-14.56.49:110][315]LogModuleManager: Shutting down and abandoning module AvfMediaEditor (482)
[2020.03.22-14.56.49:110][315]LogModuleManager: Shutting down and abandoning module AndroidMediaFactory (480)
[2020.03.22-14.56.49:110][315]LogModuleManager: Shutting down and abandoning module Media (479)
[2020.03.22-14.56.49:110][315]LogModuleManager: Shutting down and abandoning module AndroidMediaEditor (476)
[2020.03.22-14.56.49:110][315]LogModuleManager: Shutting down and abandoning module CharacterAI (474)
[2020.03.22-14.56.49:110][315]LogModuleManager: Shutting down and abandoning module AudioCapture (472)
[2020.03.22-14.56.49:110][315]LogModuleManager: Shutting down and abandoning module SequenceRecorder (471)
[2020.03.22-14.56.49:110][315]LogModuleManager: Shutting down and abandoning module SmartSnapping (468)
[2020.03.22-14.56.49:110][315]LogModuleManager: Shutting down and abandoning module SessionServices (466)
[2020.03.22-14.56.49:110][315]LogModuleManager: Shutting down and abandoning module ViewportSnapping (464)
[2020.03.22-14.56.49:110][315]LogModuleManager: Shutting down and abandoning module ViewportInteraction (462)
[2020.03.22-14.56.49:110][315]LogModuleManager: Shutting down and abandoning module ClothPainter (460)
[2020.03.22-14.56.49:110][315]LogModuleManager: Shutting down and abandoning module LogVisualizer (458)
[2020.03.22-14.56.49:110][315]LogModuleManager: Shutting down and abandoning module IntroTutorials (456)
[2020.03.22-14.56.49:110][315]LogModuleManager: Shutting down and abandoning module GameProjectGeneration (455)
[2020.03.22-14.56.49:110][315]LogModuleManager: Shutting down and abandoning module IOSPlatformEditor (452)
[2020.03.22-14.56.49:110][315]LogModuleManager: Shutting down and abandoning module HTML5PlatformEditor (450)
[2020.03.22-14.56.49:110][315]LogModuleManager: Shutting down and abandoning module AndroidPlatformEditor (448)
[2020.03.22-14.56.49:110][315]LogModuleManager: Shutting down and abandoning module AndroidDeviceDetection (447)
[2020.03.22-14.56.49:898][315]LogModuleManager: Shutting down and abandoning module WindowsPlatformEditor (444)
[2020.03.22-14.56.49:899][315]LogModuleManager: Shutting down and abandoning module IOSRuntimeSettings (442)
[2020.03.22-14.56.49:899][315]LogModuleManager: Shutting down and abandoning module AndroidRuntimeSettings (440)
[2020.03.22-14.56.49:899][315]LogModuleManager: Shutting down and abandoning module InputBindingEditor (438)
[2020.03.22-14.56.49:899][315]LogModuleManager: Shutting down and abandoning module MergeActors (436)
[2020.03.22-14.56.49:899][315]LogModuleManager: Shutting down and abandoning module SizeMap (434)
[2020.03.22-14.56.49:899][315]LogModuleManager: Shutting down and abandoning module TreeMap (432)
[2020.03.22-14.56.49:899][315]LogModuleManager: Shutting down and abandoning module ReferenceViewer (430)
[2020.03.22-14.56.49:899][315]LogModuleManager: Shutting down and abandoning module LocalizationDashboard (428)
[2020.03.22-14.56.49:899][315]LogModuleManager: Shutting down and abandoning module LocalizationService (427)
[2020.03.22-14.56.49:899][315]LogModuleManager: Shutting down and abandoning module HardwareTargeting (424)
[2020.03.22-14.56.49:899][315]LogModuleManager: Shutting down and abandoning module DeviceProfileEditor (422)
[2020.03.22-14.56.49:899][315]LogModuleManager: Shutting down and abandoning module UndoHistory (420)
[2020.03.22-14.56.49:899][315]LogModuleManager: Shutting down and abandoning module XmlParser (418)
[2020.03.22-14.56.49:899][315]LogModuleManager: Shutting down and abandoning module Blutility (416)
[2020.03.22-14.56.49:899][315]LogModuleManager: Shutting down and abandoning module ProjectSettingsViewer (414)
[2020.03.22-14.56.49:899][315]LogModuleManager: Shutting down and abandoning module ProjectTargetPlatformEditor (413)
[2020.03.22-14.56.49:899][315]LogModuleManager: Shutting down and abandoning module EditorSettingsViewer (410)
[2020.03.22-14.56.49:899][315]LogModuleManager: Shutting down and abandoning module SettingsEditor (408)
[2020.03.22-14.56.49:899][315]LogModuleManager: Shutting down and abandoning module ProjectLauncher (406)
[2020.03.22-14.56.49:899][315]LogModuleManager: Shutting down and abandoning module SessionFrontend (404)
[2020.03.22-14.56.49:899][315]LogModuleManager: Shutting down and abandoning module ProfilerClient (402)
[2020.03.22-14.56.49:899][315]LogModuleManager: Shutting down and abandoning module DeviceManager (400)
[2020.03.22-14.56.49:899][315]LogModuleManager: Shutting down and abandoning module TargetDeviceServices (399)
[2020.03.22-14.56.49:954][315]LogModuleManager: Shutting down and abandoning module AutomationController (396)
[2020.03.22-14.56.49:954][315]LogModuleManager: Shutting down and abandoning module AutomationWindow (394)
[2020.03.22-14.56.49:954][315]LogModuleManager: Shutting down and abandoning module Layers (392)
[2020.03.22-14.56.49:954][315]LogModuleManager: Shutting down and abandoning module ComponentVisualizers (390)
[2020.03.22-14.56.49:954][315]LogModuleManager: Shutting down and abandoning module DetailCustomizations (388)
[2020.03.22-14.56.49:954][315]LogModuleManager: Shutting down and abandoning module PackagesDialog (386)
[2020.03.22-14.56.49:954][315]LogModuleManager: Shutting down and abandoning module Persona (384)
[2020.03.22-14.56.49:954][315]LogModuleManager: Shutting down and abandoning module AdvancedPreviewScene (383)
[2020.03.22-14.56.49:954][315]LogModuleManager: Shutting down and abandoning module AnimGraph (381)
[2020.03.22-14.56.49:954][315]LogModuleManager: Shutting down and abandoning module Kismet (378)
[2020.03.22-14.56.49:959][315]LogModuleManager: Shutting down and abandoning module ClassViewer (376)
[2020.03.22-14.56.49:960][315]LogModuleManager: Shutting down and abandoning module Toolbox (374)
[2020.03.22-14.56.49:960][315]LogModuleManager: Shutting down and abandoning module ModuleUI (372)
[2020.03.22-14.56.49:960][315]LogModuleManager: Shutting down and abandoning module MovieSceneTools (370)
[2020.03.22-14.56.49:960][315]LogModuleManager: Shutting down and abandoning module OutputLog (368)
[2020.03.22-14.56.49:960][315]LogModuleManager: Shutting down and abandoning module GammaUI (366)
[2020.03.22-14.56.49:960][315]LogModuleManager: Shutting down and abandoning module Documentation (364)
[2020.03.22-14.56.49:960][315]LogModuleManager: Shutting down and abandoning module MovieSceneTracks (362)
[2020.03.22-14.56.49:960][315]LogModuleManager: Shutting down and abandoning module MovieScene (360)
[2020.03.22-14.56.49:960][315]LogModuleManager: Shutting down and abandoning module Niagara (358)
[2020.03.22-14.56.49:960][315]LogModuleManager: Shutting down and abandoning module NiagaraEditor (357)
[2020.03.22-14.56.49:960][315]LogModuleManager: Shutting down and abandoning module StreamingPauseRendering (354)
[2020.03.22-14.56.49:960][315]LogModuleManager: Shutting down and abandoning module LauncherPlatform (352)
[2020.03.22-14.56.49:960][315]LogModuleManager: Shutting down and abandoning module AnalyticsET (350)
[2020.03.22-14.56.49:960][315]LogModuleManager: Shutting down and abandoning module PortalServices (348)
[2020.03.22-14.56.49:960][315]LogModuleManager: Shutting down and abandoning module PortalRpc (346)
[2020.03.22-14.56.49:960][315]LogModuleManager: Shutting down and abandoning module MessagingRpc (344)
[2020.03.22-14.56.49:960][315]LogModuleManager: Shutting down and abandoning module AIModule (342)
[2020.03.22-14.56.49:960][315]LogModuleManager: Shutting down and abandoning module GameplayDebugger (341)
[2020.03.22-14.56.49:960][315]LogModuleManager: Shutting down and abandoning module AITestSuite (339)
[2020.03.22-14.56.49:960][315]LogModuleManager: Shutting down and abandoning module ProfilerService (336)
[2020.03.22-14.56.50:199][315]LogModuleManager: Shutting down and abandoning module TaskGraph (334)
[2020.03.22-14.56.50:199][315]LogModuleManager: Shutting down and abandoning module SteamVRController (332)
[2020.03.22-14.56.50:199][315]LogModuleManager: Shutting down and abandoning module ProceduralMeshComponentEditor (330)
[2020.03.22-14.56.50:199][315]LogModuleManager: Shutting down and abandoning module ProceduralMeshComponent (328)
[2020.03.22-14.56.50:199][315]LogModuleManager: Shutting down and abandoning module OculusInput (326)
[2020.03.22-14.56.50:199][315]LogModuleManager: Shutting down and abandoning module MobilePatchingUtils (324)
[2020.03.22-14.56.50:199][315]LogModuleManager: Shutting down and abandoning module CustomMeshComponent (322)
[2020.03.22-14.56.50:199][315]LogModuleManager: Shutting down and abandoning module CableComponent (320)
[2020.03.22-14.56.50:199][315]LogModuleManager: Shutting down and abandoning module ArchVisCharacter (318)
[2020.03.22-14.56.50:199][315]LogModuleManager: Shutting down and abandoning module AndroidPermission (316)
[2020.03.22-14.56.50:199][315]LogModuleManager: Shutting down and abandoning module MediaPlayerEditor (312)
[2020.03.22-14.56.50:199][315]LogModuleManager: Shutting down and abandoning module HTML5Networking (310)
[2020.03.22-14.56.50:199][315]LogModuleManager: Shutting down and abandoning module AlembicImporter (308)
[2020.03.22-14.56.50:200][315]LogModuleManager: Shutting down and abandoning module AlembicLibrary (307)
[2020.03.22-14.56.50:200][315]LogModuleManager: Shutting down and abandoning module GeometryCache (306)
[2020.03.22-14.56.50:200][315]LogModuleManager: Shutting down and abandoning module GeometryCacheEd (305)
[2020.03.22-14.56.50:200][315]LogModuleManager: Shutting down and abandoning module SpeedTreeImporter (300)
[2020.03.22-14.56.50:200][315]LogModuleManager: Shutting down and abandoning module PluginBrowser (298)
[2020.03.22-14.56.50:200][315]LogModuleManager: Shutting down and abandoning module MobileLauncherProfileWizard (296)
[2020.03.22-14.56.50:200][315]LogModuleManager: Shutting down and abandoning module VisualStudioSourceCodeAccess (294)
[2020.03.22-14.56.50:200][315]LogModuleManager: Shutting down and abandoning module DesktopPlatform (293)
[2020.03.22-14.56.50:200][315]LogModuleManager: Shutting down and abandoning module UObjectPlugin (290)
[2020.03.22-14.56.50:200][315]LogModuleManager: Shutting down and abandoning module SubversionSourceControl (288)
[2020.03.22-14.56.50:200][315]LogModuleManager: Shutting down and abandoning module PerforceSourceControl (286)
[2020.03.22-14.56.50:200][315]LogModuleManager: Shutting down and abandoning module GitSourceControl (284)
[2020.03.22-14.56.50:200][315]LogModuleManager: Shutting down and abandoning module SourceControl (283)
[2020.03.22-14.56.50:200][315]LogModuleManager: Shutting down and abandoning module LightPropagationVolumeEditor (280)
[2020.03.22-14.56.50:200][315]LogModuleManager: Shutting down and abandoning module PaperTiledImporter (278)
[2020.03.22-14.56.50:200][315]LogModuleManager: Shutting down and abandoning module PaperSpriteSheetImporter (276)
[2020.03.22-14.56.50:200][315]LogModuleManager: Shutting down and abandoning module Paper2DEditor (274)
[2020.03.22-14.56.50:200][315]LogModuleManager: Shutting down and abandoning module MeshPaint (273)
[2020.03.22-14.56.50:200][315]LogModuleManager: Shutting down and abandoning module LevelEditor (271)
[2020.03.22-14.56.50:200][315]LogModuleManager: Shutting down and abandoning module PixelInspectorModule (270)
[2020.03.22-14.56.50:200][315]LogModuleManager: Shutting down and abandoning module MainFrame (268)
[2020.03.22-14.56.50:200][315]LogModuleManager: Shutting down and abandoning module HotReload (267)
[2020.03.22-14.56.50:201][315]LogDirectoryWatcher: A directory notification for 'A:/UE417Project/CPPtut/Binaries/Win64' was aborted.
[2020.03.22-14.56.50:201][315]LogModuleManager: Shutting down and abandoning module CPPtut (262)
[2020.03.22-14.56.50:201][315]LogModuleManager: Shutting down and abandoning module RuntimePhysXCooking (260)
[2020.03.22-14.56.50:201][315]LogModuleManager: Shutting down and abandoning module PhysXVehiclesEditor (258)
[2020.03.22-14.56.50:201][315]LogModuleManager: Shutting down and abandoning module PhysXVehicles (256)
[2020.03.22-14.56.50:201][315]LogModuleManager: Shutting down and abandoning module OculusEditor (254)
[2020.03.22-14.56.50:201][315]LogModuleManager: Shutting down and abandoning module LocationServicesBPLibrary (252)
[2020.03.22-14.56.50:201][315]LogModuleManager: Shutting down and abandoning module ImmediatePhysicsEditor (250)
[2020.03.22-14.56.50:201][315]LogModuleManager: Shutting down and abandoning module ImmediatePhysics (248)
[2020.03.22-14.56.50:201][315]LogModuleManager: Shutting down and abandoning module UdpMessaging (246)
[2020.03.22-14.56.50:302][315]LogModuleManager: Shutting down and abandoning module TcpMessaging (244)
[2020.03.22-14.56.50:403][315]LogModuleManager: Shutting down and abandoning module GameplayTagsEditor (242)
[2020.03.22-14.56.50:403][315]LogModuleManager: Shutting down and abandoning module FacialAnimationEditor (240)
[2020.03.22-14.56.50:403][315]LogModuleManager: Shutting down and abandoning module FacialAnimation (238)
[2020.03.22-14.56.50:403][315]LogModuleManager: Shutting down and abandoning module AssetManagerEditor (236)
[2020.03.22-14.56.50:403][315]LogModuleManager: Shutting down and abandoning module GraphEditor (235)
[2020.03.22-14.56.50:403][315]LogModuleManager: Shutting down and abandoning module ContentBrowser (233)
[2020.03.22-14.56.50:406][315]LogModuleManager: Shutting down and abandoning module LightPropagationVolumeRuntime (230)
[2020.03.22-14.56.50:406][315]LogModuleManager: Shutting down and abandoning module Paper2D (228)
[2020.03.22-14.56.50:406][315]LogModuleManager: Shutting down and abandoning module WindowsMoviePlayer (226)
[2020.03.22-14.56.50:406][315]LogModuleManager: Shutting down and abandoning module WmfMedia (224)
[2020.03.22-14.56.50:414][315]LogModuleManager: Shutting down and abandoning module PacketHandler (222)
[2020.03.22-14.56.50:414][315]LogModuleManager: Shutting down and abandoning module ClothingSystemEditor (220)
[2020.03.22-14.56.50:414][315]LogModuleManager: Shutting down and abandoning module ClothingSystemRuntime (218)
[2020.03.22-14.56.50:414][315]LogModuleManager: Shutting down and abandoning module Overlay (216)
[2020.03.22-14.56.50:414][315]LogModuleManager: Shutting down and abandoning module OverlayEditor (215)
[2020.03.22-14.56.50:414][315]LogModuleManager: Shutting down and abandoning module MediaAssets (212)
[2020.03.22-14.56.50:414][315]LogModuleManager: Shutting down and abandoning module VREditor (210)
[2020.03.22-14.56.50:414][315]LogModuleManager: Shutting down and abandoning module StringTableEditor (208)
[2020.03.22-14.56.50:414][315]LogModuleManager: Shutting down and abandoning module GameplayTasksEditor (206)
[2020.03.22-14.56.50:415][315]LogModuleManager: Shutting down and abandoning module BehaviorTreeEditor (204)
[2020.03.22-14.56.50:415][315]LogModuleManager: Shutting down and abandoning module FunctionalTesting (202)
[2020.03.22-14.56.50:415][315]LogModuleManager: Shutting down and abandoning module CollisionAnalyzer (200)
[2020.03.22-14.56.50:415][315]LogModuleManager: Shutting down and abandoning module WorkspaceMenuStructure (199)
[2020.03.22-14.56.50:415][315]LogModuleManager: Shutting down and abandoning module UMG (196)
[2020.03.22-14.56.50:415][315]LogModuleManager: Shutting down and abandoning module UMGEditor (195)
[2020.03.22-14.56.50:415][315]LogModuleManager: Shutting down and abandoning module Sequencer (194)
[2020.03.22-14.56.50:415][315]LogModuleManager: Shutting down and abandoning module MessageLog (191)
[2020.03.22-14.56.50:416][315]LogModuleManager: Shutting down and abandoning module SlateReflector (186)
[2020.03.22-14.56.50:416][315]LogModuleManager: Shutting down and abandoning module Slate (184)
[2020.03.22-14.56.50:416][315]LogModuleManager: Shutting down and abandoning module EditorStyle (182)
[2020.03.22-14.56.50:421][315]LogModuleManager: Shutting down and abandoning module MRMesh (180)
[2020.03.22-14.56.50:421][315]LogModuleManager: Shutting down and abandoning module SourceCodeAccess (178)
[2020.03.22-14.56.50:422][315]LogModuleManager: Shutting down and abandoning module HeadMountedDisplay (176)
[2020.03.22-14.56.50:422][315]LogModuleManager: Shutting down and abandoning module XAudio2 (174)
[2020.03.22-14.56.50:422][315]LogModuleManager: Shutting down and abandoning module Networking (172)
[2020.03.22-14.56.50:422][315]LogModuleManager: Shutting down and abandoning module Core (168)
[2020.03.22-14.56.50:422][315]LogModuleManager: Shutting down and abandoning module KismetCompiler (164)
[2020.03.22-14.56.50:422][315]LogModuleManager: Shutting down and abandoning module LevelSequence (162)
[2020.03.22-14.56.50:422][315]LogModuleManager: Shutting down and abandoning module MeshUtilities (160)
[2020.03.22-14.56.50:422][315]LogModuleManager: Shutting down and abandoning module MeshMergeUtilities (159)
[2020.03.22-14.56.50:422][315]LogModuleManager: Shutting down and abandoning module MeshReductionInterface (158)
[2020.03.22-14.56.50:422][315]LogModuleManager: Shutting down and abandoning module SimplygonSwarm (157)
[2020.03.22-14.56.50:422][315]LogModuleManager: Shutting down and abandoning module SimplygonMeshReduction (155)
[2020.03.22-14.56.50:422][315]LogModuleManager: Shutting down and abandoning module QuadricMeshReduction (153)
[2020.03.22-14.56.50:422][315]LogModuleManager: Shutting down and abandoning module MaterialBaking (149)
[2020.03.22-14.56.50:422][315]LogModuleManager: Shutting down and abandoning module DirectoryWatcher (146)
[2020.03.22-14.56.50:424][315]LogModuleManager: Shutting down and abandoning module DerivedDataCache (144)
[2020.03.22-14.56.50:467][315]LogDerivedDataCache: Shutdown
[2020.03.22-14.56.50:467][315]LogModuleManager: Shutting down and abandoning module TargetPlatform (142)
[2020.03.22-14.56.50:467][315]LogModuleManager: Shutting down and abandoning module VulkanShaderFormat (141)
[2020.03.22-14.56.50:467][315]LogModuleManager: Shutting down and abandoning module ShaderFormatVectorVM (139)
[2020.03.22-14.56.50:467][315]LogModuleManager: Shutting down and abandoning module ShaderFormatOpenGL (137)
[2020.03.22-14.56.50:467][315]LogModuleManager: Shutting down and abandoning module ShaderFormatD3D (135)
[2020.03.22-14.56.50:467][315]LogModuleManager: Shutting down and abandoning module MetalShaderFormat (133)
[2020.03.22-14.56.50:467][315]LogModuleManager: Shutting down and abandoning module TextureFormatUncompressed (131)
[2020.03.22-14.56.50:467][315]LogModuleManager: Shutting down and abandoning module TextureFormatPVR (129)
[2020.03.22-14.56.50:467][315]LogModuleManager: Shutting down and abandoning module TextureFormatDXT (127)
[2020.03.22-14.56.50:467][315]LogModuleManager: Shutting down and abandoning module TextureFormatIntelISPCTexComp (125)
[2020.03.22-14.56.50:468][315]LogModuleManager: Shutting down and abandoning module TextureFormatASTC (123)
[2020.03.22-14.56.50:468][315]LogModuleManager: Shutting down and abandoning module ImageWrapper (122)
[2020.03.22-14.56.50:468][315]LogModuleManager: Shutting down and abandoning module TextureFormatAndroid (119)
[2020.03.22-14.56.50:468][315]LogModuleManager: Shutting down and abandoning module AudioFormatOpus (117)
[2020.03.22-14.56.50:468][315]LogModuleManager: Shutting down and abandoning module AudioFormatOgg (115)
[2020.03.22-14.56.50:468][315]LogModuleManager: Shutting down and abandoning module AudioFormatADPCM (113)
[2020.03.22-14.56.50:468][315]LogModuleManager: Shutting down and abandoning module LinuxTargetPlatform (111)
[2020.03.22-14.56.50:468][315]LogModuleManager: Shutting down and abandoning module LinuxServerTargetPlatform (109)
[2020.03.22-14.56.50:468][315]LogModuleManager: Shutting down and abandoning module LinuxNoEditorTargetPlatform (107)
[2020.03.22-14.56.50:468][315]LogModuleManager: Shutting down and abandoning module LinuxClientTargetPlatform (105)
[2020.03.22-14.56.50:468][315]LogModuleManager: Shutting down and abandoning module TVOSTargetPlatform (103)
[2020.03.22-14.56.50:468][315]LogModuleManager: Shutting down and abandoning module Messaging (101)
[2020.03.22-14.56.50:468][315]LogModuleManager: Shutting down and abandoning module IOSTargetPlatform (99)
[2020.03.22-14.56.50:468][315]LogModuleManager: Shutting down and abandoning module HTML5TargetPlatform (97)
[2020.03.22-14.56.50:468][315]LogModuleManager: Shutting down and abandoning module Android_PVRTCTargetPlatform (95)
[2020.03.22-14.56.50:468][315]LogModuleManager: Shutting down and abandoning module Android_MultiTargetPlatform (93)
[2020.03.22-14.56.50:468][315]LogModuleManager: Shutting down and abandoning module Android_ETC2TargetPlatform (91)
[2020.03.22-14.56.50:468][315]LogModuleManager: Shutting down and abandoning module Android_ETC1TargetPlatform (89)
[2020.03.22-14.56.50:468][315]LogModuleManager: Shutting down and abandoning module Android_DXTTargetPlatform (87)
[2020.03.22-14.56.50:468][315]LogModuleManager: Shutting down and abandoning module Android_ATCTargetPlatform (85)
[2020.03.22-14.56.50:468][315]LogModuleManager: Shutting down and abandoning module Android_ASTCTargetPlatform (83)
[2020.03.22-14.56.50:468][315]LogModuleManager: Shutting down and abandoning module AndroidTargetPlatform (81)
[2020.03.22-14.56.50:468][315]LogModuleManager: Shutting down and abandoning module WindowsTargetPlatform (79)
[2020.03.22-14.56.50:468][315]LogModuleManager: Shutting down and abandoning module WindowsServerTargetPlatform (77)
[2020.03.22-14.56.50:468][315]LogModuleManager: Shutting down and abandoning module WindowsNoEditorTargetPlatform (75)
[2020.03.22-14.56.50:468][315]LogModuleManager: Shutting down and abandoning module WindowsClientTargetPlatform (73)
[2020.03.22-14.56.50:468][315]LogModuleManager: Shutting down and abandoning module MacTargetPlatform (71)
[2020.03.22-14.56.50:468][315]LogModuleManager: Shutting down and abandoning module MacServerTargetPlatform (69)
[2020.03.22-14.56.50:468][315]LogModuleManager: Shutting down and abandoning module MacNoEditorTargetPlatform (67)
[2020.03.22-14.56.50:468][315]LogModuleManager: Shutting down and abandoning module MacClientTargetPlatform (65)
[2020.03.22-14.56.50:468][315]LogModuleManager: Shutting down and abandoning module AllDesktopTargetPlatform (63)
[2020.03.22-14.56.50:468][315]LogModuleManager: Shutting down and abandoning module InputCore (60)
[2020.03.22-14.56.50:468][315]LogModuleManager: Shutting down and abandoning module Settings (58)
[2020.03.22-14.56.50:468][315]LogModuleManager: Shutting down and abandoning module PhysXCooking (56)
[2020.03.22-14.56.50:468][315]LogModuleManager: Shutting down and abandoning module SteamVR (54)
[2020.03.22-14.56.50:468][315]LogModuleManager: Shutting down and abandoning module OculusHMD (52)
[2020.03.22-14.56.50:468][315]LogModuleManager: Shutting down and abandoning module ExampleDeviceProfileSelector (50)
[2020.03.22-14.56.50:468][315]LogModuleManager: Shutting down and abandoning module OnlineBlueprintSupport (48)
[2020.03.22-14.56.50:468][315]LogModuleManager: Shutting down and abandoning module OnlineSubsystem (44)
[2020.03.22-14.56.50:468][315]LogOnline: Display: Unloading online subsystem: NULL
[2020.03.22-14.56.50:468][315]LogModuleManager: Shutting down and abandoning module XMPP (43)
[2020.03.22-14.56.50:468][315]LogModuleManager: Shutting down and abandoning module HTTP (41)
[2020.03.22-14.56.50:468][315]LogHttp: Display: Http module shutting down, but needs to wait on 1 outstanding Http requests:
[2020.03.22-14.56.50:468][315]LogHttp: Display: 	verb=[POST] url=[https://datarouter.ol.epicgames.com/datarouter/api/v1/public/data?SessionID=%7BCCD1C9B1-4A54-E126-695B-D191C258CF08%7D&AppID=UEEditor.Rocket.Release&AppVersion=4.17.2-3658906%2B%2B%2BUE4%2BRelease-4.17&UserID=d358db32448e9a6cdf20219842276dfb%7Cf87993cff02e45dc9efc6de6ff575145%7Cb9ae6025-f920-4ef4-9b6e-76186eca5171&AppEnvironment=datacollector-binary&UploadType=eteventstream] status=Processing
[2020.03.22-14.56.50:498][315]LogModuleManager: Shutting down and abandoning module SSL (40)
[2020.03.22-14.56.50:499][315]LogModuleManager: Shutting down and abandoning module AnimationModifiers (36)
[2020.03.22-14.56.50:499][315]LogModuleManager: Shutting down and abandoning module PropertyEditor (35)
[2020.03.22-14.56.50:499][315]LogModuleManager: Shutting down and abandoning module AudioEditor (32)
[2020.03.22-14.56.50:499][315]LogModuleManager: Shutting down and abandoning module TextureCompressor (30)
[2020.03.22-14.56.50:499][315]LogModuleManager: Shutting down and abandoning module ShaderCore (28)
[2020.03.22-14.56.50:499][315]LogModuleManager: Shutting down and abandoning module Landscape (26)
[2020.03.22-14.56.50:499][315]LogModuleManager: Shutting down and abandoning module SlateRHIRenderer (24)
[2020.03.22-14.56.50:500][315]LogModuleManager: Shutting down and abandoning module OpenGLDrv (22)
[2020.03.22-14.56.50:500][315]LogModuleManager: Shutting down and abandoning module D3D11RHI (20)
[2020.03.22-14.56.50:500][315]LogModuleManager: Shutting down and abandoning module AnimGraphRuntime (18)
[2020.03.22-14.56.50:500][315]LogModuleManager: Shutting down and abandoning module Renderer (16)
[2020.03.22-14.56.50:500][315]LogModuleManager: Shutting down and abandoning module Engine (14)
[2020.03.22-14.56.50:500][315]LogModuleManager: Shutting down and abandoning module CoreUObject (12)
[2020.03.22-14.56.50:500][315]LogModuleManager: Shutting down and abandoning module NetworkFile (10)
[2020.03.22-14.56.50:500][315]LogModuleManager: Shutting down and abandoning module CookedIterativeFile (8)
[2020.03.22-14.56.50:500][315]LogModuleManager: Shutting down and abandoning module StreamingFile (6)
[2020.03.22-14.56.50:500][315]LogModuleManager: Shutting down and abandoning module SandboxFile (4)
[2020.03.22-14.56.50:500][315]LogModuleManager: Shutting down and abandoning module PakFile (2)
[2020.03.22-14.56.50:503][315]LogExit: Exiting.
[2020.03.22-14.56.50:510][315]Log file closed, 03/22/20 22:56:50
